mode: atomic
github.com/mrz1836/go-pre-commit/cmd/go-pre-commit/cmd/install.go:23.60,42.55 1 15
github.com/mrz1836/go-pre-commit/cmd/go-pre-commit/cmd/install.go:42.55,48.18 4 1
github.com/mrz1836/go-pre-commit/cmd/go-pre-commit/cmd/install.go:48.18,50.5 1 0
github.com/mrz1836/go-pre-commit/cmd/go-pre-commit/cmd/install.go:52.4,53.18 2 1
github.com/mrz1836/go-pre-commit/cmd/go-pre-commit/cmd/install.go:53.18,55.5 1 0
github.com/mrz1836/go-pre-commit/cmd/go-pre-commit/cmd/install.go:57.4,57.53 1 1
github.com/mrz1836/go-pre-commit/cmd/go-pre-commit/cmd/install.go:62.2,65.12 3 15
github.com/mrz1836/go-pre-commit/cmd/go-pre-commit/cmd/install.go:68.113,71.16 2 15
github.com/mrz1836/go-pre-commit/cmd/go-pre-commit/cmd/install.go:71.16,73.3 1 1
github.com/mrz1836/go-pre-commit/cmd/go-pre-commit/cmd/install.go:76.2,76.18 1 14
github.com/mrz1836/go-pre-commit/cmd/go-pre-commit/cmd/install.go:76.18,80.3 3 1
github.com/mrz1836/go-pre-commit/cmd/go-pre-commit/cmd/install.go:83.2,84.16 2 13
github.com/mrz1836/go-pre-commit/cmd/go-pre-commit/cmd/install.go:84.16,86.3 1 1
github.com/mrz1836/go-pre-commit/cmd/go-pre-commit/cmd/install.go:88.2,88.27 1 12
github.com/mrz1836/go-pre-commit/cmd/go-pre-commit/cmd/install.go:88.27,90.3 1 1
github.com/mrz1836/go-pre-commit/cmd/go-pre-commit/cmd/install.go:93.2,97.51 3 12
github.com/mrz1836/go-pre-commit/cmd/go-pre-commit/cmd/install.go:97.51,98.28 1 13
github.com/mrz1836/go-pre-commit/cmd/go-pre-commit/cmd/install.go:98.28,100.4 1 1
github.com/mrz1836/go-pre-commit/cmd/go-pre-commit/cmd/install.go:102.3,103.17 2 13
github.com/mrz1836/go-pre-commit/cmd/go-pre-commit/cmd/install.go:103.17,107.59 1 1
github.com/mrz1836/go-pre-commit/cmd/go-pre-commit/cmd/install.go:107.59,109.13 2 1
github.com/mrz1836/go-pre-commit/cmd/go-pre-commit/cmd/install.go:111.4,111.69 1 0
github.com/mrz1836/go-pre-commit/cmd/go-pre-commit/cmd/install.go:114.3,114.42 1 12
github.com/mrz1836/go-pre-commit/cmd/go-pre-commit/cmd/install.go:118.2,118.24 1 12
github.com/mrz1836/go-pre-commit/cmd/go-pre-commit/cmd/install.go:118.24,122.3 3 11
github.com/mrz1836/go-pre-commit/cmd/go-pre-commit/cmd/install.go:122.8,124.3 1 1
github.com/mrz1836/go-pre-commit/cmd/go-pre-commit/cmd/install.go:126.2,126.12 1 12
github.com/mrz1836/go-pre-commit/cmd/go-pre-commit/cmd/plugin.go:40.59,58.2 7 45
github.com/mrz1836/go-pre-commit/cmd/go-pre-commit/cmd/plugin.go:61.63,71.52 1 45
github.com/mrz1836/go-pre-commit/cmd/go-pre-commit/cmd/plugin.go:71.52,76.18 3 8
github.com/mrz1836/go-pre-commit/cmd/go-pre-commit/cmd/plugin.go:76.18,78.5 1 1
github.com/mrz1836/go-pre-commit/cmd/go-pre-commit/cmd/plugin.go:81.4,81.28 1 7
github.com/mrz1836/go-pre-commit/cmd/go-pre-commit/cmd/plugin.go:81.28,84.5 2 1
github.com/mrz1836/go-pre-commit/cmd/go-pre-commit/cmd/plugin.go:87.4,88.23 2 6
github.com/mrz1836/go-pre-commit/cmd/go-pre-commit/cmd/plugin.go:88.23,90.5 1 0
github.com/mrz1836/go-pre-commit/cmd/go-pre-commit/cmd/plugin.go:92.4,93.49 2 6
github.com/mrz1836/go-pre-commit/cmd/go-pre-commit/cmd/plugin.go:93.49,95.5 1 1
github.com/mrz1836/go-pre-commit/cmd/go-pre-commit/cmd/plugin.go:97.4,98.28 2 5
github.com/mrz1836/go-pre-commit/cmd/go-pre-commit/cmd/plugin.go:98.28,101.5 2 2
github.com/mrz1836/go-pre-commit/cmd/go-pre-commit/cmd/plugin.go:104.4,104.15 1 3
github.com/mrz1836/go-pre-commit/cmd/go-pre-commit/cmd/plugin.go:104.15,106.39 1 1
github.com/mrz1836/go-pre-commit/cmd/go-pre-commit/cmd/plugin.go:106.39,107.15 1 1
github.com/mrz1836/go-pre-commit/cmd/go-pre-commit/cmd/plugin.go:107.15,109.7 1 0
github.com/mrz1836/go-pre-commit/cmd/go-pre-commit/cmd/plugin.go:110.6,110.34 1 1
github.com/mrz1836/go-pre-commit/cmd/go-pre-commit/cmd/plugin.go:112.10,118.39 4 2
github.com/mrz1836/go-pre-commit/cmd/go-pre-commit/cmd/plugin.go:118.39,125.6 2 3
github.com/mrz1836/go-pre-commit/cmd/go-pre-commit/cmd/plugin.go:126.5,126.18 1 2
github.com/mrz1836/go-pre-commit/cmd/go-pre-commit/cmd/plugin.go:129.4,129.14 1 3
github.com/mrz1836/go-pre-commit/cmd/go-pre-commit/cmd/plugin.go:135.67,145.53 1 45
github.com/mrz1836/go-pre-commit/cmd/go-pre-commit/cmd/plugin.go:145.53,147.21 2 7
github.com/mrz1836/go-pre-commit/cmd/go-pre-commit/cmd/plugin.go:147.21,149.5 1 6
github.com/mrz1836/go-pre-commit/cmd/go-pre-commit/cmd/plugin.go:152.4,153.18 2 7
github.com/mrz1836/go-pre-commit/cmd/go-pre-commit/cmd/plugin.go:153.18,155.5 1 2
github.com/mrz1836/go-pre-commit/cmd/go-pre-commit/cmd/plugin.go:158.4,159.23 2 5
github.com/mrz1836/go-pre-commit/cmd/go-pre-commit/cmd/plugin.go:159.23,161.32 2 3
github.com/mrz1836/go-pre-commit/cmd/go-pre-commit/cmd/plugin.go:161.32,163.6 1 6
github.com/mrz1836/go-pre-commit/cmd/go-pre-commit/cmd/plugin.go:164.5,164.75 1 3
github.com/mrz1836/go-pre-commit/cmd/go-pre-commit/cmd/plugin.go:167.4,171.14 4 2
github.com/mrz1836/go-pre-commit/cmd/go-pre-commit/cmd/plugin.go:177.62,192.53 1 45
github.com/mrz1836/go-pre-commit/cmd/go-pre-commit/cmd/plugin.go:192.53,193.22 1 8
github.com/mrz1836/go-pre-commit/cmd/go-pre-commit/cmd/plugin.go:193.22,195.5 1 1
github.com/mrz1836/go-pre-commit/cmd/go-pre-commit/cmd/plugin.go:197.4,201.18 3 7
github.com/mrz1836/go-pre-commit/cmd/go-pre-commit/cmd/plugin.go:201.18,203.5 1 1
github.com/mrz1836/go-pre-commit/cmd/go-pre-commit/cmd/plugin.go:205.4,206.23 2 6
github.com/mrz1836/go-pre-commit/cmd/go-pre-commit/cmd/plugin.go:206.23,208.5 1 0
github.com/mrz1836/go-pre-commit/cmd/go-pre-commit/cmd/plugin.go:211.4,211.60 1 6
github.com/mrz1836/go-pre-commit/cmd/go-pre-commit/cmd/plugin.go:211.60,213.5 1 1
github.com/mrz1836/go-pre-commit/cmd/go-pre-commit/cmd/plugin.go:216.4,216.28 1 5
github.com/mrz1836/go-pre-commit/cmd/go-pre-commit/cmd/plugin.go:216.28,218.5 1 1
github.com/mrz1836/go-pre-commit/cmd/go-pre-commit/cmd/plugin.go:221.4,222.18 2 4
github.com/mrz1836/go-pre-commit/cmd/go-pre-commit/cmd/plugin.go:222.18,224.5 1 1
github.com/mrz1836/go-pre-commit/cmd/go-pre-commit/cmd/plugin.go:227.4,228.33 2 3
github.com/mrz1836/go-pre-commit/cmd/go-pre-commit/cmd/plugin.go:228.33,230.42 2 1
github.com/mrz1836/go-pre-commit/cmd/go-pre-commit/cmd/plugin.go:230.42,232.6 1 3
github.com/mrz1836/go-pre-commit/cmd/go-pre-commit/cmd/plugin.go:233.5,233.28 1 1
github.com/mrz1836/go-pre-commit/cmd/go-pre-commit/cmd/plugin.go:237.4,238.48 2 2
github.com/mrz1836/go-pre-commit/cmd/go-pre-commit/cmd/plugin.go:238.48,240.5 1 1
github.com/mrz1836/go-pre-commit/cmd/go-pre-commit/cmd/plugin.go:242.4,245.53 2 1
github.com/mrz1836/go-pre-commit/cmd/go-pre-commit/cmd/plugin.go:245.53,247.5 1 0
github.com/mrz1836/go-pre-commit/cmd/go-pre-commit/cmd/plugin.go:249.4,252.14 3 1
github.com/mrz1836/go-pre-commit/cmd/go-pre-commit/cmd/plugin.go:258.65,268.55 1 45
github.com/mrz1836/go-pre-commit/cmd/go-pre-commit/cmd/plugin.go:268.55,269.22 1 8
github.com/mrz1836/go-pre-commit/cmd/go-pre-commit/cmd/plugin.go:269.22,271.5 1 1
github.com/mrz1836/go-pre-commit/cmd/go-pre-commit/cmd/plugin.go:273.4,277.18 3 7
github.com/mrz1836/go-pre-commit/cmd/go-pre-commit/cmd/plugin.go:277.18,279.5 1 1
github.com/mrz1836/go-pre-commit/cmd/go-pre-commit/cmd/plugin.go:281.4,282.23 2 6
github.com/mrz1836/go-pre-commit/cmd/go-pre-commit/cmd/plugin.go:282.23,284.5 1 0
github.com/mrz1836/go-pre-commit/cmd/go-pre-commit/cmd/plugin.go:286.4,287.56 2 6
github.com/mrz1836/go-pre-commit/cmd/go-pre-commit/cmd/plugin.go:287.56,289.5 1 1
github.com/mrz1836/go-pre-commit/cmd/go-pre-commit/cmd/plugin.go:292.4,293.14 2 5
github.com/mrz1836/go-pre-commit/cmd/go-pre-commit/cmd/plugin.go:293.14,297.43 4 3
github.com/mrz1836/go-pre-commit/cmd/go-pre-commit/cmd/plugin.go:297.43,300.6 2 2
github.com/mrz1836/go-pre-commit/cmd/go-pre-commit/cmd/plugin.go:304.4,304.50 1 3
github.com/mrz1836/go-pre-commit/cmd/go-pre-commit/cmd/plugin.go:304.50,306.5 1 0
github.com/mrz1836/go-pre-commit/cmd/go-pre-commit/cmd/plugin.go:308.4,309.14 2 3
github.com/mrz1836/go-pre-commit/cmd/go-pre-commit/cmd/plugin.go:313.2,314.12 2 45
github.com/mrz1836/go-pre-commit/cmd/go-pre-commit/cmd/plugin.go:318.63,325.53 1 45
github.com/mrz1836/go-pre-commit/cmd/go-pre-commit/cmd/plugin.go:325.53,326.22 1 4
github.com/mrz1836/go-pre-commit/cmd/go-pre-commit/cmd/plugin.go:326.22,328.5 1 1
github.com/mrz1836/go-pre-commit/cmd/go-pre-commit/cmd/plugin.go:330.4,334.18 3 3
github.com/mrz1836/go-pre-commit/cmd/go-pre-commit/cmd/plugin.go:334.18,336.5 1 1
github.com/mrz1836/go-pre-commit/cmd/go-pre-commit/cmd/plugin.go:339.4,340.23 2 2
github.com/mrz1836/go-pre-commit/cmd/go-pre-commit/cmd/plugin.go:340.23,342.5 1 0
github.com/mrz1836/go-pre-commit/cmd/go-pre-commit/cmd/plugin.go:344.4,345.49 2 2
github.com/mrz1836/go-pre-commit/cmd/go-pre-commit/cmd/plugin.go:345.49,347.5 1 0
github.com/mrz1836/go-pre-commit/cmd/go-pre-commit/cmd/plugin.go:349.4,350.14 2 2
github.com/mrz1836/go-pre-commit/cmd/go-pre-commit/cmd/plugin.go:350.14,352.5 1 1
github.com/mrz1836/go-pre-commit/cmd/go-pre-commit/cmd/plugin.go:354.4,355.14 2 1
github.com/mrz1836/go-pre-commit/cmd/go-pre-commit/cmd/plugin.go:362.71,366.52 2 21
github.com/mrz1836/go-pre-commit/cmd/go-pre-commit/cmd/plugin.go:366.52,368.57 2 13
github.com/mrz1836/go-pre-commit/cmd/go-pre-commit/cmd/plugin.go:368.57,370.4 1 2
github.com/mrz1836/go-pre-commit/cmd/go-pre-commit/cmd/plugin.go:371.3,371.24 1 11
github.com/mrz1836/go-pre-commit/cmd/go-pre-commit/cmd/plugin.go:375.2,377.51 2 8
github.com/mrz1836/go-pre-commit/cmd/go-pre-commit/cmd/plugin.go:377.51,379.57 2 1
github.com/mrz1836/go-pre-commit/cmd/go-pre-commit/cmd/plugin.go:379.57,381.4 1 0
github.com/mrz1836/go-pre-commit/cmd/go-pre-commit/cmd/plugin.go:382.3,382.24 1 1
github.com/mrz1836/go-pre-commit/cmd/go-pre-commit/cmd/plugin.go:386.2,388.52 2 7
github.com/mrz1836/go-pre-commit/cmd/go-pre-commit/cmd/plugin.go:388.52,390.57 2 3
github.com/mrz1836/go-pre-commit/cmd/go-pre-commit/cmd/plugin.go:390.57,392.4 1 1
github.com/mrz1836/go-pre-commit/cmd/go-pre-commit/cmd/plugin.go:393.3,393.24 1 2
github.com/mrz1836/go-pre-commit/cmd/go-pre-commit/cmd/plugin.go:396.2,396.110 1 4
github.com/mrz1836/go-pre-commit/cmd/go-pre-commit/cmd/plugin.go:399.36,401.16 2 8
github.com/mrz1836/go-pre-commit/cmd/go-pre-commit/cmd/plugin.go:401.16,403.3 1 1
github.com/mrz1836/go-pre-commit/cmd/go-pre-commit/cmd/plugin.go:404.2,404.21 1 7
github.com/mrz1836/go-pre-commit/cmd/go-pre-commit/cmd/plugin.go:407.37,409.48 1 5
github.com/mrz1836/go-pre-commit/cmd/go-pre-commit/cmd/plugin.go:409.48,411.3 1 1
github.com/mrz1836/go-pre-commit/cmd/go-pre-commit/cmd/plugin.go:414.2,415.16 2 4
github.com/mrz1836/go-pre-commit/cmd/go-pre-commit/cmd/plugin.go:415.16,417.3 1 1
github.com/mrz1836/go-pre-commit/cmd/go-pre-commit/cmd/plugin.go:419.2,419.32 1 3
github.com/mrz1836/go-pre-commit/cmd/go-pre-commit/cmd/plugin.go:419.32,423.20 3 4
github.com/mrz1836/go-pre-commit/cmd/go-pre-commit/cmd/plugin.go:423.20,425.52 1 1
github.com/mrz1836/go-pre-commit/cmd/go-pre-commit/cmd/plugin.go:425.52,427.5 1 0
github.com/mrz1836/go-pre-commit/cmd/go-pre-commit/cmd/plugin.go:428.9,430.53 1 3
github.com/mrz1836/go-pre-commit/cmd/go-pre-commit/cmd/plugin.go:430.53,432.5 1 0
github.com/mrz1836/go-pre-commit/cmd/go-pre-commit/cmd/plugin.go:436.2,436.12 1 3
github.com/mrz1836/go-pre-commit/cmd/go-pre-commit/cmd/plugin.go:439.38,442.16 2 5
github.com/mrz1836/go-pre-commit/cmd/go-pre-commit/cmd/plugin.go:442.16,444.3 1 1
github.com/mrz1836/go-pre-commit/cmd/go-pre-commit/cmd/plugin.go:447.2,448.16 2 4
github.com/mrz1836/go-pre-commit/cmd/go-pre-commit/cmd/plugin.go:448.16,450.3 1 0
github.com/mrz1836/go-pre-commit/cmd/go-pre-commit/cmd/plugin.go:452.2,452.45 1 4
github.com/mrz1836/go-pre-commit/cmd/go-pre-commit/cmd/plugin.go:455.51,460.27 4 3
github.com/mrz1836/go-pre-commit/cmd/go-pre-commit/cmd/plugin.go:460.27,462.3 1 3
github.com/mrz1836/go-pre-commit/cmd/go-pre-commit/cmd/plugin.go:463.2,466.36 3 3
github.com/mrz1836/go-pre-commit/cmd/go-pre-commit/cmd/plugin.go:466.36,468.3 1 3
github.com/mrz1836/go-pre-commit/cmd/go-pre-commit/cmd/plugin.go:470.2,473.36 3 3
github.com/mrz1836/go-pre-commit/cmd/go-pre-commit/cmd/plugin.go:473.36,475.3 1 3
github.com/mrz1836/go-pre-commit/cmd/go-pre-commit/cmd/root.go:33.59,40.2 1 157
github.com/mrz1836/go-pre-commit/cmd/go-pre-commit/cmd/root.go:43.73,45.2 1 6
github.com/mrz1836/go-pre-commit/cmd/go-pre-commit/cmd/root.go:62.53,68.2 1 153
github.com/mrz1836/go-pre-commit/cmd/go-pre-commit/cmd/root.go:71.57,87.58 1 36
github.com/mrz1836/go-pre-commit/cmd/go-pre-commit/cmd/root.go:87.58,93.4 4 20
github.com/mrz1836/go-pre-commit/cmd/go-pre-commit/cmd/root.go:97.2,108.70 6 36
github.com/mrz1836/go-pre-commit/cmd/go-pre-commit/cmd/root.go:108.70,111.30 1 13
github.com/mrz1836/go-pre-commit/cmd/go-pre-commit/cmd/root.go:111.30,113.4 1 1
github.com/mrz1836/go-pre-commit/cmd/go-pre-commit/cmd/root.go:116.3,116.31 1 12
github.com/mrz1836/go-pre-commit/cmd/go-pre-commit/cmd/root.go:116.31,118.4 1 9
github.com/mrz1836/go-pre-commit/cmd/go-pre-commit/cmd/root.go:123.3,123.10 1 3
github.com/mrz1836/go-pre-commit/cmd/go-pre-commit/cmd/root.go:124.38,126.21 1 2
github.com/mrz1836/go-pre-commit/cmd/go-pre-commit/cmd/root.go:126.21,128.5 1 1
github.com/mrz1836/go-pre-commit/cmd/go-pre-commit/cmd/root.go:129.45,129.45 0 1
github.com/mrz1836/go-pre-commit/cmd/go-pre-commit/cmd/root.go:134.3,134.13 1 3
github.com/mrz1836/go-pre-commit/cmd/go-pre-commit/cmd/root.go:137.2,137.12 1 35
github.com/mrz1836/go-pre-commit/cmd/go-pre-commit/cmd/root.go:141.43,153.2 8 5
github.com/mrz1836/go-pre-commit/cmd/go-pre-commit/cmd/root.go:156.22,161.2 3 3
github.com/mrz1836/go-pre-commit/cmd/go-pre-commit/cmd/root.go:164.38,168.2 0 4
github.com/mrz1836/go-pre-commit/cmd/go-pre-commit/cmd/root.go:171.22,174.2 0 3
github.com/mrz1836/go-pre-commit/cmd/go-pre-commit/cmd/root.go:177.40,182.27 1 29
github.com/mrz1836/go-pre-commit/cmd/go-pre-commit/cmd/root.go:182.27,184.3 1 9
github.com/mrz1836/go-pre-commit/cmd/go-pre-commit/cmd/root.go:184.8,187.34 1 20
github.com/mrz1836/go-pre-commit/cmd/go-pre-commit/cmd/root.go:188.23,189.24 1 4
github.com/mrz1836/go-pre-commit/cmd/go-pre-commit/cmd/root.go:190.24,191.25 1 4
github.com/mrz1836/go-pre-commit/cmd/go-pre-commit/cmd/root.go:192.22,194.35 1 9
github.com/mrz1836/go-pre-commit/cmd/go-pre-commit/cmd/root.go:194.35,196.5 1 2
github.com/mrz1836/go-pre-commit/cmd/go-pre-commit/cmd/root.go:196.10,198.5 1 7
github.com/mrz1836/go-pre-commit/cmd/go-pre-commit/cmd/root.go:199.11,201.35 1 3
github.com/mrz1836/go-pre-commit/cmd/go-pre-commit/cmd/root.go:201.35,203.5 1 0
github.com/mrz1836/go-pre-commit/cmd/go-pre-commit/cmd/root.go:203.10,205.5 1 3
github.com/mrz1836/go-pre-commit/cmd/go-pre-commit/cmd/root.go:211.2,211.27 1 29
github.com/mrz1836/go-pre-commit/cmd/go-pre-commit/cmd/root.go:211.27,214.31 2 3
github.com/mrz1836/go-pre-commit/cmd/go-pre-commit/cmd/root.go:214.31,215.28 1 9
github.com/mrz1836/go-pre-commit/cmd/go-pre-commit/cmd/root.go:215.28,217.10 2 2
github.com/mrz1836/go-pre-commit/cmd/go-pre-commit/cmd/root.go:219.4,219.27 1 7
github.com/mrz1836/go-pre-commit/cmd/go-pre-commit/cmd/root.go:226.39,228.92 1 38
github.com/mrz1836/go-pre-commit/cmd/go-pre-commit/cmd/root.go:228.92,230.3 1 23
github.com/mrz1836/go-pre-commit/cmd/go-pre-commit/cmd/root.go:232.2,232.79 1 15
github.com/mrz1836/go-pre-commit/cmd/go-pre-commit/cmd/root.go:232.79,234.3 1 5
github.com/mrz1836/go-pre-commit/cmd/go-pre-commit/cmd/root.go:235.2,235.14 1 10
github.com/mrz1836/go-pre-commit/cmd/go-pre-commit/cmd/root.go:240.47,241.20 1 31
github.com/mrz1836/go-pre-commit/cmd/go-pre-commit/cmd/root.go:241.20,243.3 1 1
github.com/mrz1836/go-pre-commit/cmd/go-pre-commit/cmd/root.go:243.8,245.3 1 30
github.com/mrz1836/go-pre-commit/cmd/go-pre-commit/cmd/root.go:248.45,249.20 1 6
github.com/mrz1836/go-pre-commit/cmd/go-pre-commit/cmd/root.go:249.20,251.3 1 1
github.com/mrz1836/go-pre-commit/cmd/go-pre-commit/cmd/root.go:251.8,253.3 1 5
github.com/mrz1836/go-pre-commit/cmd/go-pre-commit/cmd/root.go:256.44,257.20 1 84
github.com/mrz1836/go-pre-commit/cmd/go-pre-commit/cmd/root.go:257.20,259.3 1 1
github.com/mrz1836/go-pre-commit/cmd/go-pre-commit/cmd/root.go:259.8,261.3 1 83
github.com/mrz1836/go-pre-commit/cmd/go-pre-commit/cmd/root.go:264.47,265.20 1 18
github.com/mrz1836/go-pre-commit/cmd/go-pre-commit/cmd/root.go:265.20,267.3 1 1
github.com/mrz1836/go-pre-commit/cmd/go-pre-commit/cmd/root.go:267.8,269.3 1 17
github.com/mrz1836/go-pre-commit/cmd/go-pre-commit/cmd/run.go:35.56,68.55 1 22
github.com/mrz1836/go-pre-commit/cmd/go-pre-commit/cmd/run.go:68.55,74.18 4 12
github.com/mrz1836/go-pre-commit/cmd/go-pre-commit/cmd/run.go:74.18,76.5 1 0
github.com/mrz1836/go-pre-commit/cmd/go-pre-commit/cmd/run.go:78.4,79.18 2 12
github.com/mrz1836/go-pre-commit/cmd/go-pre-commit/cmd/run.go:79.18,81.5 1 0
github.com/mrz1836/go-pre-commit/cmd/go-pre-commit/cmd/run.go:83.4,84.18 2 12
github.com/mrz1836/go-pre-commit/cmd/go-pre-commit/cmd/run.go:84.18,86.5 1 0
github.com/mrz1836/go-pre-commit/cmd/go-pre-commit/cmd/run.go:88.4,89.18 2 12
github.com/mrz1836/go-pre-commit/cmd/go-pre-commit/cmd/run.go:89.18,91.5 1 0
github.com/mrz1836/go-pre-commit/cmd/go-pre-commit/cmd/run.go:93.4,94.18 2 12
github.com/mrz1836/go-pre-commit/cmd/go-pre-commit/cmd/run.go:94.18,96.5 1 0
github.com/mrz1836/go-pre-commit/cmd/go-pre-commit/cmd/run.go:98.4,99.18 2 12
github.com/mrz1836/go-pre-commit/cmd/go-pre-commit/cmd/run.go:99.18,101.5 1 0
github.com/mrz1836/go-pre-commit/cmd/go-pre-commit/cmd/run.go:103.4,104.18 2 12
github.com/mrz1836/go-pre-commit/cmd/go-pre-commit/cmd/run.go:104.18,106.5 1 0
github.com/mrz1836/go-pre-commit/cmd/go-pre-commit/cmd/run.go:108.4,109.18 2 12
github.com/mrz1836/go-pre-commit/cmd/go-pre-commit/cmd/run.go:109.18,111.5 1 0
github.com/mrz1836/go-pre-commit/cmd/go-pre-commit/cmd/run.go:113.4,114.18 2 12
github.com/mrz1836/go-pre-commit/cmd/go-pre-commit/cmd/run.go:114.18,116.5 1 0
github.com/mrz1836/go-pre-commit/cmd/go-pre-commit/cmd/run.go:118.4,119.18 2 12
github.com/mrz1836/go-pre-commit/cmd/go-pre-commit/cmd/run.go:119.18,121.5 1 0
github.com/mrz1836/go-pre-commit/cmd/go-pre-commit/cmd/run.go:123.4,124.18 2 12
github.com/mrz1836/go-pre-commit/cmd/go-pre-commit/cmd/run.go:124.18,126.5 1 0
github.com/mrz1836/go-pre-commit/cmd/go-pre-commit/cmd/run.go:128.4,128.52 1 12
github.com/mrz1836/go-pre-commit/cmd/go-pre-commit/cmd/run.go:133.2,145.12 12 22
github.com/mrz1836/go-pre-commit/cmd/go-pre-commit/cmd/run.go:148.107,151.16 2 20
github.com/mrz1836/go-pre-commit/cmd/go-pre-commit/cmd/run.go:151.16,156.3 3 1
github.com/mrz1836/go-pre-commit/cmd/go-pre-commit/cmd/run.go:159.2,162.18 2 19
github.com/mrz1836/go-pre-commit/cmd/go-pre-commit/cmd/run.go:162.18,165.3 2 0
github.com/mrz1836/go-pre-commit/cmd/go-pre-commit/cmd/run.go:168.2,169.16 2 19
github.com/mrz1836/go-pre-commit/cmd/go-pre-commit/cmd/run.go:169.16,172.3 2 1
github.com/mrz1836/go-pre-commit/cmd/go-pre-commit/cmd/run.go:175.2,175.27 1 18
github.com/mrz1836/go-pre-commit/cmd/go-pre-commit/cmd/run.go:175.27,177.3 1 1
github.com/mrz1836/go-pre-commit/cmd/go-pre-commit/cmd/run.go:180.2,181.16 2 17
github.com/mrz1836/go-pre-commit/cmd/go-pre-commit/cmd/run.go:181.16,183.3 1 7
github.com/mrz1836/go-pre-commit/cmd/go-pre-commit/cmd/run.go:185.2,185.28 1 10
github.com/mrz1836/go-pre-commit/cmd/go-pre-commit/cmd/run.go:185.28,188.3 2 8
github.com/mrz1836/go-pre-commit/cmd/go-pre-commit/cmd/run.go:191.2,195.47 3 2
github.com/mrz1836/go-pre-commit/cmd/go-pre-commit/cmd/run.go:195.47,197.24 2 0
github.com/mrz1836/go-pre-commit/cmd/go-pre-commit/cmd/run.go:197.24,199.4 1 0
github.com/mrz1836/go-pre-commit/cmd/go-pre-commit/cmd/run.go:200.3,200.36 1 0
github.com/mrz1836/go-pre-commit/cmd/go-pre-commit/cmd/run.go:200.36,202.4 1 0
github.com/mrz1836/go-pre-commit/cmd/go-pre-commit/cmd/run.go:206.2,207.16 2 2
github.com/mrz1836/go-pre-commit/cmd/go-pre-commit/cmd/run.go:207.16,210.3 2 0
github.com/mrz1836/go-pre-commit/cmd/go-pre-commit/cmd/run.go:213.2,216.24 2 2
github.com/mrz1836/go-pre-commit/cmd/go-pre-commit/cmd/run.go:216.24,218.3 1 0
github.com/mrz1836/go-pre-commit/cmd/go-pre-commit/cmd/run.go:220.2,220.24 1 2
github.com/mrz1836/go-pre-commit/cmd/go-pre-commit/cmd/run.go:220.24,223.3 1 2
github.com/mrz1836/go-pre-commit/cmd/go-pre-commit/cmd/run.go:225.2,225.12 1 2
github.com/mrz1836/go-pre-commit/cmd/go-pre-commit/cmd/run.go:230.78,231.27 1 19
github.com/mrz1836/go-pre-commit/cmd/go-pre-commit/cmd/run.go:231.27,234.3 1 3
github.com/mrz1836/go-pre-commit/cmd/go-pre-commit/cmd/run.go:237.2,237.33 1 16
github.com/mrz1836/go-pre-commit/cmd/go-pre-commit/cmd/run.go:238.23,239.53 1 2
github.com/mrz1836/go-pre-commit/cmd/go-pre-commit/cmd/run.go:240.22,241.52 1 2
github.com/mrz1836/go-pre-commit/cmd/go-pre-commit/cmd/run.go:242.21,243.51 1 4
github.com/mrz1836/go-pre-commit/cmd/go-pre-commit/cmd/run.go:244.10,246.26 1 8
github.com/mrz1836/go-pre-commit/cmd/go-pre-commit/cmd/run.go:246.26,248.4 1 8
github.com/mrz1836/go-pre-commit/cmd/go-pre-commit/cmd/run.go:249.3,249.51 1 0
github.com/mrz1836/go-pre-commit/cmd/go-pre-commit/cmd/run.go:255.110,256.9 1 17
github.com/mrz1836/go-pre-commit/cmd/go-pre-commit/cmd/run.go:257.32,259.30 1 2
github.com/mrz1836/go-pre-commit/cmd/go-pre-commit/cmd/run.go:260.26,263.17 2 5
github.com/mrz1836/go-pre-commit/cmd/go-pre-commit/cmd/run.go:263.17,266.4 2 5
github.com/mrz1836/go-pre-commit/cmd/go-pre-commit/cmd/run.go:267.3,267.20 1 0
github.com/mrz1836/go-pre-commit/cmd/go-pre-commit/cmd/run.go:268.10,271.17 2 10
github.com/mrz1836/go-pre-commit/cmd/go-pre-commit/cmd/run.go:271.17,274.4 2 2
github.com/mrz1836/go-pre-commit/cmd/go-pre-commit/cmd/run.go:275.3,275.20 1 8
github.com/mrz1836/go-pre-commit/cmd/go-pre-commit/cmd/run.go:281.119,291.48 2 9
github.com/mrz1836/go-pre-commit/cmd/go-pre-commit/cmd/run.go:291.48,292.82 1 1
github.com/mrz1836/go-pre-commit/cmd/go-pre-commit/cmd/run.go:292.82,294.18 2 5
github.com/mrz1836/go-pre-commit/cmd/go-pre-commit/cmd/run.go:295.19,296.57 1 1
github.com/mrz1836/go-pre-commit/cmd/go-pre-commit/cmd/run.go:297.18,298.70 1 1
github.com/mrz1836/go-pre-commit/cmd/go-pre-commit/cmd/run.go:299.18,300.68 1 1
github.com/mrz1836/go-pre-commit/cmd/go-pre-commit/cmd/run.go:301.19,302.71 1 1
github.com/mrz1836/go-pre-commit/cmd/go-pre-commit/cmd/run.go:308.2,308.9 1 9
github.com/mrz1836/go-pre-commit/cmd/go-pre-commit/cmd/run.go:309.21,311.38 1 3
github.com/mrz1836/go-pre-commit/cmd/go-pre-commit/cmd/run.go:312.37,314.41 1 1
github.com/mrz1836/go-pre-commit/cmd/go-pre-commit/cmd/run.go:315.37,317.41 1 1
github.com/mrz1836/go-pre-commit/cmd/go-pre-commit/cmd/run.go:320.2,320.13 1 9
github.com/mrz1836/go-pre-commit/cmd/go-pre-commit/cmd/run.go:324.51,331.29 4 14
github.com/mrz1836/go-pre-commit/cmd/go-pre-commit/cmd/run.go:331.29,333.17 2 82
github.com/mrz1836/go-pre-commit/cmd/go-pre-commit/cmd/run.go:333.17,334.12 1 1
github.com/mrz1836/go-pre-commit/cmd/go-pre-commit/cmd/run.go:338.3,338.27 1 81
github.com/mrz1836/go-pre-commit/cmd/go-pre-commit/cmd/run.go:338.27,339.12 1 12
github.com/mrz1836/go-pre-commit/cmd/go-pre-commit/cmd/run.go:342.3,342.41 1 69
github.com/mrz1836/go-pre-commit/cmd/go-pre-commit/cmd/run.go:342.41,347.29 2 50
github.com/mrz1836/go-pre-commit/cmd/go-pre-commit/cmd/run.go:347.29,348.10 1 1
github.com/mrz1836/go-pre-commit/cmd/go-pre-commit/cmd/run.go:353.2,353.19 1 14
github.com/mrz1836/go-pre-commit/cmd/go-pre-commit/cmd/run.go:358.39,363.2 1 87
github.com/mrz1836/go-pre-commit/cmd/go-pre-commit/cmd/run.go:367.68,368.9 1 69
github.com/mrz1836/go-pre-commit/cmd/go-pre-commit/cmd/run.go:370.38,371.14 1 14
github.com/mrz1836/go-pre-commit/cmd/go-pre-commit/cmd/run.go:374.51,375.14 1 8
github.com/mrz1836/go-pre-commit/cmd/go-pre-commit/cmd/run.go:381.33,382.14 1 3
github.com/mrz1836/go-pre-commit/cmd/go-pre-commit/cmd/run.go:384.78,385.14 1 0
github.com/mrz1836/go-pre-commit/cmd/go-pre-commit/cmd/run.go:387.118,388.14 1 2
github.com/mrz1836/go-pre-commit/cmd/go-pre-commit/cmd/run.go:395.67,396.14 1 23
github.com/mrz1836/go-pre-commit/cmd/go-pre-commit/cmd/run.go:397.10,398.15 1 19
github.com/mrz1836/go-pre-commit/cmd/go-pre-commit/cmd/run.go:403.33,406.2 2 54
github.com/mrz1836/go-pre-commit/cmd/go-pre-commit/cmd/run.go:408.81,424.31 3 1
github.com/mrz1836/go-pre-commit/cmd/go-pre-commit/cmd/run.go:424.31,425.20 1 6
github.com/mrz1836/go-pre-commit/cmd/go-pre-commit/cmd/run.go:425.20,427.4 1 6
github.com/mrz1836/go-pre-commit/cmd/go-pre-commit/cmd/run.go:427.9,429.4 1 0
github.com/mrz1836/go-pre-commit/cmd/go-pre-commit/cmd/run.go:432.2,432.12 1 1
github.com/mrz1836/go-pre-commit/cmd/go-pre-commit/cmd/run.go:435.112,437.16 1 7
github.com/mrz1836/go-pre-commit/cmd/go-pre-commit/cmd/run.go:437.16,439.3 1 6
github.com/mrz1836/go-pre-commit/cmd/go-pre-commit/cmd/run.go:442.2,443.46 2 7
github.com/mrz1836/go-pre-commit/cmd/go-pre-commit/cmd/run.go:443.46,444.22 1 16
github.com/mrz1836/go-pre-commit/cmd/go-pre-commit/cmd/run.go:444.22,446.4 1 4
github.com/mrz1836/go-pre-commit/cmd/go-pre-commit/cmd/run.go:447.3,447.64 1 16
github.com/mrz1836/go-pre-commit/cmd/go-pre-commit/cmd/run.go:450.2,451.46 2 7
github.com/mrz1836/go-pre-commit/cmd/go-pre-commit/cmd/run.go:456.110,457.20 1 16
github.com/mrz1836/go-pre-commit/cmd/go-pre-commit/cmd/run.go:457.20,458.16 1 12
github.com/mrz1836/go-pre-commit/cmd/go-pre-commit/cmd/run.go:458.16,460.4 1 1
github.com/mrz1836/go-pre-commit/cmd/go-pre-commit/cmd/run.go:461.3,461.48 1 11
github.com/mrz1836/go-pre-commit/cmd/go-pre-commit/cmd/run.go:461.48,466.4 3 1
github.com/mrz1836/go-pre-commit/cmd/go-pre-commit/cmd/run.go:468.3,469.43 2 10
github.com/mrz1836/go-pre-commit/cmd/go-pre-commit/cmd/run.go:469.43,471.4 1 1
github.com/mrz1836/go-pre-commit/cmd/go-pre-commit/cmd/run.go:472.3,472.9 1 10
github.com/mrz1836/go-pre-commit/cmd/go-pre-commit/cmd/run.go:476.2,478.42 2 4
github.com/mrz1836/go-pre-commit/cmd/go-pre-commit/cmd/run.go:478.42,480.3 1 1
github.com/mrz1836/go-pre-commit/cmd/go-pre-commit/cmd/run.go:483.2,483.24 1 4
github.com/mrz1836/go-pre-commit/cmd/go-pre-commit/cmd/run.go:483.24,485.3 1 4
github.com/mrz1836/go-pre-commit/cmd/go-pre-commit/cmd/run.go:489.2,489.25 1 4
github.com/mrz1836/go-pre-commit/cmd/go-pre-commit/cmd/run.go:489.25,491.10 2 4
github.com/mrz1836/go-pre-commit/cmd/go-pre-commit/cmd/run.go:492.28,493.36 1 4
github.com/mrz1836/go-pre-commit/cmd/go-pre-commit/cmd/run.go:493.36,495.5 1 12
github.com/mrz1836/go-pre-commit/cmd/go-pre-commit/cmd/run.go:496.4,496.45 1 4
github.com/mrz1836/go-pre-commit/cmd/go-pre-commit/cmd/run.go:496.45,498.5 1 0
github.com/mrz1836/go-pre-commit/cmd/go-pre-commit/cmd/run.go:499.20,502.38 2 0
github.com/mrz1836/go-pre-commit/cmd/go-pre-commit/cmd/run.go:507.2,507.29 1 4
github.com/mrz1836/go-pre-commit/cmd/go-pre-commit/cmd/run.go:507.29,509.3 1 4
github.com/mrz1836/go-pre-commit/cmd/go-pre-commit/cmd/run.go:514.97,515.38 1 7
github.com/mrz1836/go-pre-commit/cmd/go-pre-commit/cmd/run.go:515.38,517.3 1 0
github.com/mrz1836/go-pre-commit/cmd/go-pre-commit/cmd/run.go:519.2,521.9 3 7
github.com/mrz1836/go-pre-commit/cmd/go-pre-commit/cmd/run.go:522.26,523.25 1 3
github.com/mrz1836/go-pre-commit/cmd/go-pre-commit/cmd/run.go:524.27,525.27 1 1
github.com/mrz1836/go-pre-commit/cmd/go-pre-commit/cmd/run.go:526.10,527.27 1 3
github.com/mrz1836/go-pre-commit/cmd/go-pre-commit/cmd/run.go:533.90,534.28 1 7
github.com/mrz1836/go-pre-commit/cmd/go-pre-commit/cmd/run.go:534.28,536.3 1 4
github.com/mrz1836/go-pre-commit/cmd/go-pre-commit/cmd/run.go:538.2,542.37 4 3
github.com/mrz1836/go-pre-commit/cmd/go-pre-commit/cmd/run.go:542.37,546.10 2 4
github.com/mrz1836/go-pre-commit/cmd/go-pre-commit/cmd/run.go:547.27,549.27 2 4
github.com/mrz1836/go-pre-commit/cmd/go-pre-commit/cmd/run.go:549.27,550.37 1 4
github.com/mrz1836/go-pre-commit/cmd/go-pre-commit/cmd/run.go:550.37,551.15 1 12
github.com/mrz1836/go-pre-commit/cmd/go-pre-commit/cmd/run.go:551.15,553.7 1 12
github.com/mrz1836/go-pre-commit/cmd/go-pre-commit/cmd/run.go:555.5,555.28 1 4
github.com/mrz1836/go-pre-commit/cmd/go-pre-commit/cmd/run.go:555.28,557.6 1 0
github.com/mrz1836/go-pre-commit/cmd/go-pre-commit/cmd/run.go:558.10,561.5 1 0
github.com/mrz1836/go-pre-commit/cmd/go-pre-commit/cmd/run.go:562.26,563.41 1 0
github.com/mrz1836/go-pre-commit/cmd/go-pre-commit/cmd/run.go:567.3,567.29 1 4
github.com/mrz1836/go-pre-commit/cmd/go-pre-commit/cmd/run.go:567.29,569.4 1 4
github.com/mrz1836/go-pre-commit/cmd/go-pre-commit/cmd/run.go:570.3,570.23 1 4
github.com/mrz1836/go-pre-commit/cmd/go-pre-commit/cmd/run.go:574.2,575.65 2 3
github.com/mrz1836/go-pre-commit/cmd/go-pre-commit/cmd/status.go:14.59,33.2 1 8
github.com/mrz1836/go-pre-commit/cmd/go-pre-commit/cmd/status.go:35.73,38.16 2 8
github.com/mrz1836/go-pre-commit/cmd/go-pre-commit/cmd/status.go:38.16,41.3 2 1
github.com/mrz1836/go-pre-commit/cmd/go-pre-commit/cmd/status.go:44.2,45.16 2 7
github.com/mrz1836/go-pre-commit/cmd/go-pre-commit/cmd/status.go:45.16,48.3 2 1
github.com/mrz1836/go-pre-commit/cmd/go-pre-commit/cmd/status.go:50.2,50.27 1 6
github.com/mrz1836/go-pre-commit/cmd/go-pre-commit/cmd/status.go:50.27,54.3 3 1
github.com/mrz1836/go-pre-commit/cmd/go-pre-commit/cmd/status.go:57.2,65.17 4 6
github.com/mrz1836/go-pre-commit/cmd/go-pre-commit/cmd/status.go:65.17,67.3 1 6
github.com/mrz1836/go-pre-commit/cmd/go-pre-commit/cmd/status.go:67.8,69.3 1 0
github.com/mrz1836/go-pre-commit/cmd/go-pre-commit/cmd/status.go:72.2,75.42 3 6
github.com/mrz1836/go-pre-commit/cmd/go-pre-commit/cmd/status.go:75.42,77.17 2 24
github.com/mrz1836/go-pre-commit/cmd/go-pre-commit/cmd/status.go:77.17,79.12 2 0
github.com/mrz1836/go-pre-commit/cmd/go-pre-commit/cmd/status.go:82.3,82.51 1 24
github.com/mrz1836/go-pre-commit/cmd/go-pre-commit/cmd/status.go:82.51,83.29 1 21
github.com/mrz1836/go-pre-commit/cmd/go-pre-commit/cmd/status.go:83.29,85.5 1 3
github.com/mrz1836/go-pre-commit/cmd/go-pre-commit/cmd/status.go:86.4,86.12 1 21
github.com/mrz1836/go-pre-commit/cmd/go-pre-commit/cmd/status.go:89.3,91.23 2 3
github.com/mrz1836/go-pre-commit/cmd/go-pre-commit/cmd/status.go:91.23,92.25 1 2
github.com/mrz1836/go-pre-commit/cmd/go-pre-commit/cmd/status.go:92.25,94.5 1 2
github.com/mrz1836/go-pre-commit/cmd/go-pre-commit/cmd/status.go:94.10,96.5 1 0
github.com/mrz1836/go-pre-commit/cmd/go-pre-commit/cmd/status.go:97.9,97.36 1 1
github.com/mrz1836/go-pre-commit/cmd/go-pre-commit/cmd/status.go:97.36,99.29 2 1
github.com/mrz1836/go-pre-commit/cmd/go-pre-commit/cmd/status.go:99.29,101.5 1 0
github.com/mrz1836/go-pre-commit/cmd/go-pre-commit/cmd/status.go:104.3,104.76 1 3
github.com/mrz1836/go-pre-commit/cmd/go-pre-commit/cmd/status.go:104.76,108.4 3 1
github.com/mrz1836/go-pre-commit/cmd/go-pre-commit/cmd/status.go:111.2,111.17 1 6
github.com/mrz1836/go-pre-commit/cmd/go-pre-commit/cmd/status.go:111.17,114.3 2 3
github.com/mrz1836/go-pre-commit/cmd/go-pre-commit/cmd/status.go:117.2,117.27 1 6
github.com/mrz1836/go-pre-commit/cmd/go-pre-commit/cmd/status.go:117.27,127.3 9 1
github.com/mrz1836/go-pre-commit/cmd/go-pre-commit/cmd/status.go:129.2,129.12 1 6
github.com/mrz1836/go-pre-commit/cmd/go-pre-commit/cmd/status.go:132.31,135.2 2 6
github.com/mrz1836/go-pre-commit/cmd/go-pre-commit/cmd/status.go:137.34,140.2 2 7
github.com/mrz1836/go-pre-commit/cmd/go-pre-commit/cmd/status.go:142.46,145.2 2 15
github.com/mrz1836/go-pre-commit/cmd/go-pre-commit/cmd/uninstall.go:12.62,27.55 1 11
github.com/mrz1836/go-pre-commit/cmd/go-pre-commit/cmd/uninstall.go:27.55,29.18 2 1
github.com/mrz1836/go-pre-commit/cmd/go-pre-commit/cmd/uninstall.go:29.18,31.5 1 0
github.com/mrz1836/go-pre-commit/cmd/go-pre-commit/cmd/uninstall.go:32.4,32.57 1 1
github.com/mrz1836/go-pre-commit/cmd/go-pre-commit/cmd/uninstall.go:36.2,37.12 2 11
github.com/mrz1836/go-pre-commit/cmd/go-pre-commit/cmd/uninstall.go:40.105,43.16 2 10
github.com/mrz1836/go-pre-commit/cmd/go-pre-commit/cmd/uninstall.go:43.16,45.3 1 2
github.com/mrz1836/go-pre-commit/cmd/go-pre-commit/cmd/uninstall.go:47.2,47.27 1 8
github.com/mrz1836/go-pre-commit/cmd/go-pre-commit/cmd/uninstall.go:47.27,49.3 1 1
github.com/mrz1836/go-pre-commit/cmd/go-pre-commit/cmd/uninstall.go:52.2,58.37 4 8
github.com/mrz1836/go-pre-commit/cmd/go-pre-commit/cmd/uninstall.go:58.37,59.28 1 8
github.com/mrz1836/go-pre-commit/cmd/go-pre-commit/cmd/uninstall.go:59.28,61.4 1 2
github.com/mrz1836/go-pre-commit/cmd/go-pre-commit/cmd/uninstall.go:63.3,64.17 2 8
github.com/mrz1836/go-pre-commit/cmd/go-pre-commit/cmd/uninstall.go:64.17,66.4 1 0
github.com/mrz1836/go-pre-commit/cmd/go-pre-commit/cmd/uninstall.go:68.3,68.14 1 8
github.com/mrz1836/go-pre-commit/cmd/go-pre-commit/cmd/uninstall.go:68.14,70.4 1 4
github.com/mrz1836/go-pre-commit/cmd/go-pre-commit/cmd/uninstall.go:70.9,72.4 1 4
github.com/mrz1836/go-pre-commit/cmd/go-pre-commit/cmd/uninstall.go:76.2,76.26 1 8
github.com/mrz1836/go-pre-commit/cmd/go-pre-commit/cmd/uninstall.go:76.26,78.3 1 3
github.com/mrz1836/go-pre-commit/cmd/go-pre-commit/cmd/uninstall.go:79.2,79.23 1 8
github.com/mrz1836/go-pre-commit/cmd/go-pre-commit/cmd/uninstall.go:79.23,81.3 1 4
github.com/mrz1836/go-pre-commit/cmd/go-pre-commit/cmd/uninstall.go:82.2,82.49 1 8
github.com/mrz1836/go-pre-commit/cmd/go-pre-commit/cmd/uninstall.go:82.49,84.3 1 2
github.com/mrz1836/go-pre-commit/cmd/go-pre-commit/cmd/uninstall.go:86.2,86.12 1 8
github.com/mrz1836/go-pre-commit/cmd/go-pre-commit/cmd/upgrade.go:36.62,41.2 4 2
github.com/mrz1836/go-pre-commit/cmd/go-pre-commit/cmd/upgrade.go:51.60,73.52 1 7
github.com/mrz1836/go-pre-commit/cmd/go-pre-commit/cmd/upgrade.go:73.52,78.18 4 1
github.com/mrz1836/go-pre-commit/cmd/go-pre-commit/cmd/upgrade.go:78.18,80.5 1 0
github.com/mrz1836/go-pre-commit/cmd/go-pre-commit/cmd/upgrade.go:82.4,83.18 2 1
github.com/mrz1836/go-pre-commit/cmd/go-pre-commit/cmd/upgrade.go:83.18,85.5 1 0
github.com/mrz1836/go-pre-commit/cmd/go-pre-commit/cmd/upgrade.go:87.4,88.18 2 1
github.com/mrz1836/go-pre-commit/cmd/go-pre-commit/cmd/upgrade.go:88.18,90.5 1 0
github.com/mrz1836/go-pre-commit/cmd/go-pre-commit/cmd/upgrade.go:92.4,92.42 1 1
github.com/mrz1836/go-pre-commit/cmd/go-pre-commit/cmd/upgrade.go:97.2,101.12 4 7
github.com/mrz1836/go-pre-commit/cmd/go-pre-commit/cmd/upgrade.go:104.76,108.96 2 10
github.com/mrz1836/go-pre-commit/cmd/go-pre-commit/cmd/upgrade.go:108.96,109.41 1 5
github.com/mrz1836/go-pre-commit/cmd/go-pre-commit/cmd/upgrade.go:109.41,113.4 3 1
github.com/mrz1836/go-pre-commit/cmd/go-pre-commit/cmd/upgrade.go:116.2,121.16 4 9
github.com/mrz1836/go-pre-commit/cmd/go-pre-commit/cmd/upgrade.go:121.16,123.3 1 1
github.com/mrz1836/go-pre-commit/cmd/go-pre-commit/cmd/upgrade.go:125.2,131.31 4 8
github.com/mrz1836/go-pre-commit/cmd/go-pre-commit/cmd/upgrade.go:131.31,134.3 2 1
github.com/mrz1836/go-pre-commit/cmd/go-pre-commit/cmd/upgrade.go:136.2,136.22 1 7
github.com/mrz1836/go-pre-commit/cmd/go-pre-commit/cmd/upgrade.go:136.22,137.14 1 4
github.com/mrz1836/go-pre-commit/cmd/go-pre-commit/cmd/upgrade.go:137.14,140.4 2 4
github.com/mrz1836/go-pre-commit/cmd/go-pre-commit/cmd/upgrade.go:140.9,142.4 1 0
github.com/mrz1836/go-pre-commit/cmd/go-pre-commit/cmd/upgrade.go:143.3,143.13 1 4
github.com/mrz1836/go-pre-commit/cmd/go-pre-commit/cmd/upgrade.go:147.2,147.13 1 3
github.com/mrz1836/go-pre-commit/cmd/go-pre-commit/cmd/upgrade.go:147.13,149.3 1 3
github.com/mrz1836/go-pre-commit/cmd/go-pre-commit/cmd/upgrade.go:149.8,149.25 1 0
github.com/mrz1836/go-pre-commit/cmd/go-pre-commit/cmd/upgrade.go:149.25,151.3 1 0
github.com/mrz1836/go-pre-commit/cmd/go-pre-commit/cmd/upgrade.go:154.2,158.76 3 3
github.com/mrz1836/go-pre-commit/cmd/go-pre-commit/cmd/upgrade.go:158.76,160.3 1 1
github.com/mrz1836/go-pre-commit/cmd/go-pre-commit/cmd/upgrade.go:164.2,164.44 1 2
github.com/mrz1836/go-pre-commit/cmd/go-pre-commit/cmd/upgrade.go:164.44,166.28 1 0
github.com/mrz1836/go-pre-commit/cmd/go-pre-commit/cmd/upgrade.go:166.28,168.4 1 0
github.com/mrz1836/go-pre-commit/cmd/go-pre-commit/cmd/upgrade.go:171.2,174.22 2 2
github.com/mrz1836/go-pre-commit/cmd/go-pre-commit/cmd/upgrade.go:174.22,176.45 2 1
github.com/mrz1836/go-pre-commit/cmd/go-pre-commit/cmd/upgrade.go:176.45,179.4 2 0
github.com/mrz1836/go-pre-commit/cmd/go-pre-commit/cmd/upgrade.go:179.9,181.4 1 1
github.com/mrz1836/go-pre-commit/cmd/go-pre-commit/cmd/upgrade.go:182.8,185.3 1 1
github.com/mrz1836/go-pre-commit/cmd/go-pre-commit/cmd/upgrade.go:188.2,188.49 1 2
github.com/mrz1836/go-pre-commit/cmd/go-pre-commit/cmd/upgrade.go:188.49,191.30 3 0
github.com/mrz1836/go-pre-commit/cmd/go-pre-commit/cmd/upgrade.go:191.30,192.37 1 0
github.com/mrz1836/go-pre-commit/cmd/go-pre-commit/cmd/upgrade.go:192.37,194.5 1 0
github.com/mrz1836/go-pre-commit/cmd/go-pre-commit/cmd/upgrade.go:198.2,198.12 1 2
github.com/mrz1836/go-pre-commit/cmd/go-pre-commit/cmd/upgrade.go:201.50,204.16 2 4
github.com/mrz1836/go-pre-commit/cmd/go-pre-commit/cmd/upgrade.go:204.16,206.3 1 1
github.com/mrz1836/go-pre-commit/cmd/go-pre-commit/cmd/upgrade.go:209.2,215.37 4 3
github.com/mrz1836/go-pre-commit/cmd/go-pre-commit/cmd/upgrade.go:215.37,216.42 1 12
github.com/mrz1836/go-pre-commit/cmd/go-pre-commit/cmd/upgrade.go:216.42,217.64 1 1
github.com/mrz1836/go-pre-commit/cmd/go-pre-commit/cmd/upgrade.go:217.64,219.5 1 0
github.com/mrz1836/go-pre-commit/cmd/go-pre-commit/cmd/upgrade.go:220.4,220.17 1 1
github.com/mrz1836/go-pre-commit/cmd/go-pre-commit/cmd/upgrade.go:224.2,224.22 1 3
github.com/mrz1836/go-pre-commit/cmd/go-pre-commit/cmd/upgrade.go:224.22,226.3 1 2
github.com/mrz1836/go-pre-commit/cmd/go-pre-commit/cmd/upgrade.go:226.8,228.3 1 1
github.com/mrz1836/go-pre-commit/cmd/go-pre-commit/cmd/upgrade.go:230.2,230.12 1 3
github.com/mrz1836/go-pre-commit/cmd/go-pre-commit/cmd/upgrade.go:233.52,236.16 2 4
github.com/mrz1836/go-pre-commit/cmd/go-pre-commit/cmd/upgrade.go:236.16,239.3 1 1
github.com/mrz1836/go-pre-commit/cmd/go-pre-commit/cmd/upgrade.go:241.2,247.37 4 3
github.com/mrz1836/go-pre-commit/cmd/go-pre-commit/cmd/upgrade.go:247.37,248.42 1 6
github.com/mrz1836/go-pre-commit/cmd/go-pre-commit/cmd/upgrade.go:248.42,250.9 2 2
github.com/mrz1836/go-pre-commit/cmd/go-pre-commit/cmd/upgrade.go:254.2,254.39 1 3
github.com/mrz1836/go-pre-commit/cmd/go-pre-commit/cmd/upgrade.go:254.39,257.3 2 1
github.com/mrz1836/go-pre-commit/cmd/go-pre-commit/cmd/upgrade.go:260.37,261.32 1 38
github.com/mrz1836/go-pre-commit/cmd/go-pre-commit/cmd/upgrade.go:261.32,263.3 1 8
github.com/mrz1836/go-pre-commit/cmd/go-pre-commit/cmd/upgrade.go:264.2,264.32 1 30
github.com/mrz1836/go-pre-commit/cmd/go-pre-commit/cmd/upgrade.go:264.32,266.3 1 29
github.com/mrz1836/go-pre-commit/cmd/go-pre-commit/cmd/upgrade.go:267.2,267.10 1 1
github.com/mrz1836/go-pre-commit/cmd/go-pre-commit/cmd/upgrade.go:271.44,275.16 3 2
github.com/mrz1836/go-pre-commit/cmd/go-pre-commit/cmd/upgrade.go:275.16,277.3 1 2
github.com/mrz1836/go-pre-commit/cmd/go-pre-commit/cmd/upgrade.go:281.2,284.29 3 0
github.com/mrz1836/go-pre-commit/cmd/go-pre-commit/cmd/upgrade.go:284.29,285.44 1 0
github.com/mrz1836/go-pre-commit/cmd/go-pre-commit/cmd/upgrade.go:285.44,290.4 3 0
github.com/mrz1836/go-pre-commit/cmd/go-pre-commit/cmd/upgrade.go:293.2,293.67 1 0
github.com/mrz1836/go-pre-commit/cmd/go-pre-commit/cmd/upgrade.go:297.31,299.34 2 1
github.com/mrz1836/go-pre-commit/cmd/go-pre-commit/cmd/upgrade.go:299.34,301.3 1 0
github.com/mrz1836/go-pre-commit/cmd/go-pre-commit/cmd/upgrade.go:302.2,302.12 1 1
github.com/mrz1836/go-pre-commit/cmd/go-pre-commit/cmd/upgrade.go:306.34,309.16 3 4
github.com/mrz1836/go-pre-commit/cmd/go-pre-commit/cmd/upgrade.go:309.16,311.3 1 1
github.com/mrz1836/go-pre-commit/cmd/go-pre-commit/cmd/upgrade.go:313.2,314.18 2 3
github.com/mrz1836/go-pre-commit/cmd/go-pre-commit/cmd/upgrade.go:314.18,317.17 2 1
github.com/mrz1836/go-pre-commit/cmd/go-pre-commit/cmd/upgrade.go:317.17,319.4 1 0
github.com/mrz1836/go-pre-commit/cmd/go-pre-commit/cmd/upgrade.go:320.3,320.38 1 1
github.com/mrz1836/go-pre-commit/cmd/go-pre-commit/cmd/upgrade.go:323.2,323.43 1 3
github.com/mrz1836/go-pre-commit/cmd/go-pre-commit/cmd/upgrade.go:327.22,330.2 2 1
github.com/mrz1836/go-pre-commit/cmd/go-pre-commit/cmd/upgrade.go:333.42,334.31 1 3
github.com/mrz1836/go-pre-commit/cmd/go-pre-commit/cmd/upgrade.go:334.31,336.3 1 0
github.com/mrz1836/go-pre-commit/cmd/go-pre-commit/cmd/upgrade.go:337.2,337.39 1 3
github.com/mrz1836/go-pre-commit/cmd/go-pre-commit/cmd/upgrade.go:341.46,346.43 2 16
github.com/mrz1836/go-pre-commit/cmd/go-pre-commit/cmd/upgrade.go:346.43,348.3 1 11
github.com/mrz1836/go-pre-commit/cmd/go-pre-commit/cmd/upgrade.go:351.2,351.28 1 5
github.com/mrz1836/go-pre-commit/cmd/go-pre-commit/cmd/upgrade.go:351.28,352.75 1 109
github.com/mrz1836/go-pre-commit/cmd/go-pre-commit/cmd/upgrade.go:352.75,354.4 1 0
github.com/mrz1836/go-pre-commit/cmd/go-pre-commit/cmd/upgrade.go:357.2,357.13 1 5
github.com/mrz1836/go-pre-commit/cmd/production-validation/main.go:23.37,26.115 1 13
github.com/mrz1836/go-pre-commit/cmd/production-validation/main.go:26.115,28.4 1 1
github.com/mrz1836/go-pre-commit/cmd/production-validation/main.go:34.13,36.2 1 0
github.com/mrz1836/go-pre-commit/cmd/production-validation/main.go:38.38,46.14 3 13
github.com/mrz1836/go-pre-commit/cmd/production-validation/main.go:46.14,48.3 1 2
github.com/mrz1836/go-pre-commit/cmd/production-validation/main.go:51.2,52.16 2 13
github.com/mrz1836/go-pre-commit/cmd/production-validation/main.go:52.16,54.3 1 1
github.com/mrz1836/go-pre-commit/cmd/production-validation/main.go:55.2,57.14 2 12
github.com/mrz1836/go-pre-commit/cmd/production-validation/main.go:57.14,59.3 1 2
github.com/mrz1836/go-pre-commit/cmd/production-validation/main.go:62.2,63.16 2 12
github.com/mrz1836/go-pre-commit/cmd/production-validation/main.go:63.16,65.3 1 1
github.com/mrz1836/go-pre-commit/cmd/production-validation/main.go:67.2,67.14 1 11
github.com/mrz1836/go-pre-commit/cmd/production-validation/main.go:67.14,69.3 1 2
github.com/mrz1836/go-pre-commit/cmd/production-validation/main.go:72.2,73.23 2 11
github.com/mrz1836/go-pre-commit/cmd/production-validation/main.go:74.14,76.17 2 2
github.com/mrz1836/go-pre-commit/cmd/production-validation/main.go:76.17,78.4 1 0
github.com/mrz1836/go-pre-commit/cmd/production-validation/main.go:79.3,79.28 1 2
github.com/mrz1836/go-pre-commit/cmd/production-validation/main.go:80.14,81.33 1 8
github.com/mrz1836/go-pre-commit/cmd/production-validation/main.go:82.10,83.65 1 1
github.com/mrz1836/go-pre-commit/cmd/production-validation/main.go:87.2,87.23 1 10
github.com/mrz1836/go-pre-commit/cmd/production-validation/main.go:87.23,89.71 1 5
github.com/mrz1836/go-pre-commit/cmd/production-validation/main.go:89.71,91.4 1 2
github.com/mrz1836/go-pre-commit/cmd/production-validation/main.go:93.3,93.74 1 3
github.com/mrz1836/go-pre-commit/cmd/production-validation/main.go:93.74,95.4 1 1
github.com/mrz1836/go-pre-commit/cmd/production-validation/main.go:97.3,97.15 1 2
github.com/mrz1836/go-pre-commit/cmd/production-validation/main.go:97.15,99.4 1 1
github.com/mrz1836/go-pre-commit/cmd/production-validation/main.go:100.8,101.58 1 5
github.com/mrz1836/go-pre-commit/cmd/production-validation/main.go:101.58,103.4 1 0
github.com/mrz1836/go-pre-commit/cmd/production-validation/main.go:107.2,107.29 1 7
github.com/mrz1836/go-pre-commit/cmd/production-validation/main.go:107.29,108.15 1 2
github.com/mrz1836/go-pre-commit/cmd/production-validation/main.go:108.15,110.4 1 1
github.com/mrz1836/go-pre-commit/cmd/production-validation/main.go:111.3,111.17 1 2
github.com/mrz1836/go-pre-commit/cmd/production-validation/main.go:114.2,114.14 1 5
github.com/mrz1836/go-pre-commit/cmd/production-validation/main.go:114.14,116.3 1 1
github.com/mrz1836/go-pre-commit/cmd/go-pre-commit/main.go:14.13,16.2 1 3
github.com/mrz1836/go-pre-commit/cmd/go-pre-commit/main.go:20.16,26.69 3 12
github.com/mrz1836/go-pre-commit/cmd/go-pre-commit/main.go:26.69,28.3 1 0
github.com/mrz1836/go-pre-commit/cmd/go-pre-commit/main.go:32.2,41.42 6 12
github.com/mrz1836/go-pre-commit/cmd/go-pre-commit/main.go:41.42,44.3 2 2
github.com/mrz1836/go-pre-commit/cmd/go-pre-commit/main.go:45.2,45.10 1 10
github.com/mrz1836/go-pre-commit/cmd/go-pre-commit/version.go:29.32,35.2 1 31
github.com/mrz1836/go-pre-commit/cmd/go-pre-commit/version.go:38.38,40.2 1 37
github.com/mrz1836/go-pre-commit/cmd/go-pre-commit/version.go:43.37,45.2 1 37
github.com/mrz1836/go-pre-commit/cmd/go-pre-commit/version.go:48.40,50.2 1 37
github.com/mrz1836/go-pre-commit/cmd/go-pre-commit/version.go:53.39,54.43 1 37
github.com/mrz1836/go-pre-commit/cmd/go-pre-commit/version.go:54.43,55.41 1 37
github.com/mrz1836/go-pre-commit/cmd/go-pre-commit/version.go:55.41,56.37 1 444
github.com/mrz1836/go-pre-commit/cmd/go-pre-commit/version.go:56.37,58.5 1 0
github.com/mrz1836/go-pre-commit/cmd/go-pre-commit/version.go:61.2,61.14 1 37
github.com/mrz1836/go-pre-commit/cmd/go-pre-commit/version.go:65.38,67.69 1 64
github.com/mrz1836/go-pre-commit/cmd/go-pre-commit/version.go:67.69,69.3 1 7
github.com/mrz1836/go-pre-commit/cmd/go-pre-commit/version.go:72.2,72.43 1 57
github.com/mrz1836/go-pre-commit/cmd/go-pre-commit/version.go:72.43,74.64 1 57
github.com/mrz1836/go-pre-commit/cmd/go-pre-commit/version.go:74.64,77.4 1 0
github.com/mrz1836/go-pre-commit/cmd/go-pre-commit/version.go:80.3,80.41 1 57
github.com/mrz1836/go-pre-commit/cmd/go-pre-commit/version.go:80.41,81.60 1 684
github.com/mrz1836/go-pre-commit/cmd/go-pre-commit/version.go:81.60,83.31 1 0
github.com/mrz1836/go-pre-commit/cmd/go-pre-commit/version.go:83.31,85.6 1 0
github.com/mrz1836/go-pre-commit/cmd/go-pre-commit/version.go:86.5,86.25 1 0
github.com/mrz1836/go-pre-commit/cmd/go-pre-commit/version.go:92.2,92.14 1 57
github.com/mrz1836/go-pre-commit/cmd/go-pre-commit/version.go:96.37,98.67 1 61
github.com/mrz1836/go-pre-commit/cmd/go-pre-commit/version.go:98.67,100.3 1 6
github.com/mrz1836/go-pre-commit/cmd/go-pre-commit/version.go:103.2,103.43 1 55
github.com/mrz1836/go-pre-commit/cmd/go-pre-commit/version.go:103.43,104.41 1 55
github.com/mrz1836/go-pre-commit/cmd/go-pre-commit/version.go:104.41,105.60 1 660
github.com/mrz1836/go-pre-commit/cmd/go-pre-commit/version.go:105.60,107.31 1 0
github.com/mrz1836/go-pre-commit/cmd/go-pre-commit/version.go:107.31,109.6 1 0
github.com/mrz1836/go-pre-commit/cmd/go-pre-commit/version.go:110.5,110.25 1 0
github.com/mrz1836/go-pre-commit/cmd/go-pre-commit/version.go:115.3,115.26 1 55
github.com/mrz1836/go-pre-commit/cmd/go-pre-commit/version.go:115.26,117.89 1 0
github.com/mrz1836/go-pre-commit/cmd/go-pre-commit/version.go:117.89,119.5 1 0
github.com/mrz1836/go-pre-commit/cmd/go-pre-commit/version.go:123.2,123.15 1 55
github.com/mrz1836/go-pre-commit/cmd/go-pre-commit/version.go:127.40,129.79 1 63
github.com/mrz1836/go-pre-commit/cmd/go-pre-commit/version.go:129.79,131.3 1 8
github.com/mrz1836/go-pre-commit/cmd/go-pre-commit/version.go:134.2,134.43 1 55
github.com/mrz1836/go-pre-commit/cmd/go-pre-commit/version.go:134.43,135.41 1 55
github.com/mrz1836/go-pre-commit/cmd/go-pre-commit/version.go:135.41,136.56 1 660
github.com/mrz1836/go-pre-commit/cmd/go-pre-commit/version.go:136.56,138.55 1 0
github.com/mrz1836/go-pre-commit/cmd/go-pre-commit/version.go:138.55,140.6 1 0
github.com/mrz1836/go-pre-commit/cmd/go-pre-commit/version.go:141.5,141.25 1 0
github.com/mrz1836/go-pre-commit/cmd/go-pre-commit/version.go:146.3,146.64 1 55
github.com/mrz1836/go-pre-commit/cmd/go-pre-commit/version.go:146.64,148.4 1 0
github.com/mrz1836/go-pre-commit/cmd/go-pre-commit/version.go:151.2,151.18 1 55
github.com/mrz1836/go-pre-commit/cmd/go-pre-commit/version.go:158.51,160.61 1 31
github.com/mrz1836/go-pre-commit/cmd/go-pre-commit/version.go:160.61,162.3 1 13
github.com/mrz1836/go-pre-commit/cmd/go-pre-commit/version.go:165.2,171.33 2 18
github.com/mrz1836/go-pre-commit/cmd/go-pre-commit/version.go:171.33,172.56 1 54
github.com/mrz1836/go-pre-commit/cmd/go-pre-commit/version.go:172.56,174.4 1 2
github.com/mrz1836/go-pre-commit/cmd/go-pre-commit/version.go:177.2,177.42 1 16
github.com/mrz1836/go-pre-commit/cmd/go-pre-commit/version.go:184.26,186.2 1 7
github.com/mrz1836/go-pre-commit/cmd/go-pre-commit/version.go:189.25,191.2 1 7
github.com/mrz1836/go-pre-commit/cmd/go-pre-commit/version.go:194.28,196.2 1 7
github.com/mrz1836/go-pre-commit/cmd/go-pre-commit/version.go:199.24,202.2 2 9
github.com/mrz1836/go-pre-commit/cmd/go-pre-commit/version.go:205.38,207.2 1 103
github.com/mrz1836/go-pre-commit/examples/go-plugin/main.go:36.13,40.45 3 4
github.com/mrz1836/go-pre-commit/examples/go-plugin/main.go:40.45,43.3 2 1
github.com/mrz1836/go-pre-commit/examples/go-plugin/main.go:46.2,46.21 1 3
github.com/mrz1836/go-pre-commit/examples/go-plugin/main.go:47.15,48.33 1 2
github.com/mrz1836/go-pre-commit/examples/go-plugin/main.go:49.10,51.13 2 1
github.com/mrz1836/go-pre-commit/examples/go-plugin/main.go:55.42,58.23 2 9
github.com/mrz1836/go-pre-commit/examples/go-plugin/main.go:58.23,60.3 1 8
github.com/mrz1836/go-pre-commit/examples/go-plugin/main.go:62.2,66.25 3 9
github.com/mrz1836/go-pre-commit/examples/go-plugin/main.go:66.25,68.17 2 3
github.com/mrz1836/go-pre-commit/examples/go-plugin/main.go:68.17,72.4 2 1
github.com/mrz1836/go-pre-commit/examples/go-plugin/main.go:73.3,73.25 1 2
github.com/mrz1836/go-pre-commit/examples/go-plugin/main.go:77.2,80.29 3 8
github.com/mrz1836/go-pre-commit/examples/go-plugin/main.go:80.29,81.45 1 7
github.com/mrz1836/go-pre-commit/examples/go-plugin/main.go:81.45,82.12 1 1
github.com/mrz1836/go-pre-commit/examples/go-plugin/main.go:85.3,86.17 2 6
github.com/mrz1836/go-pre-commit/examples/go-plugin/main.go:86.17,88.12 2 1
github.com/mrz1836/go-pre-commit/examples/go-plugin/main.go:91.3,91.17 1 5
github.com/mrz1836/go-pre-commit/examples/go-plugin/main.go:91.17,94.4 2 1
github.com/mrz1836/go-pre-commit/examples/go-plugin/main.go:98.2,98.29 1 8
github.com/mrz1836/go-pre-commit/examples/go-plugin/main.go:98.29,105.3 2 1
github.com/mrz1836/go-pre-commit/examples/go-plugin/main.go:107.2,108.73 1 7
github.com/mrz1836/go-pre-commit/examples/go-plugin/main.go:111.60,119.29 2 8
github.com/mrz1836/go-pre-commit/examples/go-plugin/main.go:119.29,121.17 2 13
github.com/mrz1836/go-pre-commit/examples/go-plugin/main.go:121.17,125.31 3 6
github.com/mrz1836/go-pre-commit/examples/go-plugin/main.go:125.31,126.57 1 12
github.com/mrz1836/go-pre-commit/examples/go-plugin/main.go:126.57,127.11 1 2
github.com/mrz1836/go-pre-commit/examples/go-plugin/main.go:129.5,129.38 1 10
github.com/mrz1836/go-pre-commit/examples/go-plugin/main.go:129.38,131.6 1 10
github.com/mrz1836/go-pre-commit/examples/go-plugin/main.go:133.4,133.23 1 6
github.com/mrz1836/go-pre-commit/examples/go-plugin/main.go:133.23,135.5 1 6
github.com/mrz1836/go-pre-commit/examples/go-plugin/main.go:139.2,139.35 1 2
github.com/mrz1836/go-pre-commit/examples/go-plugin/main.go:142.44,145.16 2 12
github.com/mrz1836/go-pre-commit/examples/go-plugin/main.go:145.16,147.3 1 1
github.com/mrz1836/go-pre-commit/examples/go-plugin/main.go:148.2,148.15 1 11
github.com/mrz1836/go-pre-commit/examples/go-plugin/main.go:148.15,150.3 1 11
github.com/mrz1836/go-pre-commit/examples/go-plugin/main.go:152.2,154.39 3 11
github.com/mrz1836/go-pre-commit/examples/go-plugin/main.go:154.39,158.44 2 25
github.com/mrz1836/go-pre-commit/examples/go-plugin/main.go:158.44,160.4 1 4
github.com/mrz1836/go-pre-commit/examples/go-plugin/main.go:161.3,161.14 1 21
github.com/mrz1836/go-pre-commit/examples/go-plugin/main.go:164.2,164.14 1 7
github.com/mrz1836/go-pre-commit/examples/go-plugin/main.go:167.74,169.16 2 14
github.com/mrz1836/go-pre-commit/examples/go-plugin/main.go:169.16,171.3 1 1
github.com/mrz1836/go-pre-commit/examples/go-plugin/main.go:172.2,172.15 1 13
github.com/mrz1836/go-pre-commit/examples/go-plugin/main.go:172.15,174.3 1 13
github.com/mrz1836/go-pre-commit/examples/go-plugin/main.go:177.2,179.43 3 13
github.com/mrz1836/go-pre-commit/examples/go-plugin/main.go:179.43,181.3 1 2
github.com/mrz1836/go-pre-commit/examples/go-plugin/main.go:183.2,187.35 3 11
github.com/mrz1836/go-pre-commit/examples/go-plugin/main.go:187.35,188.72 1 16
github.com/mrz1836/go-pre-commit/examples/go-plugin/main.go:188.72,190.4 1 5
github.com/mrz1836/go-pre-commit/examples/go-plugin/main.go:193.2,193.18 1 6
github.com/mrz1836/go-pre-commit/examples/go-plugin/main.go:196.96,206.45 3 14
github.com/mrz1836/go-pre-commit/examples/go-plugin/main.go:206.45,210.3 1 0
github.com/mrz1836/go-pre-commit/internal/checks/registry.go:29.30,45.2 7 2
github.com/mrz1836/go-pre-commit/internal/checks/registry.go:48.58,49.16 1 3
github.com/mrz1836/go-pre-commit/internal/checks/registry.go:49.16,55.3 1 1
github.com/mrz1836/go-pre-commit/internal/checks/registry.go:56.2,71.10 8 2
github.com/mrz1836/go-pre-commit/internal/checks/registry.go:75.42,79.2 3 151
github.com/mrz1836/go-pre-commit/internal/checks/registry.go:82.51,87.2 4 116
github.com/mrz1836/go-pre-commit/internal/checks/registry.go:90.40,95.33 4 107
github.com/mrz1836/go-pre-commit/internal/checks/registry.go:95.33,97.3 1 1327
github.com/mrz1836/go-pre-commit/internal/checks/registry.go:98.2,98.15 1 107
github.com/mrz1836/go-pre-commit/internal/checks/registry.go:102.37,107.2 3 3
github.com/mrz1836/go-pre-commit/internal/checks/registry.go:110.67,112.9 2 6
github.com/mrz1836/go-pre-commit/internal/checks/registry.go:112.9,114.3 1 1
github.com/mrz1836/go-pre-commit/internal/checks/registry.go:115.2,115.50 1 5
github.com/mrz1836/go-pre-commit/internal/checks/registry.go:119.53,124.33 4 102
github.com/mrz1836/go-pre-commit/internal/checks/registry.go:124.33,126.3 1 1199
github.com/mrz1836/go-pre-commit/internal/checks/registry.go:127.2,127.17 1 102
github.com/mrz1836/go-pre-commit/internal/checks/registry.go:131.65,136.33 4 4
github.com/mrz1836/go-pre-commit/internal/checks/registry.go:136.33,138.36 2 16
github.com/mrz1836/go-pre-commit/internal/checks/registry.go:138.36,140.4 1 4
github.com/mrz1836/go-pre-commit/internal/checks/registry.go:142.2,142.15 1 4
github.com/mrz1836/go-pre-commit/internal/checks/registry.go:146.73,152.41 4 1
github.com/mrz1836/go-pre-commit/internal/checks/registry.go:152.41,155.22 2 4
github.com/mrz1836/go-pre-commit/internal/checks/registry.go:155.22,156.12 1 0
github.com/mrz1836/go-pre-commit/internal/checks/registry.go:160.3,161.34 2 4
github.com/mrz1836/go-pre-commit/internal/checks/registry.go:161.34,163.4 1 0
github.com/mrz1836/go-pre-commit/internal/checks/registry.go:164.3,164.33 1 4
github.com/mrz1836/go-pre-commit/internal/checks/registry.go:164.33,165.12 1 0
github.com/mrz1836/go-pre-commit/internal/checks/registry.go:169.3,170.64 2 4
github.com/mrz1836/go-pre-commit/internal/checks/registry.go:170.64,171.12 1 0
github.com/mrz1836/go-pre-commit/internal/checks/registry.go:175.3,175.40 1 4
github.com/mrz1836/go-pre-commit/internal/checks/registry.go:175.40,177.36 2 4
github.com/mrz1836/go-pre-commit/internal/checks/registry.go:177.36,178.13 1 0
github.com/mrz1836/go-pre-commit/internal/checks/registry.go:181.4,182.21 2 4
github.com/mrz1836/go-pre-commit/internal/checks/registry.go:182.21,183.13 1 0
github.com/mrz1836/go-pre-commit/internal/checks/registry.go:187.4,187.35 1 4
github.com/mrz1836/go-pre-commit/internal/checks/registry.go:187.35,193.5 1 4
github.com/mrz1836/go-pre-commit/internal/checks/registry.go:197.2,197.13 1 1
github.com/mrz1836/go-pre-commit/internal/checks/registry.go:208.47,211.2 1 5
github.com/mrz1836/go-pre-commit/internal/checks/registry.go:214.57,219.33 4 2
github.com/mrz1836/go-pre-commit/internal/checks/registry.go:219.33,222.3 2 3
github.com/mrz1836/go-pre-commit/internal/checks/registry.go:223.2,223.14 1 2
github.com/mrz1836/go-pre-commit/internal/checks/registry.go:228.69,230.42 1 1223
github.com/mrz1836/go-pre-commit/internal/checks/registry.go:231.21,232.18 1 704
github.com/mrz1836/go-pre-commit/internal/checks/registry.go:233.10,235.47 1 519
github.com/mrz1836/go-pre-commit/internal/checks/registry.go:240.79,242.35 2 519
github.com/mrz1836/go-pre-commit/internal/checks/registry.go:242.35,244.3 1 3
github.com/mrz1836/go-pre-commit/internal/checks/registry.go:246.2,246.34 1 519
github.com/mrz1836/go-pre-commit/internal/checks/registry.go:246.34,257.3 1 1
github.com/mrz1836/go-pre-commit/internal/checks/registry.go:259.2,262.89 2 518
github.com/mrz1836/go-pre-commit/internal/checks/registry.go:262.89,264.3 1 518
github.com/mrz1836/go-pre-commit/internal/checks/registry.go:266.2,266.96 1 518
github.com/mrz1836/go-pre-commit/internal/checks/registry.go:266.96,268.3 1 518
github.com/mrz1836/go-pre-commit/internal/checks/registry.go:270.2,270.96 1 518
github.com/mrz1836/go-pre-commit/internal/checks/registry.go:270.96,272.36 2 518
github.com/mrz1836/go-pre-commit/internal/checks/registry.go:272.36,273.67 1 1918
github.com/mrz1836/go-pre-commit/internal/checks/registry.go:273.67,275.5 1 1918
github.com/mrz1836/go-pre-commit/internal/checks/registry.go:277.3,277.33 1 518
github.com/mrz1836/go-pre-commit/internal/checks/registry.go:280.2,280.68 1 518
github.com/mrz1836/go-pre-commit/internal/checks/registry.go:280.68,281.60 1 518
github.com/mrz1836/go-pre-commit/internal/checks/registry.go:281.60,283.4 1 518
github.com/mrz1836/go-pre-commit/internal/checks/registry.go:286.2,286.96 1 518
github.com/mrz1836/go-pre-commit/internal/checks/registry.go:286.96,288.36 2 518
github.com/mrz1836/go-pre-commit/internal/checks/registry.go:288.36,289.59 1 301
github.com/mrz1836/go-pre-commit/internal/checks/registry.go:289.59,291.5 1 301
github.com/mrz1836/go-pre-commit/internal/checks/registry.go:293.3,293.29 1 518
github.com/mrz1836/go-pre-commit/internal/checks/registry.go:296.2,296.65 1 518
github.com/mrz1836/go-pre-commit/internal/checks/registry.go:296.65,297.60 1 518
github.com/mrz1836/go-pre-commit/internal/checks/registry.go:297.60,299.4 1 518
github.com/mrz1836/go-pre-commit/internal/checks/registry.go:302.2,302.93 1 518
github.com/mrz1836/go-pre-commit/internal/checks/registry.go:302.93,304.3 1 518
github.com/mrz1836/go-pre-commit/internal/checks/registry.go:306.2,306.96 1 518
github.com/mrz1836/go-pre-commit/internal/checks/registry.go:306.96,308.3 1 518
github.com/mrz1836/go-pre-commit/internal/checks/registry.go:310.2,310.15 1 518
github.com/mrz1836/go-pre-commit/internal/checks/registry.go:314.40,315.29 1 3
github.com/mrz1836/go-pre-commit/internal/checks/registry.go:315.29,317.3 1 1
github.com/mrz1836/go-pre-commit/internal/checks/registry.go:320.2,320.55 1 2
github.com/mrz1836/go-pre-commit/internal/checks/registry.go:320.55,322.3 1 1
github.com/mrz1836/go-pre-commit/internal/checks/registry.go:325.2,325.51 1 1
github.com/mrz1836/go-pre-commit/internal/checks/registry.go:325.51,327.3 1 1
github.com/mrz1836/go-pre-commit/internal/checks/registry.go:329.2,329.12 1 1
github.com/mrz1836/go-pre-commit/internal/checks/builtin/eof.go:23.30,27.2 1 45
github.com/mrz1836/go-pre-commit/internal/checks/builtin/eof.go:30.62,34.2 1 24
github.com/mrz1836/go-pre-commit/internal/checks/builtin/eof.go:37.34,39.2 1 5
github.com/mrz1836/go-pre-commit/internal/checks/builtin/eof.go:42.41,44.2 1 5
github.com/mrz1836/go-pre-commit/internal/checks/builtin/eof.go:47.35,58.2 1 7
github.com/mrz1836/go-pre-commit/internal/checks/builtin/eof.go:61.67,69.29 5 52
github.com/mrz1836/go-pre-commit/internal/checks/builtin/eof.go:69.29,70.10 1 67
github.com/mrz1836/go-pre-commit/internal/checks/builtin/eof.go:71.21,72.20 1 2
github.com/mrz1836/go-pre-commit/internal/checks/builtin/eof.go:73.11,75.18 2 65
github.com/mrz1836/go-pre-commit/internal/checks/builtin/eof.go:75.18,77.5 1 6
github.com/mrz1836/go-pre-commit/internal/checks/builtin/eof.go:77.10,77.23 1 59
github.com/mrz1836/go-pre-commit/internal/checks/builtin/eof.go:77.23,79.5 1 38
github.com/mrz1836/go-pre-commit/internal/checks/builtin/eof.go:83.2,83.21 1 50
github.com/mrz1836/go-pre-commit/internal/checks/builtin/eof.go:83.21,85.3 1 5
github.com/mrz1836/go-pre-commit/internal/checks/builtin/eof.go:87.2,87.17 1 45
github.com/mrz1836/go-pre-commit/internal/checks/builtin/eof.go:87.17,89.3 1 26
github.com/mrz1836/go-pre-commit/internal/checks/builtin/eof.go:91.2,91.12 1 19
github.com/mrz1836/go-pre-commit/internal/checks/builtin/eof.go:95.57,97.29 2 8
github.com/mrz1836/go-pre-commit/internal/checks/builtin/eof.go:97.29,98.23 1 29
github.com/mrz1836/go-pre-commit/internal/checks/builtin/eof.go:98.23,100.4 1 16
github.com/mrz1836/go-pre-commit/internal/checks/builtin/eof.go:102.2,102.17 1 8
github.com/mrz1836/go-pre-commit/internal/checks/builtin/eof.go:106.63,109.16 2 70
github.com/mrz1836/go-pre-commit/internal/checks/builtin/eof.go:109.16,111.3 1 5
github.com/mrz1836/go-pre-commit/internal/checks/builtin/eof.go:114.2,114.23 1 65
github.com/mrz1836/go-pre-commit/internal/checks/builtin/eof.go:114.23,116.3 1 8
github.com/mrz1836/go-pre-commit/internal/checks/builtin/eof.go:119.2,119.37 1 57
github.com/mrz1836/go-pre-commit/internal/checks/builtin/eof.go:119.37,123.64 2 41
github.com/mrz1836/go-pre-commit/internal/checks/builtin/eof.go:123.64,125.4 1 1
github.com/mrz1836/go-pre-commit/internal/checks/builtin/eof.go:126.3,126.19 1 40
github.com/mrz1836/go-pre-commit/internal/checks/builtin/eof.go:129.2,129.19 1 16
github.com/mrz1836/go-pre-commit/internal/checks/builtin/whitespace.go:26.44,32.2 1 77
github.com/mrz1836/go-pre-commit/internal/checks/builtin/whitespace.go:35.76,41.2 1 26
github.com/mrz1836/go-pre-commit/internal/checks/builtin/whitespace.go:44.72,48.16 3 7
github.com/mrz1836/go-pre-commit/internal/checks/builtin/whitespace.go:48.16,51.3 2 6
github.com/mrz1836/go-pre-commit/internal/checks/builtin/whitespace.go:53.2,57.3 1 7
github.com/mrz1836/go-pre-commit/internal/checks/builtin/whitespace.go:61.41,63.2 1 8
github.com/mrz1836/go-pre-commit/internal/checks/builtin/whitespace.go:66.48,68.2 1 5
github.com/mrz1836/go-pre-commit/internal/checks/builtin/whitespace.go:71.42,82.2 1 7
github.com/mrz1836/go-pre-commit/internal/checks/builtin/whitespace.go:85.74,94.29 6 79
github.com/mrz1836/go-pre-commit/internal/checks/builtin/whitespace.go:94.29,95.10 1 103
github.com/mrz1836/go-pre-commit/internal/checks/builtin/whitespace.go:96.21,97.20 1 2
github.com/mrz1836/go-pre-commit/internal/checks/builtin/whitespace.go:98.11,100.18 2 101
github.com/mrz1836/go-pre-commit/internal/checks/builtin/whitespace.go:100.18,102.5 1 7
github.com/mrz1836/go-pre-commit/internal/checks/builtin/whitespace.go:102.10,102.23 1 94
github.com/mrz1836/go-pre-commit/internal/checks/builtin/whitespace.go:102.23,105.5 2 71
github.com/mrz1836/go-pre-commit/internal/checks/builtin/whitespace.go:110.2,110.43 1 77
github.com/mrz1836/go-pre-commit/internal/checks/builtin/whitespace.go:110.43,111.58 1 2
github.com/mrz1836/go-pre-commit/internal/checks/builtin/whitespace.go:111.58,114.4 1 1
github.com/mrz1836/go-pre-commit/internal/checks/builtin/whitespace.go:117.2,117.21 1 77
github.com/mrz1836/go-pre-commit/internal/checks/builtin/whitespace.go:117.21,119.3 1 7
github.com/mrz1836/go-pre-commit/internal/checks/builtin/whitespace.go:121.2,121.17 1 70
github.com/mrz1836/go-pre-commit/internal/checks/builtin/whitespace.go:121.17,123.3 1 48
github.com/mrz1836/go-pre-commit/internal/checks/builtin/whitespace.go:125.2,125.12 1 22
github.com/mrz1836/go-pre-commit/internal/checks/builtin/whitespace.go:129.64,131.29 2 10
github.com/mrz1836/go-pre-commit/internal/checks/builtin/whitespace.go:131.29,132.23 1 47
github.com/mrz1836/go-pre-commit/internal/checks/builtin/whitespace.go:132.23,134.4 1 31
github.com/mrz1836/go-pre-commit/internal/checks/builtin/whitespace.go:136.2,136.17 1 10
github.com/mrz1836/go-pre-commit/internal/checks/builtin/whitespace.go:140.70,143.16 2 109
github.com/mrz1836/go-pre-commit/internal/checks/builtin/whitespace.go:143.16,145.3 1 6
github.com/mrz1836/go-pre-commit/internal/checks/builtin/whitespace.go:149.2,156.34 5 103
github.com/mrz1836/go-pre-commit/internal/checks/builtin/whitespace.go:156.34,162.22 4 10232
github.com/mrz1836/go-pre-commit/internal/checks/builtin/whitespace.go:162.22,164.4 1 5101
github.com/mrz1836/go-pre-commit/internal/checks/builtin/whitespace.go:166.3,166.20 1 10232
github.com/mrz1836/go-pre-commit/internal/checks/builtin/whitespace.go:166.20,168.4 1 10121
github.com/mrz1836/go-pre-commit/internal/checks/builtin/whitespace.go:170.3,172.23 2 10232
github.com/mrz1836/go-pre-commit/internal/checks/builtin/whitespace.go:172.23,174.4 1 10129
github.com/mrz1836/go-pre-commit/internal/checks/builtin/whitespace.go:178.2,178.14 1 103
github.com/mrz1836/go-pre-commit/internal/checks/builtin/whitespace.go:178.14,182.44 2 77
github.com/mrz1836/go-pre-commit/internal/checks/builtin/whitespace.go:182.44,184.47 1 10
github.com/mrz1836/go-pre-commit/internal/checks/builtin/whitespace.go:184.47,186.5 1 0
github.com/mrz1836/go-pre-commit/internal/checks/builtin/whitespace.go:186.10,190.25 1 10
github.com/mrz1836/go-pre-commit/internal/checks/builtin/whitespace.go:190.25,192.6 1 6
github.com/mrz1836/go-pre-commit/internal/checks/builtin/whitespace.go:192.11,192.47 1 4
github.com/mrz1836/go-pre-commit/internal/checks/builtin/whitespace.go:192.47,194.6 1 2
github.com/mrz1836/go-pre-commit/internal/checks/builtin/whitespace.go:194.11,196.6 1 2
github.com/mrz1836/go-pre-commit/internal/checks/builtin/whitespace.go:198.9,200.56 1 67
github.com/mrz1836/go-pre-commit/internal/checks/builtin/whitespace.go:200.56,202.5 1 59
github.com/mrz1836/go-pre-commit/internal/checks/builtin/whitespace.go:205.4,205.59 1 67
github.com/mrz1836/go-pre-commit/internal/checks/builtin/whitespace.go:205.59,207.5 1 58
github.com/mrz1836/go-pre-commit/internal/checks/builtin/whitespace.go:210.3,210.63 1 77
github.com/mrz1836/go-pre-commit/internal/checks/builtin/whitespace.go:210.63,212.4 1 1
github.com/mrz1836/go-pre-commit/internal/checks/builtin/whitespace.go:215.2,215.22 1 102
github.com/mrz1836/go-pre-commit/internal/checks/builtin/whitespace.go:219.81,220.21 1 3
github.com/mrz1836/go-pre-commit/internal/checks/builtin/whitespace.go:220.21,222.3 1 0
github.com/mrz1836/go-pre-commit/internal/checks/builtin/whitespace.go:225.2,229.49 3 3
github.com/mrz1836/go-pre-commit/internal/checks/builtin/whitespace.go:229.49,233.3 2 3
github.com/mrz1836/go-pre-commit/internal/checks/builtin/whitespace.go:236.2,236.53 1 3
github.com/mrz1836/go-pre-commit/internal/checks/builtin/whitespace.go:236.53,238.3 1 1
github.com/mrz1836/go-pre-commit/internal/checks/builtin/whitespace.go:240.2,240.12 1 2
github.com/mrz1836/go-pre-commit/internal/checks/builtin/whitespace.go:244.39,298.25 3 121
github.com/mrz1836/go-pre-commit/internal/checks/builtin/whitespace.go:298.25,300.3 1 57
github.com/mrz1836/go-pre-commit/internal/checks/builtin/whitespace.go:303.2,322.24 3 64
github.com/mrz1836/go-pre-commit/internal/envfile/envfile.go:24.34,26.2 1 5
github.com/mrz1836/go-pre-commit/internal/envfile/envfile.go:30.38,32.2 1 20
github.com/mrz1836/go-pre-commit/internal/envfile/envfile.go:37.52,39.16 2 15
github.com/mrz1836/go-pre-commit/internal/envfile/envfile.go:39.16,41.3 1 2
github.com/mrz1836/go-pre-commit/internal/envfile/envfile.go:42.2,42.19 1 13
github.com/mrz1836/go-pre-commit/internal/envfile/envfile.go:42.19,44.3 1 1
github.com/mrz1836/go-pre-commit/internal/envfile/envfile.go:46.2,47.16 2 12
github.com/mrz1836/go-pre-commit/internal/envfile/envfile.go:47.16,49.3 1 0
github.com/mrz1836/go-pre-commit/internal/envfile/envfile.go:51.2,54.34 3 12
github.com/mrz1836/go-pre-commit/internal/envfile/envfile.go:54.34,55.60 1 20
github.com/mrz1836/go-pre-commit/internal/envfile/envfile.go:55.60,56.12 1 3
github.com/mrz1836/go-pre-commit/internal/envfile/envfile.go:58.3,58.43 1 17
github.com/mrz1836/go-pre-commit/internal/envfile/envfile.go:58.43,60.4 1 0
github.com/mrz1836/go-pre-commit/internal/envfile/envfile.go:61.3,61.11 1 17
github.com/mrz1836/go-pre-commit/internal/envfile/envfile.go:64.2,64.17 1 12
github.com/mrz1836/go-pre-commit/internal/envfile/envfile.go:64.17,66.3 1 3
github.com/mrz1836/go-pre-commit/internal/envfile/envfile.go:68.2,68.12 1 9
github.com/mrz1836/go-pre-commit/internal/envfile/envfile.go:73.53,76.16 2 25
github.com/mrz1836/go-pre-commit/internal/envfile/envfile.go:76.16,78.3 1 2
github.com/mrz1836/go-pre-commit/internal/envfile/envfile.go:81.2,84.33 2 23
github.com/mrz1836/go-pre-commit/internal/envfile/envfile.go:84.33,86.40 1 33
github.com/mrz1836/go-pre-commit/internal/envfile/envfile.go:86.40,87.12 1 1
github.com/mrz1836/go-pre-commit/internal/envfile/envfile.go:89.3,89.47 1 32
github.com/mrz1836/go-pre-commit/internal/envfile/envfile.go:89.47,91.4 1 0
github.com/mrz1836/go-pre-commit/internal/envfile/envfile.go:94.2,94.12 1 23
github.com/mrz1836/go-pre-commit/internal/envfile/envfile.go:105.46,111.35 3 62
github.com/mrz1836/go-pre-commit/internal/envfile/envfile.go:111.35,116.17 2 172
github.com/mrz1836/go-pre-commit/internal/envfile/envfile.go:116.17,117.12 1 55
github.com/mrz1836/go-pre-commit/internal/envfile/envfile.go:121.3,121.35 1 117
github.com/mrz1836/go-pre-commit/internal/envfile/envfile.go:121.35,122.12 1 16
github.com/mrz1836/go-pre-commit/internal/envfile/envfile.go:126.3,127.20 2 101
github.com/mrz1836/go-pre-commit/internal/envfile/envfile.go:127.20,129.12 1 4
github.com/mrz1836/go-pre-commit/internal/envfile/envfile.go:133.3,134.16 2 97
github.com/mrz1836/go-pre-commit/internal/envfile/envfile.go:134.16,136.12 1 6
github.com/mrz1836/go-pre-commit/internal/envfile/envfile.go:140.3,141.28 2 91
github.com/mrz1836/go-pre-commit/internal/envfile/envfile.go:141.28,143.4 1 88
github.com/mrz1836/go-pre-commit/internal/envfile/envfile.go:146.3,152.14 3 91
github.com/mrz1836/go-pre-commit/internal/envfile/envfile.go:155.2,155.15 1 62
github.com/mrz1836/go-pre-commit/internal/envfile/envfile.go:162.40,167.21 2 118
github.com/mrz1836/go-pre-commit/internal/envfile/envfile.go:167.21,169.71 1 111
github.com/mrz1836/go-pre-commit/internal/envfile/envfile.go:169.71,172.4 1 12
github.com/mrz1836/go-pre-commit/internal/envfile/envfile.go:174.3,174.69 1 99
github.com/mrz1836/go-pre-commit/internal/envfile/envfile.go:174.69,177.4 1 6
github.com/mrz1836/go-pre-commit/internal/envfile/envfile.go:182.2,182.50 1 100
github.com/mrz1836/go-pre-commit/internal/envfile/envfile.go:182.50,184.3 1 12
github.com/mrz1836/go-pre-commit/internal/envfile/envfile.go:184.8,184.58 1 88
github.com/mrz1836/go-pre-commit/internal/envfile/envfile.go:184.58,186.3 1 0
github.com/mrz1836/go-pre-commit/internal/envfile/envfile.go:189.2,191.14 2 100
github.com/mrz1836/go-pre-commit/internal/envfile/envfile.go:196.32,198.79 1 237
github.com/mrz1836/go-pre-commit/internal/envfile/envfile.go:198.79,200.3 1 33
github.com/mrz1836/go-pre-commit/internal/envfile/envfile.go:203.2,205.44 1 204
github.com/mrz1836/go-pre-commit/internal/config/config.go:108.30,110.42 1 27
github.com/mrz1836/go-pre-commit/internal/config/config.go:110.42,111.57 1 6
github.com/mrz1836/go-pre-commit/internal/config/config.go:111.57,113.4 1 0
github.com/mrz1836/go-pre-commit/internal/config/config.go:114.8,117.17 2 21
github.com/mrz1836/go-pre-commit/internal/config/config.go:117.17,119.4 1 2
github.com/mrz1836/go-pre-commit/internal/config/config.go:120.3,120.56 1 19
github.com/mrz1836/go-pre-commit/internal/config/config.go:120.56,122.4 1 1
github.com/mrz1836/go-pre-commit/internal/config/config.go:123.3,124.23 2 18
github.com/mrz1836/go-pre-commit/internal/config/config.go:124.23,125.71 1 1
github.com/mrz1836/go-pre-commit/internal/config/config.go:125.71,127.5 1 0
github.com/mrz1836/go-pre-commit/internal/config/config.go:131.2,176.20 30 24
github.com/mrz1836/go-pre-commit/internal/config/config.go:176.20,178.42 2 24
github.com/mrz1836/go-pre-commit/internal/config/config.go:178.42,180.4 1 72
github.com/mrz1836/go-pre-commit/internal/config/config.go:184.2,197.62 6 24
github.com/mrz1836/go-pre-commit/internal/config/config.go:197.62,199.3 1 3
github.com/mrz1836/go-pre-commit/internal/config/config.go:202.2,207.39 4 24
github.com/mrz1836/go-pre-commit/internal/config/config.go:207.39,209.3 1 0
github.com/mrz1836/go-pre-commit/internal/config/config.go:211.2,211.17 1 24
github.com/mrz1836/go-pre-commit/internal/config/config.go:215.35,219.20 2 37
github.com/mrz1836/go-pre-commit/internal/config/config.go:219.20,221.3 1 1
github.com/mrz1836/go-pre-commit/internal/config/config.go:223.2,223.37 1 37
github.com/mrz1836/go-pre-commit/internal/config/config.go:223.37,225.3 1 9
github.com/mrz1836/go-pre-commit/internal/config/config.go:227.2,227.32 1 37
github.com/mrz1836/go-pre-commit/internal/config/config.go:227.32,229.3 1 9
github.com/mrz1836/go-pre-commit/internal/config/config.go:231.2,231.31 1 37
github.com/mrz1836/go-pre-commit/internal/config/config.go:231.31,233.3 1 8
github.com/mrz1836/go-pre-commit/internal/config/config.go:235.2,235.34 1 37
github.com/mrz1836/go-pre-commit/internal/config/config.go:235.34,237.3 1 9
github.com/mrz1836/go-pre-commit/internal/config/config.go:239.2,239.37 1 37
github.com/mrz1836/go-pre-commit/internal/config/config.go:239.37,241.3 1 8
github.com/mrz1836/go-pre-commit/internal/config/config.go:243.2,243.30 1 37
github.com/mrz1836/go-pre-commit/internal/config/config.go:243.30,245.3 1 8
github.com/mrz1836/go-pre-commit/internal/config/config.go:247.2,247.35 1 37
github.com/mrz1836/go-pre-commit/internal/config/config.go:247.35,249.3 1 12
github.com/mrz1836/go-pre-commit/internal/config/config.go:252.2,252.24 1 37
github.com/mrz1836/go-pre-commit/internal/config/config.go:252.24,254.3 1 1
github.com/mrz1836/go-pre-commit/internal/config/config.go:256.2,256.25 1 37
github.com/mrz1836/go-pre-commit/internal/config/config.go:256.25,258.3 1 1
github.com/mrz1836/go-pre-commit/internal/config/config.go:261.2,261.39 1 37
github.com/mrz1836/go-pre-commit/internal/config/config.go:261.39,263.3 1 1
github.com/mrz1836/go-pre-commit/internal/config/config.go:266.2,273.50 2 37
github.com/mrz1836/go-pre-commit/internal/config/config.go:273.50,275.3 1 4
github.com/mrz1836/go-pre-commit/internal/config/config.go:280.2,280.68 1 37
github.com/mrz1836/go-pre-commit/internal/config/config.go:280.68,281.44 1 7
github.com/mrz1836/go-pre-commit/internal/config/config.go:281.44,283.4 1 1
github.com/mrz1836/go-pre-commit/internal/config/config.go:286.2,286.82 1 37
github.com/mrz1836/go-pre-commit/internal/config/config.go:286.82,287.51 1 7
github.com/mrz1836/go-pre-commit/internal/config/config.go:287.51,289.4 1 1
github.com/mrz1836/go-pre-commit/internal/config/config.go:293.2,293.48 1 37
github.com/mrz1836/go-pre-commit/internal/config/config.go:293.48,294.39 1 76
github.com/mrz1836/go-pre-commit/internal/config/config.go:294.39,296.4 1 2
github.com/mrz1836/go-pre-commit/internal/config/config.go:299.2,299.21 1 37
github.com/mrz1836/go-pre-commit/internal/config/config.go:299.21,303.3 1 12
github.com/mrz1836/go-pre-commit/internal/config/config.go:305.2,305.12 1 25
github.com/mrz1836/go-pre-commit/internal/config/config.go:311.40,312.64 1 6
github.com/mrz1836/go-pre-commit/internal/config/config.go:312.64,314.3 1 3
github.com/mrz1836/go-pre-commit/internal/config/config.go:315.2,315.41 1 3
github.com/mrz1836/go-pre-commit/internal/config/config.go:324.42,326.2 1 1
github.com/mrz1836/go-pre-commit/internal/config/config.go:329.42,331.57 1 37
github.com/mrz1836/go-pre-commit/internal/config/config.go:331.57,335.22 3 28
github.com/mrz1836/go-pre-commit/internal/config/config.go:335.22,337.4 1 26
github.com/mrz1836/go-pre-commit/internal/config/config.go:339.2,339.14 1 11
github.com/mrz1836/go-pre-commit/internal/config/config.go:343.29,431.2 1 1
github.com/mrz1836/go-pre-commit/internal/config/config.go:434.40,436.86 1 23
github.com/mrz1836/go-pre-commit/internal/config/config.go:436.86,438.45 2 0
github.com/mrz1836/go-pre-commit/internal/config/config.go:438.45,440.4 1 0
github.com/mrz1836/go-pre-commit/internal/config/config.go:442.3,442.41 1 0
github.com/mrz1836/go-pre-commit/internal/config/config.go:446.2,446.56 1 23
github.com/mrz1836/go-pre-commit/internal/config/config.go:446.56,448.3 1 16
github.com/mrz1836/go-pre-commit/internal/config/config.go:451.2,452.16 2 7
github.com/mrz1836/go-pre-commit/internal/config/config.go:452.16,454.3 1 0
github.com/mrz1836/go-pre-commit/internal/config/config.go:456.2,456.6 1 7
github.com/mrz1836/go-pre-commit/internal/config/config.go:456.6,458.45 2 24
github.com/mrz1836/go-pre-commit/internal/config/config.go:458.45,460.4 1 4
github.com/mrz1836/go-pre-commit/internal/config/config.go:462.3,463.20 2 20
github.com/mrz1836/go-pre-commit/internal/config/config.go:463.20,465.9 1 3
github.com/mrz1836/go-pre-commit/internal/config/config.go:467.3,467.15 1 17
github.com/mrz1836/go-pre-commit/internal/config/config.go:470.2,470.40 1 3
github.com/mrz1836/go-pre-commit/internal/config/config.go:474.48,477.47 3 18
github.com/mrz1836/go-pre-commit/internal/config/config.go:477.47,479.3 1 1
github.com/mrz1836/go-pre-commit/internal/config/config.go:480.2,480.11 1 17
github.com/mrz1836/go-pre-commit/internal/config/config.go:486.26,488.86 1 27
github.com/mrz1836/go-pre-commit/internal/config/config.go:488.86,490.26 2 0
github.com/mrz1836/go-pre-commit/internal/config/config.go:490.26,492.4 1 0
github.com/mrz1836/go-pre-commit/internal/config/config.go:493.3,493.12 1 0
github.com/mrz1836/go-pre-commit/internal/config/config.go:497.2,497.32 1 27
github.com/mrz1836/go-pre-commit/internal/config/config.go:497.32,499.3 1 5
github.com/mrz1836/go-pre-commit/internal/config/config.go:502.2,503.16 2 22
github.com/mrz1836/go-pre-commit/internal/config/config.go:503.16,505.3 1 0
github.com/mrz1836/go-pre-commit/internal/config/config.go:507.2,507.6 1 22
github.com/mrz1836/go-pre-commit/internal/config/config.go:507.6,509.26 2 89
github.com/mrz1836/go-pre-commit/internal/config/config.go:509.26,511.4 1 1
github.com/mrz1836/go-pre-commit/internal/config/config.go:513.3,514.20 2 88
github.com/mrz1836/go-pre-commit/internal/config/config.go:514.20,515.9 1 21
github.com/mrz1836/go-pre-commit/internal/config/config.go:517.3,517.15 1 67
github.com/mrz1836/go-pre-commit/internal/config/config.go:520.2,520.11 1 21
github.com/mrz1836/go-pre-commit/internal/config/config.go:524.39,526.33 2 116
github.com/mrz1836/go-pre-commit/internal/config/config.go:526.33,528.3 1 110
github.com/mrz1836/go-pre-commit/internal/config/config.go:529.2,530.16 2 6
github.com/mrz1836/go-pre-commit/internal/config/config.go:530.16,532.3 1 0
github.com/mrz1836/go-pre-commit/internal/config/config.go:533.2,533.25 1 6
github.com/mrz1836/go-pre-commit/internal/config/config.go:537.18,539.2 1 6
github.com/mrz1836/go-pre-commit/internal/config/config.go:542.53,544.15 2 395
github.com/mrz1836/go-pre-commit/internal/config/config.go:544.15,546.3 1 123
github.com/mrz1836/go-pre-commit/internal/config/config.go:547.2,548.16 2 272
github.com/mrz1836/go-pre-commit/internal/config/config.go:548.16,550.3 1 11
github.com/mrz1836/go-pre-commit/internal/config/config.go:551.2,551.10 1 261
github.com/mrz1836/go-pre-commit/internal/config/config.go:555.43,572.39 2 44
github.com/mrz1836/go-pre-commit/internal/config/config.go:572.39,573.30 1 428
github.com/mrz1836/go-pre-commit/internal/config/config.go:573.30,575.4 1 16
github.com/mrz1836/go-pre-commit/internal/config/config.go:579.2,579.27 1 28
github.com/mrz1836/go-pre-commit/internal/config/config.go:579.27,581.3 1 6
github.com/mrz1836/go-pre-commit/internal/config/config.go:583.2,583.18 1 22
github.com/mrz1836/go-pre-commit/internal/config/config.go:587.45,589.41 1 5
github.com/mrz1836/go-pre-commit/internal/config/config.go:589.41,591.3 1 4
github.com/mrz1836/go-pre-commit/internal/config/config.go:594.2,594.24 1 5
github.com/mrz1836/go-pre-commit/internal/config/config.go:594.24,596.3 1 4
github.com/mrz1836/go-pre-commit/internal/config/config.go:599.2,599.35 1 5
github.com/mrz1836/go-pre-commit/internal/config/config.go:599.35,601.3 1 4
github.com/mrz1836/go-pre-commit/internal/config/config.go:604.2,604.62 1 5
github.com/mrz1836/go-pre-commit/internal/config/config.go:604.62,605.29 1 20
github.com/mrz1836/go-pre-commit/internal/config/config.go:605.29,607.4 1 19
github.com/mrz1836/go-pre-commit/internal/config/config.go:610.2,613.47 4 5
github.com/mrz1836/go-pre-commit/internal/config/config.go:616.50,618.15 2 319
github.com/mrz1836/go-pre-commit/internal/config/config.go:618.15,620.3 1 194
[...]
github.com/mrz1836/go-pre-commit/internal/checks/gotools/gitleaks.go:258.17,259.12 1 6
github.com/mrz1836/go-pre-commit/internal/checks/gotools/gitleaks.go:264.3,265.71 1 25
github.com/mrz1836/go-pre-commit/internal/checks/gotools/gitleaks.go:265.71,266.62 1 14
github.com/mrz1836/go-pre-commit/internal/checks/gotools/gitleaks.go:266.62,268.5 1 1
github.com/mrz1836/go-pre-commit/internal/checks/gotools/gitleaks.go:269.4,271.42 3 14
github.com/mrz1836/go-pre-commit/internal/checks/gotools/gitleaks.go:271.42,273.5 1 4
github.com/mrz1836/go-pre-commit/internal/checks/gotools/gitleaks.go:278.2,278.22 1 5
github.com/mrz1836/go-pre-commit/internal/checks/gotools/gitleaks.go:278.22,281.3 2 3
github.com/mrz1836/go-pre-commit/internal/checks/gotools/gitleaks.go:284.2,284.15 1 2
github.com/mrz1836/go-pre-commit/internal/checks/gotools/gitleaks.go:289.97,293.40 3 4
github.com/mrz1836/go-pre-commit/internal/checks/gotools/gitleaks.go:293.40,295.3 1 2
github.com/mrz1836/go-pre-commit/internal/checks/gotools/gitleaks.go:298.2,301.16 4 2
github.com/mrz1836/go-pre-commit/internal/checks/gotools/gitleaks.go:301.16,303.3 1 0
github.com/mrz1836/go-pre-commit/internal/checks/gotools/gitleaks.go:304.2,311.43 4 2
github.com/mrz1836/go-pre-commit/internal/checks/gotools/gitleaks.go:311.43,315.17 4 4
github.com/mrz1836/go-pre-commit/internal/checks/gotools/gitleaks.go:315.17,317.9 2 1
github.com/mrz1836/go-pre-commit/internal/checks/gotools/gitleaks.go:321.2,321.22 1 2
github.com/mrz1836/go-pre-commit/internal/checks/gotools/gitleaks.go:321.22,323.3 1 1
github.com/mrz1836/go-pre-commit/internal/checks/gotools/gitleaks.go:327.2,328.21 2 1
github.com/mrz1836/go-pre-commit/internal/checks/gotools/lint.go:30.32,36.2 1 17
github.com/mrz1836/go-pre-commit/internal/checks/gotools/lint.go:39.74,45.2 1 32
github.com/mrz1836/go-pre-commit/internal/checks/gotools/lint.go:48.110,54.2 1 7
github.com/mrz1836/go-pre-commit/internal/checks/gotools/lint.go:57.35,59.2 1 1
github.com/mrz1836/go-pre-commit/internal/checks/gotools/lint.go:62.42,64.2 1 1
github.com/mrz1836/go-pre-commit/internal/checks/gotools/lint.go:67.36,78.2 1 8
github.com/mrz1836/go-pre-commit/internal/checks/gotools/lint.go:81.68,83.21 1 27
github.com/mrz1836/go-pre-commit/internal/checks/gotools/lint.go:83.21,85.3 1 3
github.com/mrz1836/go-pre-commit/internal/checks/gotools/lint.go:88.2,88.69 1 24
github.com/mrz1836/go-pre-commit/internal/checks/gotools/lint.go:88.69,90.35 2 1
github.com/mrz1836/go-pre-commit/internal/checks/gotools/lint.go:90.35,92.4 1 2
github.com/mrz1836/go-pre-commit/internal/checks/gotools/lint.go:97.2,97.36 1 24
github.com/mrz1836/go-pre-commit/internal/checks/gotools/lint.go:101.58,103.29 2 2
github.com/mrz1836/go-pre-commit/internal/checks/gotools/lint.go:103.29,104.37 1 9
github.com/mrz1836/go-pre-commit/internal/checks/gotools/lint.go:104.37,106.4 1 4
github.com/mrz1836/go-pre-commit/internal/checks/gotools/lint.go:108.2,108.17 1 2
github.com/mrz1836/go-pre-commit/internal/checks/gotools/lint.go:112.78,116.16 2 38
github.com/mrz1836/go-pre-commit/internal/checks/gotools/lint.go:116.16,118.3 1 5
github.com/mrz1836/go-pre-commit/internal/checks/gotools/lint.go:121.2,122.29 2 33
github.com/mrz1836/go-pre-commit/internal/checks/gotools/lint.go:122.29,125.3 2 85
github.com/mrz1836/go-pre-commit/internal/checks/gotools/lint.go:128.2,128.26 1 33
github.com/mrz1836/go-pre-commit/internal/checks/gotools/lint.go:128.26,130.3 1 12
github.com/mrz1836/go-pre-commit/internal/checks/gotools/lint.go:134.2,138.30 4 21
github.com/mrz1836/go-pre-commit/internal/checks/gotools/lint.go:138.30,141.17 2 69
github.com/mrz1836/go-pre-commit/internal/checks/gotools/lint.go:141.17,144.87 2 16
github.com/mrz1836/go-pre-commit/internal/checks/gotools/lint.go:144.87,147.5 2 0
github.com/mrz1836/go-pre-commit/internal/checks/gotools/lint.go:147.10,150.5 2 16
github.com/mrz1836/go-pre-commit/internal/checks/gotools/lint.go:155.2,155.24 1 21
github.com/mrz1836/go-pre-commit/internal/checks/gotools/lint.go:155.24,158.42 2 9
github.com/mrz1836/go-pre-commit/internal/checks/gotools/lint.go:158.42,167.4 1 0
github.com/mrz1836/go-pre-commit/internal/checks/gotools/lint.go:170.3,174.4 1 9
github.com/mrz1836/go-pre-commit/internal/checks/gotools/lint.go:177.2,177.12 1 12
github.com/mrz1836/go-pre-commit/internal/checks/gotools/lint.go:182.96,187.2 2 13
github.com/mrz1836/go-pre-commit/internal/checks/gotools/lint.go:190.89,195.26 2 83
github.com/mrz1836/go-pre-commit/internal/checks/gotools/lint.go:195.26,197.3 1 0
github.com/mrz1836/go-pre-commit/internal/checks/gotools/lint.go:200.2,205.27 4 83
github.com/mrz1836/go-pre-commit/internal/checks/gotools/lint.go:205.27,210.3 2 7
github.com/mrz1836/go-pre-commit/internal/checks/gotools/lint.go:210.8,213.49 2 76
github.com/mrz1836/go-pre-commit/internal/checks/gotools/lint.go:213.49,216.18 2 14
github.com/mrz1836/go-pre-commit/internal/checks/gotools/lint.go:216.18,219.5 2 14
github.com/mrz1836/go-pre-commit/internal/checks/gotools/lint.go:220.9,220.30 1 62
github.com/mrz1836/go-pre-commit/internal/checks/gotools/lint.go:220.30,222.23 1 61
github.com/mrz1836/go-pre-commit/internal/checks/gotools/lint.go:222.23,225.34 3 0
github.com/mrz1836/go-pre-commit/internal/checks/gotools/lint.go:225.34,227.6 1 0
github.com/mrz1836/go-pre-commit/internal/checks/gotools/lint.go:227.11,229.6 1 0
github.com/mrz1836/go-pre-commit/internal/checks/gotools/lint.go:232.5,232.36 1 0
github.com/mrz1836/go-pre-commit/internal/checks/gotools/lint.go:232.36,235.57 3 0
github.com/mrz1836/go-pre-commit/internal/checks/gotools/lint.go:235.57,238.7 1 0
github.com/mrz1836/go-pre-commit/internal/checks/gotools/lint.go:238.12,241.7 1 0
github.com/mrz1836/go-pre-commit/internal/checks/gotools/lint.go:242.11,245.6 1 0
github.com/mrz1836/go-pre-commit/internal/checks/gotools/lint.go:246.10,250.5 1 61
github.com/mrz1836/go-pre-commit/internal/checks/gotools/lint.go:256.2,256.68 1 22
github.com/mrz1836/go-pre-commit/internal/checks/gotools/lint.go:256.68,261.3 1 22
github.com/mrz1836/go-pre-commit/internal/checks/gotools/lint.go:264.2,276.34 9 0
github.com/mrz1836/go-pre-commit/internal/checks/gotools/lint.go:276.34,280.53 2 0
github.com/mrz1836/go-pre-commit/internal/checks/gotools/lint.go:280.53,286.4 1 0
github.com/mrz1836/go-pre-commit/internal/checks/gotools/lint.go:289.3,289.73 1 0
github.com/mrz1836/go-pre-commit/internal/checks/gotools/lint.go:289.73,291.4 1 0
github.com/mrz1836/go-pre-commit/internal/checks/gotools/lint.go:294.3,294.118 1 0
github.com/mrz1836/go-pre-commit/internal/checks/gotools/lint.go:294.118,300.4 1 0
github.com/mrz1836/go-pre-commit/internal/checks/gotools/lint.go:303.3,303.72 1 0
github.com/mrz1836/go-pre-commit/internal/checks/gotools/lint.go:303.72,315.4 2 0
github.com/mrz1836/go-pre-commit/internal/checks/gotools/lint.go:318.3,322.4 1 0
github.com/mrz1836/go-pre-commit/internal/checks/gotools/lint.go:325.2,325.12 1 0
github.com/mrz1836/go-pre-commit/internal/checks/gotools/lint.go:334.98,344.2 7 0
github.com/mrz1836/go-pre-commit/internal/checks/gotools/lint.go:347.114,351.16 3 4
github.com/mrz1836/go-pre-commit/internal/checks/gotools/lint.go:351.16,357.3 1 0
github.com/mrz1836/go-pre-commit/internal/checks/gotools/lint.go:360.2,361.25 2 4
github.com/mrz1836/go-pre-commit/internal/checks/gotools/lint.go:361.25,367.3 1 1
github.com/mrz1836/go-pre-commit/internal/checks/gotools/lint.go:370.2,375.21 5 3
github.com/mrz1836/go-pre-commit/internal/checks/gotools/lint.go:375.21,378.3 1 1
github.com/mrz1836/go-pre-commit/internal/checks/gotools/lint.go:381.2,381.81 1 2
github.com/mrz1836/go-pre-commit/internal/checks/gotools/lint.go:381.81,390.3 2 1
github.com/mrz1836/go-pre-commit/internal/checks/gotools/lint.go:392.2,397.3 1 1
github.com/mrz1836/go-pre-commit/internal/checks/gotools/lint.go:402.45,410.29 5 7
github.com/mrz1836/go-pre-commit/internal/checks/gotools/lint.go:410.29,412.17 2 18
github.com/mrz1836/go-pre-commit/internal/checks/gotools/lint.go:412.17,413.12 1 2
github.com/mrz1836/go-pre-commit/internal/checks/gotools/lint.go:418.3,418.68 1 16
github.com/mrz1836/go-pre-commit/internal/checks/gotools/lint.go:418.68,423.30 2 10
github.com/mrz1836/go-pre-commit/internal/checks/gotools/lint.go:423.30,425.23 2 8
github.com/mrz1836/go-pre-commit/internal/checks/gotools/lint.go:425.23,427.6 1 3
github.com/mrz1836/go-pre-commit/internal/checks/gotools/lint.go:428.5,429.17 2 8
github.com/mrz1836/go-pre-commit/internal/checks/gotools/lint.go:435.2,435.20 1 7
github.com/mrz1836/go-pre-commit/internal/checks/gotools/lint.go:435.20,438.3 2 5
github.com/mrz1836/go-pre-commit/internal/checks/gotools/lint.go:441.2,441.15 1 2
github.com/mrz1836/go-pre-commit/internal/checks/gotools/lint.go:446.39,450.2 2 15
github.com/mrz1836/go-pre-commit/internal/checks/gotools/lint.go:453.47,456.29 2 5
github.com/mrz1836/go-pre-commit/internal/checks/gotools/lint.go:456.29,458.17 2 7
github.com/mrz1836/go-pre-commit/internal/checks/gotools/lint.go:458.17,459.12 1 0
github.com/mrz1836/go-pre-commit/internal/checks/gotools/lint.go:462.3,465.20 3 7
github.com/mrz1836/go-pre-commit/internal/checks/gotools/lint.go:465.20,467.4 1 0
github.com/mrz1836/go-pre-commit/internal/checks/gotools/lint.go:469.3,469.27 1 7
github.com/mrz1836/go-pre-commit/internal/checks/gotools/lint.go:469.27,473.46 2 44
github.com/mrz1836/go-pre-commit/internal/checks/gotools/lint.go:473.46,475.30 2 4
github.com/mrz1836/go-pre-commit/internal/checks/gotools/lint.go:475.30,477.6 1 4
github.com/mrz1836/go-pre-commit/internal/checks/gotools/lint.go:480.4,480.45 1 44
github.com/mrz1836/go-pre-commit/internal/checks/gotools/lint.go:480.45,482.30 2 2
github.com/mrz1836/go-pre-commit/internal/checks/gotools/lint.go:482.30,484.6 1 2
github.com/mrz1836/go-pre-commit/internal/checks/gotools/lint.go:490.2,491.26 2 5
github.com/mrz1836/go-pre-commit/internal/checks/gotools/lint.go:491.26,493.88 1 6
github.com/mrz1836/go-pre-commit/internal/checks/gotools/lint.go:493.88,495.4 1 6
github.com/mrz1836/go-pre-commit/internal/checks/gotools/lint.go:497.2,497.13 1 5
github.com/mrz1836/go-pre-commit/internal/checks/gotools/lint.go:501.54,507.60 3 4
github.com/mrz1836/go-pre-commit/internal/checks/gotools/lint.go:507.60,509.3 1 37
github.com/mrz1836/go-pre-commit/internal/checks/gotools/lint.go:511.2,511.29 1 4
github.com/mrz1836/go-pre-commit/internal/checks/gotools/lint.go:511.29,513.49 2 4
github.com/mrz1836/go-pre-commit/internal/checks/gotools/lint.go:513.49,515.4 1 4
github.com/mrz1836/go-pre-commit/internal/checks/gotools/lint.go:518.2,518.13 1 4
github.com/mrz1836/go-pre-commit/internal/checks/gotools/lint.go:522.60,528.60 3 2
github.com/mrz1836/go-pre-commit/internal/checks/gotools/lint.go:528.60,530.3 1 16
github.com/mrz1836/go-pre-commit/internal/checks/gotools/lint.go:532.2,532.29 1 2
github.com/mrz1836/go-pre-commit/internal/checks/gotools/lint.go:532.29,536.17 3 2
github.com/mrz1836/go-pre-commit/internal/checks/gotools/lint.go:536.17,538.4 1 2
github.com/mrz1836/go-pre-commit/internal/checks/gotools/lint.go:541.2,541.13 1 2
github.com/mrz1836/go-pre-commit/internal/checks/gotools/lint.go:545.34,549.2 3 342
github.com/mrz1836/go-pre-commit/internal/checks/gotools/lint.go:553.58,556.6 2 107
github.com/mrz1836/go-pre-commit/internal/checks/gotools/lint.go:556.6,558.26 1 251
github.com/mrz1836/go-pre-commit/internal/checks/gotools/lint.go:558.26,560.4 1 40
github.com/mrz1836/go-pre-commit/internal/checks/gotools/lint.go:563.3,566.64 2 211
github.com/mrz1836/go-pre-commit/internal/checks/gotools/lint.go:566.64,567.9 1 67
github.com/mrz1836/go-pre-commit/internal/checks/gotools/lint.go:570.3,570.19 1 144
github.com/mrz1836/go-pre-commit/internal/checks/gotools/lint.go:573.2,573.11 1 67
github.com/mrz1836/go-pre-commit/internal/checks/gotools/mod_tidy.go:35.38,41.2 1 18
github.com/mrz1836/go-pre-commit/internal/checks/gotools/mod_tidy.go:44.80,50.2 1 5
github.com/mrz1836/go-pre-commit/internal/checks/gotools/mod_tidy.go:53.116,59.2 1 8
github.com/mrz1836/go-pre-commit/internal/checks/gotools/mod_tidy.go:62.38,64.2 1 1
github.com/mrz1836/go-pre-commit/internal/checks/gotools/mod_tidy.go:67.45,69.2 1 1
github.com/mrz1836/go-pre-commit/internal/checks/gotools/mod_tidy.go:72.39,83.2 1 8
github.com/mrz1836/go-pre-commit/internal/checks/gotools/mod_tidy.go:86.71,88.21 1 21
github.com/mrz1836/go-pre-commit/internal/checks/gotools/mod_tidy.go:88.21,90.3 1 2
github.com/mrz1836/go-pre-commit/internal/checks/gotools/mod_tidy.go:93.2,93.39 1 19
github.com/mrz1836/go-pre-commit/internal/checks/gotools/mod_tidy.go:97.61,101.29 3 4
github.com/mrz1836/go-pre-commit/internal/checks/gotools/mod_tidy.go:101.29,103.124 1 18
github.com/mrz1836/go-pre-commit/internal/checks/gotools/mod_tidy.go:103.124,106.4 2 4
github.com/mrz1836/go-pre-commit/internal/checks/gotools/mod_tidy.go:108.3,108.37 1 18
github.com/mrz1836/go-pre-commit/internal/checks/gotools/mod_tidy.go:108.37,110.4 1 5
github.com/mrz1836/go-pre-commit/internal/checks/gotools/mod_tidy.go:114.2,114.14 1 4
github.com/mrz1836/go-pre-commit/internal/checks/gotools/mod_tidy.go:114.14,116.3 1 2
github.com/mrz1836/go-pre-commit/internal/checks/gotools/mod_tidy.go:121.2,121.16 1 2
github.com/mrz1836/go-pre-commit/internal/checks/gotools/mod_tidy.go:121.16,123.30 2 1
github.com/mrz1836/go-pre-commit/internal/checks/gotools/mod_tidy.go:123.30,124.38 1 4
github.com/mrz1836/go-pre-commit/internal/checks/gotools/mod_tidy.go:124.38,126.5 1 2
github.com/mrz1836/go-pre-commit/internal/checks/gotools/mod_tidy.go:128.3,128.17 1 1
github.com/mrz1836/go-pre-commit/internal/checks/gotools/mod_tidy.go:132.2,132.19 1 1
github.com/mrz1836/go-pre-commit/internal/checks/gotools/mod_tidy.go:136.84,138.16 2 19
github.com/mrz1836/go-pre-commit/internal/checks/gotools/mod_tidy.go:138.16,140.3 1 5
github.com/mrz1836/go-pre-commit/internal/checks/gotools/mod_tidy.go:143.2,144.29 2 14
github.com/mrz1836/go-pre-commit/internal/checks/gotools/mod_tidy.go:144.29,148.23 3 20
github.com/mrz1836/go-pre-commit/internal/checks/gotools/mod_tidy.go:148.23,150.79 1 1
github.com/mrz1836/go-pre-commit/internal/checks/gotools/mod_tidy.go:150.79,152.5 1 1
github.com/mrz1836/go-pre-commit/internal/checks/gotools/mod_tidy.go:154.3,154.23 1 20
github.com/mrz1836/go-pre-commit/internal/checks/gotools/mod_tidy.go:154.23,156.4 1 20
github.com/mrz1836/go-pre-commit/internal/checks/gotools/mod_tidy.go:160.2,160.28 1 14
github.com/mrz1836/go-pre-commit/internal/checks/gotools/mod_tidy.go:160.28,163.22 2 0
github.com/mrz1836/go-pre-commit/internal/checks/gotools/mod_tidy.go:163.22,165.33 2 0
github.com/mrz1836/go-pre-commit/internal/checks/gotools/mod_tidy.go:165.33,167.5 1 0
github.com/mrz1836/go-pre-commit/internal/checks/gotools/mod_tidy.go:167.10,169.5 1 0
github.com/mrz1836/go-pre-commit/internal/checks/gotools/mod_tidy.go:170.9,173.4 1 0
github.com/mrz1836/go-pre-commit/internal/checks/gotools/mod_tidy.go:176.3,176.28 1 0
github.com/mrz1836/go-pre-commit/internal/checks/gotools/mod_tidy.go:176.28,178.4 1 0
github.com/mrz1836/go-pre-commit/internal/checks/gotools/mod_tidy.go:181.3,181.13 1 0
github.com/mrz1836/go-pre-commit/internal/checks/gotools/mod_tidy.go:185.2,186.38 2 14
github.com/mrz1836/go-pre-commit/internal/checks/gotools/mod_tidy.go:186.38,188.17 2 20
github.com/mrz1836/go-pre-commit/internal/checks/gotools/mod_tidy.go:188.17,190.21 2 5
github.com/mrz1836/go-pre-commit/internal/checks/gotools/mod_tidy.go:190.21,192.5 1 0
github.com/mrz1836/go-pre-commit/internal/checks/gotools/mod_tidy.go:195.4,196.58 2 5
github.com/mrz1836/go-pre-commit/internal/checks/gotools/mod_tidy.go:196.58,200.5 2 4
github.com/mrz1836/go-pre-commit/internal/checks/gotools/mod_tidy.go:200.10,203.5 1 1
github.com/mrz1836/go-pre-commit/internal/checks/gotools/mod_tidy.go:208.2,208.24 1 14
github.com/mrz1836/go-pre-commit/internal/checks/gotools/mod_tidy.go:208.24,215.3 2 5
github.com/mrz1836/go-pre-commit/internal/checks/gotools/mod_tidy.go:217.2,217.12 1 9
github.com/mrz1836/go-pre-commit/internal/checks/gotools/mod_tidy.go:221.98,224.19 2 22
github.com/mrz1836/go-pre-commit/internal/checks/gotools/mod_tidy.go:224.19,226.3 1 0
github.com/mrz1836/go-pre-commit/internal/checks/gotools/mod_tidy.go:229.2,230.20 2 22
github.com/mrz1836/go-pre-commit/internal/checks/gotools/mod_tidy.go:230.20,232.58 1 6
github.com/mrz1836/go-pre-commit/internal/checks/gotools/mod_tidy.go:232.58,235.4 1 6
github.com/mrz1836/go-pre-commit/internal/checks/gotools/mod_tidy.go:237.8,240.3 1 16
github.com/mrz1836/go-pre-commit/internal/checks/gotools/mod_tidy.go:244.2,254.34 8 0
github.com/mrz1836/go-pre-commit/internal/checks/gotools/mod_tidy.go:254.34,258.53 2 0
github.com/mrz1836/go-pre-commit/internal/checks/gotools/mod_tidy.go:258.53,264.4 1 0
github.com/mrz1836/go-pre-commit/internal/checks/gotools/mod_tidy.go:266.3,266.49 1 0
github.com/mrz1836/go-pre-commit/internal/checks/gotools/mod_tidy.go:266.49,272.4 1 0
github.com/mrz1836/go-pre-commit/internal/checks/gotools/mod_tidy.go:274.3,274.81 1 0
github.com/mrz1836/go-pre-commit/internal/checks/gotools/mod_tidy.go:274.81,280.4 1 0
github.com/mrz1836/go-pre-commit/internal/checks/gotools/mod_tidy.go:282.3,282.52 1 0
github.com/mrz1836/go-pre-commit/internal/checks/gotools/mod_tidy.go:282.52,288.4 1 0
github.com/mrz1836/go-pre-commit/internal/checks/gotools/mod_tidy.go:290.3,290.44 1 0
github.com/mrz1836/go-pre-commit/internal/checks/gotools/mod_tidy.go:290.44,296.4 1 0
github.com/mrz1836/go-pre-commit/internal/checks/gotools/mod_tidy.go:299.3,303.4 1 0
github.com/mrz1836/go-pre-commit/internal/checks/gotools/mod_tidy.go:307.2,307.60 1 0
github.com/mrz1836/go-pre-commit/internal/checks/gotools/mod_tidy.go:311.96,314.19 2 22
github.com/mrz1836/go-pre-commit/internal/checks/gotools/mod_tidy.go:314.19,316.3 1 0
github.com/mrz1836/go-pre-commit/internal/checks/gotools/mod_tidy.go:319.2,329.34 8 22
github.com/mrz1836/go-pre-commit/internal/checks/gotools/mod_tidy.go:329.34,333.108 2 6
github.com/mrz1836/go-pre-commit/internal/checks/gotools/mod_tidy.go:333.108,336.4 1 0
github.com/mrz1836/go-pre-commit/internal/checks/gotools/mod_tidy.go:339.3,339.53 1 6
github.com/mrz1836/go-pre-commit/internal/checks/gotools/mod_tidy.go:339.53,345.4 1 1
github.com/mrz1836/go-pre-commit/internal/checks/gotools/mod_tidy.go:348.3,348.49 1 5
github.com/mrz1836/go-pre-commit/internal/checks/gotools/mod_tidy.go:348.49,354.4 1 0
github.com/mrz1836/go-pre-commit/internal/checks/gotools/mod_tidy.go:356.3,356.81 1 5
github.com/mrz1836/go-pre-commit/internal/checks/gotools/mod_tidy.go:356.81,362.4 1 0
github.com/mrz1836/go-pre-commit/internal/checks/gotools/mod_tidy.go:366.3,367.23 2 5
github.com/mrz1836/go-pre-commit/internal/checks/gotools/mod_tidy.go:367.23,374.4 1 2
github.com/mrz1836/go-pre-commit/internal/checks/gotools/mod_tidy.go:380.2,380.53 1 19
github.com/mrz1836/go-pre-commit/internal/checks/gotools/mod_tidy.go:380.53,384.30 3 3
github.com/mrz1836/go-pre-commit/internal/checks/gotools/mod_tidy.go:384.30,387.61 2 66
github.com/mrz1836/go-pre-commit/internal/checks/gotools/mod_tidy.go:387.61,388.13 1 12
github.com/mrz1836/go-pre-commit/internal/checks/gotools/mod_tidy.go:390.4,390.43 1 54
github.com/mrz1836/go-pre-commit/internal/checks/gotools/mod_tidy.go:394.3,394.27 1 3
github.com/mrz1836/go-pre-commit/internal/checks/gotools/mod_tidy.go:394.27,401.4 2 3
github.com/mrz1836/go-pre-commit/internal/checks/gotools/mod_tidy.go:404.2,404.12 1 16
github.com/mrz1836/go-pre-commit/internal/checks/gotools/mod_tidy.go:409.103,412.19 2 4
github.com/mrz1836/go-pre-commit/internal/checks/gotools/mod_tidy.go:412.19,414.3 1 0
github.com/mrz1836/go-pre-commit/internal/checks/gotools/mod_tidy.go:417.2,432.40 10 4
github.com/mrz1836/go-pre-commit/internal/checks/gotools/mod_tidy.go:432.40,434.3 1 1
github.com/mrz1836/go-pre-commit/internal/checks/gotools/mod_tidy.go:437.2,437.28 1 3
github.com/mrz1836/go-pre-commit/internal/checks/gotools/mod_tidy.go:437.28,443.3 1 2
github.com/mrz1836/go-pre-commit/internal/checks/gotools/mod_tidy.go:445.2,445.12 1 1
