mode: atomic
github.com/mrz1836/go-pre-commit/cmd/go-pre-commit/cmd/install.go:22.60,41.55 1 14
github.com/mrz1836/go-pre-commit/cmd/go-pre-commit/cmd/install.go:41.55,47.18 4 0
github.com/mrz1836/go-pre-commit/cmd/go-pre-commit/cmd/install.go:47.18,49.5 1 0
github.com/mrz1836/go-pre-commit/cmd/go-pre-commit/cmd/install.go:51.4,52.18 2 0
github.com/mrz1836/go-pre-commit/cmd/go-pre-commit/cmd/install.go:52.18,54.5 1 0
github.com/mrz1836/go-pre-commit/cmd/go-pre-commit/cmd/install.go:56.4,56.53 1 0
github.com/mrz1836/go-pre-commit/cmd/go-pre-commit/cmd/install.go:61.2,64.12 3 14
github.com/mrz1836/go-pre-commit/cmd/go-pre-commit/cmd/install.go:67.113,70.16 2 7
github.com/mrz1836/go-pre-commit/cmd/go-pre-commit/cmd/install.go:70.16,72.3 1 1
github.com/mrz1836/go-pre-commit/cmd/go-pre-commit/cmd/install.go:75.2,75.18 1 6
github.com/mrz1836/go-pre-commit/cmd/go-pre-commit/cmd/install.go:75.18,79.3 3 1
github.com/mrz1836/go-pre-commit/cmd/go-pre-commit/cmd/install.go:82.2,83.16 2 5
github.com/mrz1836/go-pre-commit/cmd/go-pre-commit/cmd/install.go:83.16,85.3 1 1
github.com/mrz1836/go-pre-commit/cmd/go-pre-commit/cmd/install.go:87.2,87.27 1 4
github.com/mrz1836/go-pre-commit/cmd/go-pre-commit/cmd/install.go:87.27,89.3 1 0
github.com/mrz1836/go-pre-commit/cmd/go-pre-commit/cmd/install.go:92.2,96.51 3 4
github.com/mrz1836/go-pre-commit/cmd/go-pre-commit/cmd/install.go:96.51,97.28 1 5
github.com/mrz1836/go-pre-commit/cmd/go-pre-commit/cmd/install.go:97.28,99.4 1 0
github.com/mrz1836/go-pre-commit/cmd/go-pre-commit/cmd/install.go:101.3,102.17 2 5
github.com/mrz1836/go-pre-commit/cmd/go-pre-commit/cmd/install.go:102.17,103.47 1 0
github.com/mrz1836/go-pre-commit/cmd/go-pre-commit/cmd/install.go:103.47,105.13 2 0
github.com/mrz1836/go-pre-commit/cmd/go-pre-commit/cmd/install.go:107.4,107.69 1 0
github.com/mrz1836/go-pre-commit/cmd/go-pre-commit/cmd/install.go:110.3,110.42 1 5
github.com/mrz1836/go-pre-commit/cmd/go-pre-commit/cmd/install.go:114.2,114.24 1 4
github.com/mrz1836/go-pre-commit/cmd/go-pre-commit/cmd/install.go:114.24,118.3 3 4
github.com/mrz1836/go-pre-commit/cmd/go-pre-commit/cmd/install.go:118.8,120.3 1 0
github.com/mrz1836/go-pre-commit/cmd/go-pre-commit/cmd/install.go:122.2,122.12 1 4
github.com/mrz1836/go-pre-commit/cmd/go-pre-commit/cmd/plugin.go:32.59,50.2 7 10
github.com/mrz1836/go-pre-commit/cmd/go-pre-commit/cmd/plugin.go:53.63,63.52 1 10
github.com/mrz1836/go-pre-commit/cmd/go-pre-commit/cmd/plugin.go:63.52,68.18 3 0
github.com/mrz1836/go-pre-commit/cmd/go-pre-commit/cmd/plugin.go:68.18,70.5 1 0
github.com/mrz1836/go-pre-commit/cmd/go-pre-commit/cmd/plugin.go:73.4,73.28 1 0
github.com/mrz1836/go-pre-commit/cmd/go-pre-commit/cmd/plugin.go:73.28,76.5 2 0
github.com/mrz1836/go-pre-commit/cmd/go-pre-commit/cmd/plugin.go:79.4,80.23 2 0
github.com/mrz1836/go-pre-commit/cmd/go-pre-commit/cmd/plugin.go:80.23,82.5 1 0
github.com/mrz1836/go-pre-commit/cmd/go-pre-commit/cmd/plugin.go:84.4,85.49 2 0
github.com/mrz1836/go-pre-commit/cmd/go-pre-commit/cmd/plugin.go:85.49,87.5 1 0
github.com/mrz1836/go-pre-commit/cmd/go-pre-commit/cmd/plugin.go:89.4,90.28 2 0
github.com/mrz1836/go-pre-commit/cmd/go-pre-commit/cmd/plugin.go:90.28,93.5 2 0
github.com/mrz1836/go-pre-commit/cmd/go-pre-commit/cmd/plugin.go:96.4,96.15 1 0
github.com/mrz1836/go-pre-commit/cmd/go-pre-commit/cmd/plugin.go:96.15,98.39 1 0
github.com/mrz1836/go-pre-commit/cmd/go-pre-commit/cmd/plugin.go:98.39,99.15 1 0
github.com/mrz1836/go-pre-commit/cmd/go-pre-commit/cmd/plugin.go:99.15,101.7 1 0
github.com/mrz1836/go-pre-commit/cmd/go-pre-commit/cmd/plugin.go:102.6,102.34 1 0
github.com/mrz1836/go-pre-commit/cmd/go-pre-commit/cmd/plugin.go:104.10,110.39 4 0
github.com/mrz1836/go-pre-commit/cmd/go-pre-commit/cmd/plugin.go:110.39,117.6 2 0
github.com/mrz1836/go-pre-commit/cmd/go-pre-commit/cmd/plugin.go:118.5,118.18 1 0
github.com/mrz1836/go-pre-commit/cmd/go-pre-commit/cmd/plugin.go:121.4,121.14 1 0
github.com/mrz1836/go-pre-commit/cmd/go-pre-commit/cmd/plugin.go:127.67,137.53 1 10
github.com/mrz1836/go-pre-commit/cmd/go-pre-commit/cmd/plugin.go:137.53,139.21 2 0
github.com/mrz1836/go-pre-commit/cmd/go-pre-commit/cmd/plugin.go:139.21,141.5 1 0
github.com/mrz1836/go-pre-commit/cmd/go-pre-commit/cmd/plugin.go:144.4,145.18 2 0
github.com/mrz1836/go-pre-commit/cmd/go-pre-commit/cmd/plugin.go:145.18,147.5 1 0
github.com/mrz1836/go-pre-commit/cmd/go-pre-commit/cmd/plugin.go:150.4,151.23 2 0
github.com/mrz1836/go-pre-commit/cmd/go-pre-commit/cmd/plugin.go:151.23,153.32 2 0
github.com/mrz1836/go-pre-commit/cmd/go-pre-commit/cmd/plugin.go:153.32,155.6 1 0
github.com/mrz1836/go-pre-commit/cmd/go-pre-commit/cmd/plugin.go:156.5,156.75 1 0
github.com/mrz1836/go-pre-commit/cmd/go-pre-commit/cmd/plugin.go:159.4,163.14 4 0
github.com/mrz1836/go-pre-commit/cmd/go-pre-commit/cmd/plugin.go:169.62,184.53 1 10
github.com/mrz1836/go-pre-commit/cmd/go-pre-commit/cmd/plugin.go:184.53,185.22 1 0
github.com/mrz1836/go-pre-commit/cmd/go-pre-commit/cmd/plugin.go:185.22,187.5 1 0
github.com/mrz1836/go-pre-commit/cmd/go-pre-commit/cmd/plugin.go:189.4,193.18 3 0
github.com/mrz1836/go-pre-commit/cmd/go-pre-commit/cmd/plugin.go:193.18,195.5 1 0
github.com/mrz1836/go-pre-commit/cmd/go-pre-commit/cmd/plugin.go:197.4,198.23 2 0
github.com/mrz1836/go-pre-commit/cmd/go-pre-commit/cmd/plugin.go:198.23,200.5 1 0
github.com/mrz1836/go-pre-commit/cmd/go-pre-commit/cmd/plugin.go:203.4,203.60 1 0
github.com/mrz1836/go-pre-commit/cmd/go-pre-commit/cmd/plugin.go:203.60,205.5 1 0
github.com/mrz1836/go-pre-commit/cmd/go-pre-commit/cmd/plugin.go:208.4,208.28 1 0
github.com/mrz1836/go-pre-commit/cmd/go-pre-commit/cmd/plugin.go:208.28,210.5 1 0
github.com/mrz1836/go-pre-commit/cmd/go-pre-commit/cmd/plugin.go:213.4,214.18 2 0
github.com/mrz1836/go-pre-commit/cmd/go-pre-commit/cmd/plugin.go:214.18,216.5 1 0
github.com/mrz1836/go-pre-commit/cmd/go-pre-commit/cmd/plugin.go:219.4,220.33 2 0
github.com/mrz1836/go-pre-commit/cmd/go-pre-commit/cmd/plugin.go:220.33,222.42 2 0
github.com/mrz1836/go-pre-commit/cmd/go-pre-commit/cmd/plugin.go:222.42,224.6 1 0
github.com/mrz1836/go-pre-commit/cmd/go-pre-commit/cmd/plugin.go:225.5,225.28 1 0
github.com/mrz1836/go-pre-commit/cmd/go-pre-commit/cmd/plugin.go:229.4,230.48 2 0
github.com/mrz1836/go-pre-commit/cmd/go-pre-commit/cmd/plugin.go:230.48,232.5 1 0
github.com/mrz1836/go-pre-commit/cmd/go-pre-commit/cmd/plugin.go:234.4,237.53 2 0
github.com/mrz1836/go-pre-commit/cmd/go-pre-commit/cmd/plugin.go:237.53,239.5 1 0
github.com/mrz1836/go-pre-commit/cmd/go-pre-commit/cmd/plugin.go:241.4,244.14 3 0
github.com/mrz1836/go-pre-commit/cmd/go-pre-commit/cmd/plugin.go:250.65,257.55 1 10
github.com/mrz1836/go-pre-commit/cmd/go-pre-commit/cmd/plugin.go:257.55,258.22 1 0
github.com/mrz1836/go-pre-commit/cmd/go-pre-commit/cmd/plugin.go:258.22,260.5 1 0
github.com/mrz1836/go-pre-commit/cmd/go-pre-commit/cmd/plugin.go:262.4,266.18 3 0
github.com/mrz1836/go-pre-commit/cmd/go-pre-commit/cmd/plugin.go:266.18,268.5 1 0
github.com/mrz1836/go-pre-commit/cmd/go-pre-commit/cmd/plugin.go:270.4,271.23 2 0
github.com/mrz1836/go-pre-commit/cmd/go-pre-commit/cmd/plugin.go:271.23,273.5 1 0
github.com/mrz1836/go-pre-commit/cmd/go-pre-commit/cmd/plugin.go:275.4,276.56 2 0
github.com/mrz1836/go-pre-commit/cmd/go-pre-commit/cmd/plugin.go:276.56,278.5 1 0
github.com/mrz1836/go-pre-commit/cmd/go-pre-commit/cmd/plugin.go:281.4,282.14 2 0
github.com/mrz1836/go-pre-commit/cmd/go-pre-commit/cmd/plugin.go:282.14,286.43 4 0
github.com/mrz1836/go-pre-commit/cmd/go-pre-commit/cmd/plugin.go:286.43,289.6 2 0
github.com/mrz1836/go-pre-commit/cmd/go-pre-commit/cmd/plugin.go:293.4,293.50 1 0
github.com/mrz1836/go-pre-commit/cmd/go-pre-commit/cmd/plugin.go:293.50,295.5 1 0
github.com/mrz1836/go-pre-commit/cmd/go-pre-commit/cmd/plugin.go:297.4,298.14 2 0
github.com/mrz1836/go-pre-commit/cmd/go-pre-commit/cmd/plugin.go:304.63,311.53 1 10
github.com/mrz1836/go-pre-commit/cmd/go-pre-commit/cmd/plugin.go:311.53,312.22 1 0
github.com/mrz1836/go-pre-commit/cmd/go-pre-commit/cmd/plugin.go:312.22,314.5 1 0
github.com/mrz1836/go-pre-commit/cmd/go-pre-commit/cmd/plugin.go:316.4,320.18 3 0
github.com/mrz1836/go-pre-commit/cmd/go-pre-commit/cmd/plugin.go:320.18,322.5 1 0
github.com/mrz1836/go-pre-commit/cmd/go-pre-commit/cmd/plugin.go:325.4,326.23 2 0
github.com/mrz1836/go-pre-commit/cmd/go-pre-commit/cmd/plugin.go:326.23,328.5 1 0
github.com/mrz1836/go-pre-commit/cmd/go-pre-commit/cmd/plugin.go:330.4,331.49 2 0
github.com/mrz1836/go-pre-commit/cmd/go-pre-commit/cmd/plugin.go:331.49,333.5 1 0
github.com/mrz1836/go-pre-commit/cmd/go-pre-commit/cmd/plugin.go:335.4,336.14 2 0
github.com/mrz1836/go-pre-commit/cmd/go-pre-commit/cmd/plugin.go:336.14,338.5 1 0
github.com/mrz1836/go-pre-commit/cmd/go-pre-commit/cmd/plugin.go:340.4,341.14 2 0
github.com/mrz1836/go-pre-commit/cmd/go-pre-commit/cmd/plugin.go:348.71,352.52 2 10
github.com/mrz1836/go-pre-commit/cmd/go-pre-commit/cmd/plugin.go:352.52,354.57 2 4
github.com/mrz1836/go-pre-commit/cmd/go-pre-commit/cmd/plugin.go:354.57,356.4 1 1
github.com/mrz1836/go-pre-commit/cmd/go-pre-commit/cmd/plugin.go:357.3,357.24 1 3
github.com/mrz1836/go-pre-commit/cmd/go-pre-commit/cmd/plugin.go:361.2,363.51 2 6
github.com/mrz1836/go-pre-commit/cmd/go-pre-commit/cmd/plugin.go:363.51,365.57 2 1
github.com/mrz1836/go-pre-commit/cmd/go-pre-commit/cmd/plugin.go:365.57,367.4 1 0
github.com/mrz1836/go-pre-commit/cmd/go-pre-commit/cmd/plugin.go:368.3,368.24 1 1
github.com/mrz1836/go-pre-commit/cmd/go-pre-commit/cmd/plugin.go:372.2,374.52 2 5
github.com/mrz1836/go-pre-commit/cmd/go-pre-commit/cmd/plugin.go:374.52,376.57 2 3
github.com/mrz1836/go-pre-commit/cmd/go-pre-commit/cmd/plugin.go:376.57,378.4 1 1
github.com/mrz1836/go-pre-commit/cmd/go-pre-commit/cmd/plugin.go:379.3,379.24 1 2
github.com/mrz1836/go-pre-commit/cmd/go-pre-commit/cmd/plugin.go:382.2,382.110 1 2
github.com/mrz1836/go-pre-commit/cmd/go-pre-commit/cmd/plugin.go:385.36,387.16 2 3
github.com/mrz1836/go-pre-commit/cmd/go-pre-commit/cmd/plugin.go:387.16,389.3 1 1
github.com/mrz1836/go-pre-commit/cmd/go-pre-commit/cmd/plugin.go:390.2,390.21 1 2
github.com/mrz1836/go-pre-commit/cmd/go-pre-commit/cmd/plugin.go:393.37,395.48 1 4
github.com/mrz1836/go-pre-commit/cmd/go-pre-commit/cmd/plugin.go:395.48,397.3 1 1
github.com/mrz1836/go-pre-commit/cmd/go-pre-commit/cmd/plugin.go:400.2,401.16 2 3
github.com/mrz1836/go-pre-commit/cmd/go-pre-commit/cmd/plugin.go:401.16,403.3 1 1
github.com/mrz1836/go-pre-commit/cmd/go-pre-commit/cmd/plugin.go:405.2,405.32 1 2
github.com/mrz1836/go-pre-commit/cmd/go-pre-commit/cmd/plugin.go:405.32,409.20 3 3
github.com/mrz1836/go-pre-commit/cmd/go-pre-commit/cmd/plugin.go:409.20,411.52 1 1
github.com/mrz1836/go-pre-commit/cmd/go-pre-commit/cmd/plugin.go:411.52,413.5 1 0
github.com/mrz1836/go-pre-commit/cmd/go-pre-commit/cmd/plugin.go:414.9,416.53 1 2
github.com/mrz1836/go-pre-commit/cmd/go-pre-commit/cmd/plugin.go:416.53,418.5 1 0
github.com/mrz1836/go-pre-commit/cmd/go-pre-commit/cmd/plugin.go:422.2,422.12 1 2
github.com/mrz1836/go-pre-commit/cmd/go-pre-commit/cmd/plugin.go:425.38,428.16 2 4
github.com/mrz1836/go-pre-commit/cmd/go-pre-commit/cmd/plugin.go:428.16,430.3 1 1
github.com/mrz1836/go-pre-commit/cmd/go-pre-commit/cmd/plugin.go:433.2,434.16 2 3
github.com/mrz1836/go-pre-commit/cmd/go-pre-commit/cmd/plugin.go:434.16,436.3 1 0
github.com/mrz1836/go-pre-commit/cmd/go-pre-commit/cmd/plugin.go:438.2,438.45 1 3
github.com/mrz1836/go-pre-commit/cmd/go-pre-commit/cmd/plugin.go:441.51,446.27 4 1
github.com/mrz1836/go-pre-commit/cmd/go-pre-commit/cmd/plugin.go:446.27,448.3 1 1
github.com/mrz1836/go-pre-commit/cmd/go-pre-commit/cmd/plugin.go:449.2,452.36 3 1
github.com/mrz1836/go-pre-commit/cmd/go-pre-commit/cmd/plugin.go:452.36,454.3 1 1
github.com/mrz1836/go-pre-commit/cmd/go-pre-commit/cmd/plugin.go:456.2,459.36 3 1
github.com/mrz1836/go-pre-commit/cmd/go-pre-commit/cmd/plugin.go:459.36,461.3 1 1
github.com/mrz1836/go-pre-commit/cmd/go-pre-commit/cmd/root.go:32.59,39.2 1 98
github.com/mrz1836/go-pre-commit/cmd/go-pre-commit/cmd/root.go:42.73,44.2 1 0
github.com/mrz1836/go-pre-commit/cmd/go-pre-commit/cmd/root.go:52.53,54.2 1 95
github.com/mrz1836/go-pre-commit/cmd/go-pre-commit/cmd/root.go:57.57,73.58 1 31
github.com/mrz1836/go-pre-commit/cmd/go-pre-commit/cmd/root.go:73.58,79.4 4 20
github.com/mrz1836/go-pre-commit/cmd/go-pre-commit/cmd/root.go:83.2,94.70 6 31
github.com/mrz1836/go-pre-commit/cmd/go-pre-commit/cmd/root.go:94.70,97.30 1 8
github.com/mrz1836/go-pre-commit/cmd/go-pre-commit/cmd/root.go:97.30,99.4 1 0
github.com/mrz1836/go-pre-commit/cmd/go-pre-commit/cmd/root.go:102.3,102.31 1 8
github.com/mrz1836/go-pre-commit/cmd/go-pre-commit/cmd/root.go:102.31,104.4 1 8
github.com/mrz1836/go-pre-commit/cmd/go-pre-commit/cmd/root.go:109.3,109.10 1 0
github.com/mrz1836/go-pre-commit/cmd/go-pre-commit/cmd/root.go:110.38,112.21 1 0
github.com/mrz1836/go-pre-commit/cmd/go-pre-commit/cmd/root.go:112.21,114.5 1 0
github.com/mrz1836/go-pre-commit/cmd/go-pre-commit/cmd/root.go:115.45,115.45 0 0
github.com/mrz1836/go-pre-commit/cmd/go-pre-commit/cmd/root.go:120.3,120.13 1 0
github.com/mrz1836/go-pre-commit/cmd/go-pre-commit/cmd/root.go:123.2,123.12 1 30
github.com/mrz1836/go-pre-commit/cmd/go-pre-commit/cmd/root.go:127.43,139.2 8 5
github.com/mrz1836/go-pre-commit/cmd/go-pre-commit/cmd/root.go:142.22,147.2 3 3
github.com/mrz1836/go-pre-commit/cmd/go-pre-commit/cmd/root.go:150.38,154.2 0 4
github.com/mrz1836/go-pre-commit/cmd/go-pre-commit/cmd/root.go:157.22,160.2 0 3
github.com/mrz1836/go-pre-commit/cmd/go-pre-commit/cmd/root.go:163.40,168.27 1 29
github.com/mrz1836/go-pre-commit/cmd/go-pre-commit/cmd/root.go:168.27,170.3 1 9
github.com/mrz1836/go-pre-commit/cmd/go-pre-commit/cmd/root.go:170.8,173.34 1 20
github.com/mrz1836/go-pre-commit/cmd/go-pre-commit/cmd/root.go:174.23,175.24 1 4
github.com/mrz1836/go-pre-commit/cmd/go-pre-commit/cmd/root.go:176.24,177.25 1 4
github.com/mrz1836/go-pre-commit/cmd/go-pre-commit/cmd/root.go:178.22,180.35 1 9
github.com/mrz1836/go-pre-commit/cmd/go-pre-commit/cmd/root.go:180.35,182.5 1 2
github.com/mrz1836/go-pre-commit/cmd/go-pre-commit/cmd/root.go:182.10,184.5 1 7
github.com/mrz1836/go-pre-commit/cmd/go-pre-commit/cmd/root.go:185.11,187.35 1 3
github.com/mrz1836/go-pre-commit/cmd/go-pre-commit/cmd/root.go:187.35,189.5 1 0
github.com/mrz1836/go-pre-commit/cmd/go-pre-commit/cmd/root.go:189.10,191.5 1 3
github.com/mrz1836/go-pre-commit/cmd/go-pre-commit/cmd/root.go:197.2,197.27 1 29
github.com/mrz1836/go-pre-commit/cmd/go-pre-commit/cmd/root.go:197.27,200.31 2 3
github.com/mrz1836/go-pre-commit/cmd/go-pre-commit/cmd/root.go:200.31,201.28 1 9
github.com/mrz1836/go-pre-commit/cmd/go-pre-commit/cmd/root.go:201.28,203.10 2 2
github.com/mrz1836/go-pre-commit/cmd/go-pre-commit/cmd/root.go:205.4,205.27 1 7
github.com/mrz1836/go-pre-commit/cmd/go-pre-commit/cmd/root.go:212.39,214.92 1 38
github.com/mrz1836/go-pre-commit/cmd/go-pre-commit/cmd/root.go:214.92,216.3 1 23
github.com/mrz1836/go-pre-commit/cmd/go-pre-commit/cmd/root.go:218.2,218.79 1 15
github.com/mrz1836/go-pre-commit/cmd/go-pre-commit/cmd/root.go:218.79,220.3 1 5
github.com/mrz1836/go-pre-commit/cmd/go-pre-commit/cmd/root.go:221.2,221.14 1 10
github.com/mrz1836/go-pre-commit/cmd/go-pre-commit/cmd/root.go:226.55,227.20 1 18
github.com/mrz1836/go-pre-commit/cmd/go-pre-commit/cmd/root.go:227.20,229.3 1 1
github.com/mrz1836/go-pre-commit/cmd/go-pre-commit/cmd/root.go:229.8,231.3 1 17
github.com/mrz1836/go-pre-commit/cmd/go-pre-commit/cmd/root.go:234.53,235.20 1 6
github.com/mrz1836/go-pre-commit/cmd/go-pre-commit/cmd/root.go:235.20,237.3 1 1
github.com/mrz1836/go-pre-commit/cmd/go-pre-commit/cmd/root.go:237.8,239.3 1 5
github.com/mrz1836/go-pre-commit/cmd/go-pre-commit/cmd/root.go:242.52,243.20 1 46
github.com/mrz1836/go-pre-commit/cmd/go-pre-commit/cmd/root.go:243.20,245.3 1 1
github.com/mrz1836/go-pre-commit/cmd/go-pre-commit/cmd/root.go:245.8,247.3 1 45
github.com/mrz1836/go-pre-commit/cmd/go-pre-commit/cmd/root.go:250.55,251.20 1 14
github.com/mrz1836/go-pre-commit/cmd/go-pre-commit/cmd/root.go:251.20,253.3 1 1
github.com/mrz1836/go-pre-commit/cmd/go-pre-commit/cmd/root.go:253.8,255.3 1 13
github.com/mrz1836/go-pre-commit/cmd/go-pre-commit/cmd/run.go:35.56,71.55 1 22
github.com/mrz1836/go-pre-commit/cmd/go-pre-commit/cmd/run.go:71.55,77.18 4 12
github.com/mrz1836/go-pre-commit/cmd/go-pre-commit/cmd/run.go:77.18,79.5 1 0
github.com/mrz1836/go-pre-commit/cmd/go-pre-commit/cmd/run.go:81.4,82.18 2 12
github.com/mrz1836/go-pre-commit/cmd/go-pre-commit/cmd/run.go:82.18,84.5 1 0
github.com/mrz1836/go-pre-commit/cmd/go-pre-commit/cmd/run.go:86.4,87.18 2 12
github.com/mrz1836/go-pre-commit/cmd/go-pre-commit/cmd/run.go:87.18,89.5 1 0
github.com/mrz1836/go-pre-commit/cmd/go-pre-commit/cmd/run.go:91.4,92.18 2 12
github.com/mrz1836/go-pre-commit/cmd/go-pre-commit/cmd/run.go:92.18,94.5 1 0
github.com/mrz1836/go-pre-commit/cmd/go-pre-commit/cmd/run.go:96.4,97.18 2 12
github.com/mrz1836/go-pre-commit/cmd/go-pre-commit/cmd/run.go:97.18,99.5 1 0
github.com/mrz1836/go-pre-commit/cmd/go-pre-commit/cmd/run.go:101.4,102.18 2 12
github.com/mrz1836/go-pre-commit/cmd/go-pre-commit/cmd/run.go:102.18,104.5 1 0
github.com/mrz1836/go-pre-commit/cmd/go-pre-commit/cmd/run.go:106.4,107.18 2 12
github.com/mrz1836/go-pre-commit/cmd/go-pre-commit/cmd/run.go:107.18,109.5 1 0
github.com/mrz1836/go-pre-commit/cmd/go-pre-commit/cmd/run.go:111.4,112.18 2 12
github.com/mrz1836/go-pre-commit/cmd/go-pre-commit/cmd/run.go:112.18,114.5 1 0
github.com/mrz1836/go-pre-commit/cmd/go-pre-commit/cmd/run.go:116.4,117.18 2 12
github.com/mrz1836/go-pre-commit/cmd/go-pre-commit/cmd/run.go:117.18,119.5 1 0
github.com/mrz1836/go-pre-commit/cmd/go-pre-commit/cmd/run.go:121.4,122.18 2 12
github.com/mrz1836/go-pre-commit/cmd/go-pre-commit/cmd/run.go:122.18,124.5 1 0
github.com/mrz1836/go-pre-commit/cmd/go-pre-commit/cmd/run.go:126.4,127.18 2 12
github.com/mrz1836/go-pre-commit/cmd/go-pre-commit/cmd/run.go:127.18,129.5 1 0
github.com/mrz1836/go-pre-commit/cmd/go-pre-commit/cmd/run.go:131.4,131.52 1 12
github.com/mrz1836/go-pre-commit/cmd/go-pre-commit/cmd/run.go:136.2,148.12 12 22
github.com/mrz1836/go-pre-commit/cmd/go-pre-commit/cmd/run.go:151.107,154.16 2 20
github.com/mrz1836/go-pre-commit/cmd/go-pre-commit/cmd/run.go:154.16,159.3 3 1
github.com/mrz1836/go-pre-commit/cmd/go-pre-commit/cmd/run.go:162.2,163.27 2 19
github.com/mrz1836/go-pre-commit/cmd/go-pre-commit/cmd/run.go:163.27,166.3 1 3
github.com/mrz1836/go-pre-commit/cmd/go-pre-commit/cmd/run.go:166.8,168.34 1 16
github.com/mrz1836/go-pre-commit/cmd/go-pre-commit/cmd/run.go:169.24,170.59 1 2
github.com/mrz1836/go-pre-commit/cmd/go-pre-commit/cmd/run.go:171.23,172.58 1 2
github.com/mrz1836/go-pre-commit/cmd/go-pre-commit/cmd/run.go:173.22,174.57 1 4
github.com/mrz1836/go-pre-commit/cmd/go-pre-commit/cmd/run.go:175.11,177.27 1 8
github.com/mrz1836/go-pre-commit/cmd/go-pre-commit/cmd/run.go:177.27,179.5 1 8
github.com/mrz1836/go-pre-commit/cmd/go-pre-commit/cmd/run.go:179.10,181.5 1 0
github.com/mrz1836/go-pre-commit/cmd/go-pre-commit/cmd/run.go:186.2,186.18 1 19
github.com/mrz1836/go-pre-commit/cmd/go-pre-commit/cmd/run.go:186.18,189.3 2 0
github.com/mrz1836/go-pre-commit/cmd/go-pre-commit/cmd/run.go:192.2,193.16 2 19
github.com/mrz1836/go-pre-commit/cmd/go-pre-commit/cmd/run.go:193.16,196.3 2 1
github.com/mrz1836/go-pre-commit/cmd/go-pre-commit/cmd/run.go:199.2,199.27 1 18
github.com/mrz1836/go-pre-commit/cmd/go-pre-commit/cmd/run.go:199.27,201.3 1 1
github.com/mrz1836/go-pre-commit/cmd/go-pre-commit/cmd/run.go:204.2,205.30 2 17
github.com/mrz1836/go-pre-commit/cmd/go-pre-commit/cmd/run.go:205.30,208.3 1 2
github.com/mrz1836/go-pre-commit/cmd/go-pre-commit/cmd/run.go:208.8,208.31 1 15
github.com/mrz1836/go-pre-commit/cmd/go-pre-commit/cmd/run.go:208.31,212.17 3 5
github.com/mrz1836/go-pre-commit/cmd/go-pre-commit/cmd/run.go:212.17,215.4 2 5
github.com/mrz1836/go-pre-commit/cmd/go-pre-commit/cmd/run.go:216.8,220.17 3 10
github.com/mrz1836/go-pre-commit/cmd/go-pre-commit/cmd/run.go:220.17,223.4 2 2
github.com/mrz1836/go-pre-commit/cmd/go-pre-commit/cmd/run.go:226.2,226.28 1 10
github.com/mrz1836/go-pre-commit/cmd/go-pre-commit/cmd/run.go:226.28,229.3 2 8
github.com/mrz1836/go-pre-commit/cmd/go-pre-commit/cmd/run.go:232.2,244.48 3 2
github.com/mrz1836/go-pre-commit/cmd/go-pre-commit/cmd/run.go:244.48,245.82 1 0
github.com/mrz1836/go-pre-commit/cmd/go-pre-commit/cmd/run.go:245.82,247.18 2 0
github.com/mrz1836/go-pre-commit/cmd/go-pre-commit/cmd/run.go:248.19,249.57 1 0
github.com/mrz1836/go-pre-commit/cmd/go-pre-commit/cmd/run.go:250.18,251.70 1 0
github.com/mrz1836/go-pre-commit/cmd/go-pre-commit/cmd/run.go:252.18,253.68 1 0
github.com/mrz1836/go-pre-commit/cmd/go-pre-commit/cmd/run.go:254.19,255.71 1 0
github.com/mrz1836/go-pre-commit/cmd/go-pre-commit/cmd/run.go:261.2,261.19 1 2
github.com/mrz1836/go-pre-commit/cmd/go-pre-commit/cmd/run.go:261.19,264.3 1 1
github.com/mrz1836/go-pre-commit/cmd/go-pre-commit/cmd/run.go:264.8,264.42 1 1
github.com/mrz1836/go-pre-commit/cmd/go-pre-commit/cmd/run.go:264.42,267.3 1 0
github.com/mrz1836/go-pre-commit/cmd/go-pre-commit/cmd/run.go:267.8,267.42 1 1
github.com/mrz1836/go-pre-commit/cmd/go-pre-commit/cmd/run.go:267.42,270.3 1 0
github.com/mrz1836/go-pre-commit/cmd/go-pre-commit/cmd/run.go:273.2,273.47 1 2
github.com/mrz1836/go-pre-commit/cmd/go-pre-commit/cmd/run.go:273.47,275.24 2 0
github.com/mrz1836/go-pre-commit/cmd/go-pre-commit/cmd/run.go:275.24,277.4 1 0
github.com/mrz1836/go-pre-commit/cmd/go-pre-commit/cmd/run.go:278.3,278.36 1 0
github.com/mrz1836/go-pre-commit/cmd/go-pre-commit/cmd/run.go:278.36,280.4 1 0
github.com/mrz1836/go-pre-commit/cmd/go-pre-commit/cmd/run.go:284.2,285.16 2 2
github.com/mrz1836/go-pre-commit/cmd/go-pre-commit/cmd/run.go:285.16,288.3 2 1
github.com/mrz1836/go-pre-commit/cmd/go-pre-commit/cmd/run.go:291.2,294.24 2 1
github.com/mrz1836/go-pre-commit/cmd/go-pre-commit/cmd/run.go:294.24,296.3 1 0
github.com/mrz1836/go-pre-commit/cmd/go-pre-commit/cmd/run.go:298.2,298.24 1 1
github.com/mrz1836/go-pre-commit/cmd/go-pre-commit/cmd/run.go:298.24,301.3 1 1
github.com/mrz1836/go-pre-commit/cmd/go-pre-commit/cmd/run.go:303.2,303.12 1 1
github.com/mrz1836/go-pre-commit/cmd/go-pre-commit/cmd/run.go:307.51,314.29 4 14
github.com/mrz1836/go-pre-commit/cmd/go-pre-commit/cmd/run.go:314.29,316.17 2 82
github.com/mrz1836/go-pre-commit/cmd/go-pre-commit/cmd/run.go:316.17,317.12 1 1
github.com/mrz1836/go-pre-commit/cmd/go-pre-commit/cmd/run.go:321.3,324.43 1 81
github.com/mrz1836/go-pre-commit/cmd/go-pre-commit/cmd/run.go:324.43,325.12 1 12
github.com/mrz1836/go-pre-commit/cmd/go-pre-commit/cmd/run.go:329.3,332.37 2 69
github.com/mrz1836/go-pre-commit/cmd/go-pre-commit/cmd/run.go:332.37,334.4 1 14
github.com/mrz1836/go-pre-commit/cmd/go-pre-commit/cmd/run.go:337.3,338.52 1 69
github.com/mrz1836/go-pre-commit/cmd/go-pre-commit/cmd/run.go:338.52,340.4 1 8
github.com/mrz1836/go-pre-commit/cmd/go-pre-commit/cmd/run.go:343.3,347.34 1 69
github.com/mrz1836/go-pre-commit/cmd/go-pre-commit/cmd/run.go:347.34,349.4 1 17
github.com/mrz1836/go-pre-commit/cmd/go-pre-commit/cmd/run.go:352.3,352.77 1 69
github.com/mrz1836/go-pre-commit/cmd/go-pre-commit/cmd/run.go:352.77,354.4 1 0
github.com/mrz1836/go-pre-commit/cmd/go-pre-commit/cmd/run.go:357.3,357.117 1 69
github.com/mrz1836/go-pre-commit/cmd/go-pre-commit/cmd/run.go:357.117,359.4 1 2
github.com/mrz1836/go-pre-commit/cmd/go-pre-commit/cmd/run.go:362.3,367.70 1 69
github.com/mrz1836/go-pre-commit/cmd/go-pre-commit/cmd/run.go:367.70,369.4 1 23
github.com/mrz1836/go-pre-commit/cmd/go-pre-commit/cmd/run.go:371.3,371.14 1 69
github.com/mrz1836/go-pre-commit/cmd/go-pre-commit/cmd/run.go:371.14,377.29 3 50
github.com/mrz1836/go-pre-commit/cmd/go-pre-commit/cmd/run.go:377.29,378.10 1 1
github.com/mrz1836/go-pre-commit/cmd/go-pre-commit/cmd/run.go:383.2,383.19 1 14
github.com/mrz1836/go-pre-commit/cmd/go-pre-commit/cmd/run.go:387.33,390.2 2 54
github.com/mrz1836/go-pre-commit/cmd/go-pre-commit/cmd/run.go:392.81,408.31 3 1
github.com/mrz1836/go-pre-commit/cmd/go-pre-commit/cmd/run.go:408.31,409.20 1 6
github.com/mrz1836/go-pre-commit/cmd/go-pre-commit/cmd/run.go:409.20,411.4 1 6
github.com/mrz1836/go-pre-commit/cmd/go-pre-commit/cmd/run.go:411.9,413.4 1 0
github.com/mrz1836/go-pre-commit/cmd/go-pre-commit/cmd/run.go:416.2,416.12 1 1
github.com/mrz1836/go-pre-commit/cmd/go-pre-commit/cmd/run.go:419.112,421.16 1 6
github.com/mrz1836/go-pre-commit/cmd/go-pre-commit/cmd/run.go:421.16,423.3 1 5
github.com/mrz1836/go-pre-commit/cmd/go-pre-commit/cmd/run.go:426.2,429.46 2 6
github.com/mrz1836/go-pre-commit/cmd/go-pre-commit/cmd/run.go:429.46,430.21 1 15
github.com/mrz1836/go-pre-commit/cmd/go-pre-commit/cmd/run.go:430.21,431.18 1 11
github.com/mrz1836/go-pre-commit/cmd/go-pre-commit/cmd/run.go:431.18,432.50 1 10
github.com/mrz1836/go-pre-commit/cmd/go-pre-commit/cmd/run.go:432.50,435.33 2 1
github.com/mrz1836/go-pre-commit/cmd/go-pre-commit/cmd/run.go:435.33,437.7 1 1
github.com/mrz1836/go-pre-commit/cmd/go-pre-commit/cmd/run.go:438.11,441.46 2 9
github.com/mrz1836/go-pre-commit/cmd/go-pre-commit/cmd/run.go:441.46,443.7 1 1
github.com/mrz1836/go-pre-commit/cmd/go-pre-commit/cmd/run.go:446.9,453.44 3 4
github.com/mrz1836/go-pre-commit/cmd/go-pre-commit/cmd/run.go:453.44,455.5 1 1
github.com/mrz1836/go-pre-commit/cmd/go-pre-commit/cmd/run.go:458.4,458.26 1 4
github.com/mrz1836/go-pre-commit/cmd/go-pre-commit/cmd/run.go:458.26,460.5 1 4
github.com/mrz1836/go-pre-commit/cmd/go-pre-commit/cmd/run.go:464.4,464.27 1 4
github.com/mrz1836/go-pre-commit/cmd/go-pre-commit/cmd/run.go:464.27,467.28 2 4
github.com/mrz1836/go-pre-commit/cmd/go-pre-commit/cmd/run.go:467.28,468.38 1 4
github.com/mrz1836/go-pre-commit/cmd/go-pre-commit/cmd/run.go:468.38,470.7 1 12
github.com/mrz1836/go-pre-commit/cmd/go-pre-commit/cmd/run.go:471.6,471.47 1 4
github.com/mrz1836/go-pre-commit/cmd/go-pre-commit/cmd/run.go:471.47,473.7 1 0
github.com/mrz1836/go-pre-commit/cmd/go-pre-commit/cmd/run.go:474.11,474.27 1 0
github.com/mrz1836/go-pre-commit/cmd/go-pre-commit/cmd/run.go:474.27,478.6 2 0
github.com/mrz1836/go-pre-commit/cmd/go-pre-commit/cmd/run.go:482.4,482.31 1 4
github.com/mrz1836/go-pre-commit/cmd/go-pre-commit/cmd/run.go:482.31,484.5 1 4
github.com/mrz1836/go-pre-commit/cmd/go-pre-commit/cmd/run.go:489.2,489.38 1 6
github.com/mrz1836/go-pre-commit/cmd/go-pre-commit/cmd/run.go:489.38,492.25 3 6
github.com/mrz1836/go-pre-commit/cmd/go-pre-commit/cmd/run.go:492.25,494.4 1 3
github.com/mrz1836/go-pre-commit/cmd/go-pre-commit/cmd/run.go:494.9,494.33 1 3
github.com/mrz1836/go-pre-commit/cmd/go-pre-commit/cmd/run.go:494.33,496.4 1 1
github.com/mrz1836/go-pre-commit/cmd/go-pre-commit/cmd/run.go:496.9,498.4 1 2
github.com/mrz1836/go-pre-commit/cmd/go-pre-commit/cmd/run.go:502.2,502.27 1 6
github.com/mrz1836/go-pre-commit/cmd/go-pre-commit/cmd/run.go:502.27,507.38 4 3
github.com/mrz1836/go-pre-commit/cmd/go-pre-commit/cmd/run.go:507.38,511.26 2 4
github.com/mrz1836/go-pre-commit/cmd/go-pre-commit/cmd/run.go:511.26,513.28 2 4
github.com/mrz1836/go-pre-commit/cmd/go-pre-commit/cmd/run.go:513.28,514.38 1 4
github.com/mrz1836/go-pre-commit/cmd/go-pre-commit/cmd/run.go:514.38,515.16 1 12
github.com/mrz1836/go-pre-commit/cmd/go-pre-commit/cmd/run.go:515.16,517.8 1 12
github.com/mrz1836/go-pre-commit/cmd/go-pre-commit/cmd/run.go:519.6,519.29 1 4
github.com/mrz1836/go-pre-commit/cmd/go-pre-commit/cmd/run.go:519.29,521.7 1 0
github.com/mrz1836/go-pre-commit/cmd/go-pre-commit/cmd/run.go:522.11,525.6 1 0
github.com/mrz1836/go-pre-commit/cmd/go-pre-commit/cmd/run.go:526.10,526.32 1 0
github.com/mrz1836/go-pre-commit/cmd/go-pre-commit/cmd/run.go:526.32,528.5 1 0
github.com/mrz1836/go-pre-commit/cmd/go-pre-commit/cmd/run.go:531.4,531.30 1 4
github.com/mrz1836/go-pre-commit/cmd/go-pre-commit/cmd/run.go:531.30,533.5 1 4
github.com/mrz1836/go-pre-commit/cmd/go-pre-commit/cmd/run.go:534.4,534.24 1 4
github.com/mrz1836/go-pre-commit/cmd/go-pre-commit/cmd/run.go:538.3,539.66 2 3
github.com/mrz1836/go-pre-commit/cmd/go-pre-commit/cmd/status.go:14.59,33.2 1 8
github.com/mrz1836/go-pre-commit/cmd/go-pre-commit/cmd/status.go:35.73,38.16 2 6
github.com/mrz1836/go-pre-commit/cmd/go-pre-commit/cmd/status.go:38.16,41.3 2 1
github.com/mrz1836/go-pre-commit/cmd/go-pre-commit/cmd/status.go:44.2,45.16 2 5
github.com/mrz1836/go-pre-commit/cmd/go-pre-commit/cmd/status.go:45.16,48.3 2 1
github.com/mrz1836/go-pre-commit/cmd/go-pre-commit/cmd/status.go:50.2,50.27 1 4
github.com/mrz1836/go-pre-commit/cmd/go-pre-commit/cmd/status.go:50.27,54.3 3 0
github.com/mrz1836/go-pre-commit/cmd/go-pre-commit/cmd/status.go:57.2,65.17 4 4
github.com/mrz1836/go-pre-commit/cmd/go-pre-commit/cmd/status.go:65.17,67.3 1 4
github.com/mrz1836/go-pre-commit/cmd/go-pre-commit/cmd/status.go:67.8,69.3 1 0
github.com/mrz1836/go-pre-commit/cmd/go-pre-commit/cmd/status.go:72.2,75.42 3 4
github.com/mrz1836/go-pre-commit/cmd/go-pre-commit/cmd/status.go:75.42,77.17 2 16
github.com/mrz1836/go-pre-commit/cmd/go-pre-commit/cmd/status.go:77.17,79.12 2 0
github.com/mrz1836/go-pre-commit/cmd/go-pre-commit/cmd/status.go:82.3,82.51 1 16
github.com/mrz1836/go-pre-commit/cmd/go-pre-commit/cmd/status.go:82.51,83.29 1 14
github.com/mrz1836/go-pre-commit/cmd/go-pre-commit/cmd/status.go:83.29,85.5 1 0
github.com/mrz1836/go-pre-commit/cmd/go-pre-commit/cmd/status.go:86.4,86.12 1 14
github.com/mrz1836/go-pre-commit/cmd/go-pre-commit/cmd/status.go:89.3,91.23 2 2
github.com/mrz1836/go-pre-commit/cmd/go-pre-commit/cmd/status.go:91.23,92.25 1 1
github.com/mrz1836/go-pre-commit/cmd/go-pre-commit/cmd/status.go:92.25,94.5 1 1
github.com/mrz1836/go-pre-commit/cmd/go-pre-commit/cmd/status.go:94.10,96.5 1 0
github.com/mrz1836/go-pre-commit/cmd/go-pre-commit/cmd/status.go:97.9,97.36 1 1
github.com/mrz1836/go-pre-commit/cmd/go-pre-commit/cmd/status.go:97.36,99.29 2 1
github.com/mrz1836/go-pre-commit/cmd/go-pre-commit/cmd/status.go:99.29,101.5 1 0
github.com/mrz1836/go-pre-commit/cmd/go-pre-commit/cmd/status.go:104.3,104.76 1 2
github.com/mrz1836/go-pre-commit/cmd/go-pre-commit/cmd/status.go:104.76,108.4 3 0
github.com/mrz1836/go-pre-commit/cmd/go-pre-commit/cmd/status.go:111.2,111.17 1 4
github.com/mrz1836/go-pre-commit/cmd/go-pre-commit/cmd/status.go:111.17,114.3 2 2
github.com/mrz1836/go-pre-commit/cmd/go-pre-commit/cmd/status.go:117.2,117.27 1 4
github.com/mrz1836/go-pre-commit/cmd/go-pre-commit/cmd/status.go:117.27,127.3 9 0
github.com/mrz1836/go-pre-commit/cmd/go-pre-commit/cmd/status.go:129.2,129.12 1 4
github.com/mrz1836/go-pre-commit/cmd/go-pre-commit/cmd/status.go:132.31,135.2 2 4
github.com/mrz1836/go-pre-commit/cmd/go-pre-commit/cmd/status.go:137.34,140.2 2 4
github.com/mrz1836/go-pre-commit/cmd/go-pre-commit/cmd/status.go:142.54,145.2 2 1
github.com/mrz1836/go-pre-commit/cmd/go-pre-commit/cmd/uninstall.go:12.62,27.55 1 10
github.com/mrz1836/go-pre-commit/cmd/go-pre-commit/cmd/uninstall.go:27.55,29.18 2 0
github.com/mrz1836/go-pre-commit/cmd/go-pre-commit/cmd/uninstall.go:29.18,31.5 1 0
github.com/mrz1836/go-pre-commit/cmd/go-pre-commit/cmd/uninstall.go:32.4,32.57 1 0
github.com/mrz1836/go-pre-commit/cmd/go-pre-commit/cmd/uninstall.go:36.2,37.12 2 10
github.com/mrz1836/go-pre-commit/cmd/go-pre-commit/cmd/uninstall.go:40.105,43.16 2 6
github.com/mrz1836/go-pre-commit/cmd/go-pre-commit/cmd/uninstall.go:43.16,45.3 1 1
github.com/mrz1836/go-pre-commit/cmd/go-pre-commit/cmd/uninstall.go:47.2,47.27 1 5
github.com/mrz1836/go-pre-commit/cmd/go-pre-commit/cmd/uninstall.go:47.27,49.3 1 0
github.com/mrz1836/go-pre-commit/cmd/go-pre-commit/cmd/uninstall.go:52.2,58.37 4 5
github.com/mrz1836/go-pre-commit/cmd/go-pre-commit/cmd/uninstall.go:58.37,59.28 1 5
github.com/mrz1836/go-pre-commit/cmd/go-pre-commit/cmd/uninstall.go:59.28,61.4 1 0
github.com/mrz1836/go-pre-commit/cmd/go-pre-commit/cmd/uninstall.go:63.3,64.17 2 5
github.com/mrz1836/go-pre-commit/cmd/go-pre-commit/cmd/uninstall.go:64.17,66.4 1 0
github.com/mrz1836/go-pre-commit/cmd/go-pre-commit/cmd/uninstall.go:68.3,68.14 1 5
github.com/mrz1836/go-pre-commit/cmd/go-pre-commit/cmd/uninstall.go:68.14,70.4 1 3
github.com/mrz1836/go-pre-commit/cmd/go-pre-commit/cmd/uninstall.go:70.9,72.4 1 2
github.com/mrz1836/go-pre-commit/cmd/go-pre-commit/cmd/uninstall.go:76.2,76.26 1 5
github.com/mrz1836/go-pre-commit/cmd/go-pre-commit/cmd/uninstall.go:76.26,78.3 1 2
github.com/mrz1836/go-pre-commit/cmd/go-pre-commit/cmd/uninstall.go:79.2,79.23 1 5
github.com/mrz1836/go-pre-commit/cmd/go-pre-commit/cmd/uninstall.go:79.23,81.3 1 2
github.com/mrz1836/go-pre-commit/cmd/go-pre-commit/cmd/uninstall.go:82.2,82.49 1 5
github.com/mrz1836/go-pre-commit/cmd/go-pre-commit/cmd/uninstall.go:82.49,84.3 1 1
github.com/mrz1836/go-pre-commit/cmd/go-pre-commit/cmd/uninstall.go:86.2,86.12 1 5
github.com/mrz1836/go-pre-commit/cmd/go-pre-commit/cmd/upgrade.go:34.60,56.52 1 7
github.com/mrz1836/go-pre-commit/cmd/go-pre-commit/cmd/upgrade.go:56.52,61.18 4 1
github.com/mrz1836/go-pre-commit/cmd/go-pre-commit/cmd/upgrade.go:61.18,63.5 1 0
github.com/mrz1836/go-pre-commit/cmd/go-pre-commit/cmd/upgrade.go:65.4,66.18 2 1
github.com/mrz1836/go-pre-commit/cmd/go-pre-commit/cmd/upgrade.go:66.18,68.5 1 0
github.com/mrz1836/go-pre-commit/cmd/go-pre-commit/cmd/upgrade.go:70.4,71.18 2 1
github.com/mrz1836/go-pre-commit/cmd/go-pre-commit/cmd/upgrade.go:71.18,73.5 1 0
github.com/mrz1836/go-pre-commit/cmd/go-pre-commit/cmd/upgrade.go:75.4,75.42 1 1
github.com/mrz1836/go-pre-commit/cmd/go-pre-commit/cmd/upgrade.go:80.2,84.12 4 7
github.com/mrz1836/go-pre-commit/cmd/go-pre-commit/cmd/upgrade.go:87.76,91.96 2 7
github.com/mrz1836/go-pre-commit/cmd/go-pre-commit/cmd/upgrade.go:91.96,92.41 1 4
github.com/mrz1836/go-pre-commit/cmd/go-pre-commit/cmd/upgrade.go:92.41,96.4 3 1
github.com/mrz1836/go-pre-commit/cmd/go-pre-commit/cmd/upgrade.go:99.2,104.16 4 6
github.com/mrz1836/go-pre-commit/cmd/go-pre-commit/cmd/upgrade.go:104.16,106.3 1 0
github.com/mrz1836/go-pre-commit/cmd/go-pre-commit/cmd/upgrade.go:108.2,114.31 4 6
github.com/mrz1836/go-pre-commit/cmd/go-pre-commit/cmd/upgrade.go:114.31,117.3 2 0
github.com/mrz1836/go-pre-commit/cmd/go-pre-commit/cmd/upgrade.go:119.2,119.22 1 6
github.com/mrz1836/go-pre-commit/cmd/go-pre-commit/cmd/upgrade.go:119.22,120.14 1 4
github.com/mrz1836/go-pre-commit/cmd/go-pre-commit/cmd/upgrade.go:120.14,123.4 2 4
github.com/mrz1836/go-pre-commit/cmd/go-pre-commit/cmd/upgrade.go:123.9,125.4 1 0
github.com/mrz1836/go-pre-commit/cmd/go-pre-commit/cmd/upgrade.go:126.3,126.13 1 4
github.com/mrz1836/go-pre-commit/cmd/go-pre-commit/cmd/upgrade.go:130.2,130.13 1 2
github.com/mrz1836/go-pre-commit/cmd/go-pre-commit/cmd/upgrade.go:130.13,132.3 1 2
github.com/mrz1836/go-pre-commit/cmd/go-pre-commit/cmd/upgrade.go:132.8,132.25 1 0
github.com/mrz1836/go-pre-commit/cmd/go-pre-commit/cmd/upgrade.go:132.25,134.3 1 0
github.com/mrz1836/go-pre-commit/cmd/go-pre-commit/cmd/upgrade.go:137.2,145.34 6 2
github.com/mrz1836/go-pre-commit/cmd/go-pre-commit/cmd/upgrade.go:145.34,147.3 1 0
github.com/mrz1836/go-pre-commit/cmd/go-pre-commit/cmd/upgrade.go:151.2,151.44 1 2
github.com/mrz1836/go-pre-commit/cmd/go-pre-commit/cmd/upgrade.go:151.44,153.28 1 0
github.com/mrz1836/go-pre-commit/cmd/go-pre-commit/cmd/upgrade.go:153.28,155.4 1 0
github.com/mrz1836/go-pre-commit/cmd/go-pre-commit/cmd/upgrade.go:158.2,161.22 2 2
github.com/mrz1836/go-pre-commit/cmd/go-pre-commit/cmd/upgrade.go:161.22,163.45 2 1
github.com/mrz1836/go-pre-commit/cmd/go-pre-commit/cmd/upgrade.go:163.45,166.4 2 0
github.com/mrz1836/go-pre-commit/cmd/go-pre-commit/cmd/upgrade.go:166.9,168.4 1 1
github.com/mrz1836/go-pre-commit/cmd/go-pre-commit/cmd/upgrade.go:169.8,172.3 1 1
github.com/mrz1836/go-pre-commit/cmd/go-pre-commit/cmd/upgrade.go:175.2,175.49 1 2
github.com/mrz1836/go-pre-commit/cmd/go-pre-commit/cmd/upgrade.go:175.49,178.30 3 0
github.com/mrz1836/go-pre-commit/cmd/go-pre-commit/cmd/upgrade.go:178.30,179.37 1 0
github.com/mrz1836/go-pre-commit/cmd/go-pre-commit/cmd/upgrade.go:179.37,181.5 1 0
github.com/mrz1836/go-pre-commit/cmd/go-pre-commit/cmd/upgrade.go:185.2,185.12 1 2
github.com/mrz1836/go-pre-commit/cmd/go-pre-commit/cmd/upgrade.go:188.50,191.16 2 1
github.com/mrz1836/go-pre-commit/cmd/go-pre-commit/cmd/upgrade.go:191.16,193.3 1 0
github.com/mrz1836/go-pre-commit/cmd/go-pre-commit/cmd/upgrade.go:196.2,202.37 4 1
github.com/mrz1836/go-pre-commit/cmd/go-pre-commit/cmd/upgrade.go:202.37,203.42 1 4
github.com/mrz1836/go-pre-commit/cmd/go-pre-commit/cmd/upgrade.go:203.42,204.64 1 0
github.com/mrz1836/go-pre-commit/cmd/go-pre-commit/cmd/upgrade.go:204.64,206.5 1 0
github.com/mrz1836/go-pre-commit/cmd/go-pre-commit/cmd/upgrade.go:207.4,207.17 1 0
github.com/mrz1836/go-pre-commit/cmd/go-pre-commit/cmd/upgrade.go:211.2,211.22 1 1
github.com/mrz1836/go-pre-commit/cmd/go-pre-commit/cmd/upgrade.go:211.22,213.3 1 1
github.com/mrz1836/go-pre-commit/cmd/go-pre-commit/cmd/upgrade.go:213.8,215.3 1 0
github.com/mrz1836/go-pre-commit/cmd/go-pre-commit/cmd/upgrade.go:217.2,217.12 1 1
github.com/mrz1836/go-pre-commit/cmd/go-pre-commit/cmd/upgrade.go:220.52,223.16 2 1
github.com/mrz1836/go-pre-commit/cmd/go-pre-commit/cmd/upgrade.go:223.16,226.3 1 0
github.com/mrz1836/go-pre-commit/cmd/go-pre-commit/cmd/upgrade.go:228.2,234.37 4 1
github.com/mrz1836/go-pre-commit/cmd/go-pre-commit/cmd/upgrade.go:234.37,235.42 1 4
github.com/mrz1836/go-pre-commit/cmd/go-pre-commit/cmd/upgrade.go:235.42,237.9 2 0
github.com/mrz1836/go-pre-commit/cmd/go-pre-commit/cmd/upgrade.go:241.2,241.39 1 1
github.com/mrz1836/go-pre-commit/cmd/go-pre-commit/cmd/upgrade.go:241.39,244.3 2 0
github.com/mrz1836/go-pre-commit/cmd/go-pre-commit/cmd/upgrade.go:247.37,248.32 1 30
github.com/mrz1836/go-pre-commit/cmd/go-pre-commit/cmd/upgrade.go:248.32,250.3 1 6
github.com/mrz1836/go-pre-commit/cmd/go-pre-commit/cmd/upgrade.go:251.2,251.32 1 24
github.com/mrz1836/go-pre-commit/cmd/go-pre-commit/cmd/upgrade.go:251.32,253.3 1 23
github.com/mrz1836/go-pre-commit/cmd/go-pre-commit/cmd/upgrade.go:254.2,254.10 1 1
github.com/mrz1836/go-pre-commit/cmd/go-pre-commit/cmd/upgrade.go:258.44,262.16 3 2
github.com/mrz1836/go-pre-commit/cmd/go-pre-commit/cmd/upgrade.go:262.16,264.3 1 1
github.com/mrz1836/go-pre-commit/cmd/go-pre-commit/cmd/upgrade.go:268.2,271.29 3 1
github.com/mrz1836/go-pre-commit/cmd/go-pre-commit/cmd/upgrade.go:271.29,272.44 1 2
github.com/mrz1836/go-pre-commit/cmd/go-pre-commit/cmd/upgrade.go:272.44,277.4 3 1
github.com/mrz1836/go-pre-commit/cmd/go-pre-commit/cmd/upgrade.go:280.2,280.67 1 0
github.com/mrz1836/go-pre-commit/cmd/go-pre-commit/cmd/upgrade.go:284.31,286.34 2 1
github.com/mrz1836/go-pre-commit/cmd/go-pre-commit/cmd/upgrade.go:286.34,288.3 1 0
github.com/mrz1836/go-pre-commit/cmd/go-pre-commit/cmd/upgrade.go:289.2,289.12 1 1
github.com/mrz1836/go-pre-commit/cmd/go-pre-commit/cmd/upgrade.go:293.34,296.16 3 1
github.com/mrz1836/go-pre-commit/cmd/go-pre-commit/cmd/upgrade.go:296.16,298.3 1 0
github.com/mrz1836/go-pre-commit/cmd/go-pre-commit/cmd/upgrade.go:300.2,301.18 2 1
github.com/mrz1836/go-pre-commit/cmd/go-pre-commit/cmd/upgrade.go:301.18,304.17 2 0
github.com/mrz1836/go-pre-commit/cmd/go-pre-commit/cmd/upgrade.go:304.17,306.4 1 0
github.com/mrz1836/go-pre-commit/cmd/go-pre-commit/cmd/upgrade.go:307.3,307.38 1 0
github.com/mrz1836/go-pre-commit/cmd/go-pre-commit/cmd/upgrade.go:310.2,310.43 1 1
github.com/mrz1836/go-pre-commit/cmd/go-pre-commit/cmd/upgrade.go:314.22,317.2 2 1
github.com/mrz1836/go-pre-commit/cmd/go-pre-commit/cmd/upgrade.go:320.42,321.31 1 1
github.com/mrz1836/go-pre-commit/cmd/go-pre-commit/cmd/upgrade.go:321.31,323.3 1 0
github.com/mrz1836/go-pre-commit/cmd/go-pre-commit/cmd/upgrade.go:324.2,324.39 1 1
github.com/mrz1836/go-pre-commit/cmd/go-pre-commit/cmd/upgrade.go:328.46,333.43 2 14
github.com/mrz1836/go-pre-commit/cmd/go-pre-commit/cmd/upgrade.go:333.43,335.3 1 9
github.com/mrz1836/go-pre-commit/cmd/go-pre-commit/cmd/upgrade.go:338.2,338.28 1 5
github.com/mrz1836/go-pre-commit/cmd/go-pre-commit/cmd/upgrade.go:338.28,339.75 1 109
github.com/mrz1836/go-pre-commit/cmd/go-pre-commit/cmd/upgrade.go:339.75,341.4 1 0
github.com/mrz1836/go-pre-commit/cmd/go-pre-commit/cmd/upgrade.go:344.2,344.13 1 5
github.com/mrz1836/go-pre-commit/cmd/production-validation/main.go:23.37,26.115 1 13
github.com/mrz1836/go-pre-commit/cmd/production-validation/main.go:26.115,28.4 1 1
github.com/mrz1836/go-pre-commit/cmd/production-validation/main.go:34.13,36.2 1 0
github.com/mrz1836/go-pre-commit/cmd/production-validation/main.go:38.38,46.14 3 13
github.com/mrz1836/go-pre-commit/cmd/production-validation/main.go:46.14,48.3 1 2
github.com/mrz1836/go-pre-commit/cmd/production-validation/main.go:51.2,52.16 2 13
github.com/mrz1836/go-pre-commit/cmd/production-validation/main.go:52.16,54.3 1 1
github.com/mrz1836/go-pre-commit/cmd/production-validation/main.go:55.2,57.14 2 12
github.com/mrz1836/go-pre-commit/cmd/production-validation/main.go:57.14,59.3 1 2
github.com/mrz1836/go-pre-commit/cmd/production-validation/main.go:62.2,63.16 2 12
github.com/mrz1836/go-pre-commit/cmd/production-validation/main.go:63.16,65.3 1 1
github.com/mrz1836/go-pre-commit/cmd/production-validation/main.go:67.2,67.14 1 11
github.com/mrz1836/go-pre-commit/cmd/production-validation/main.go:67.14,69.3 1 2
github.com/mrz1836/go-pre-commit/cmd/production-validation/main.go:72.2,73.23 2 11
github.com/mrz1836/go-pre-commit/cmd/production-validation/main.go:74.14,76.17 2 2
github.com/mrz1836/go-pre-commit/cmd/production-validation/main.go:76.17,78.4 1 0
github.com/mrz1836/go-pre-commit/cmd/production-validation/main.go:79.3,79.28 1 2
github.com/mrz1836/go-pre-commit/cmd/production-validation/main.go:80.14,81.33 1 8
github.com/mrz1836/go-pre-commit/cmd/production-validation/main.go:82.10,83.65 1 1
github.com/mrz1836/go-pre-commit/cmd/production-validation/main.go:87.2,87.23 1 10
github.com/mrz1836/go-pre-commit/cmd/production-validation/main.go:87.23,89.71 1 5
github.com/mrz1836/go-pre-commit/cmd/production-validation/main.go:89.71,91.4 1 2
github.com/mrz1836/go-pre-commit/cmd/production-validation/main.go:93.3,93.74 1 3
github.com/mrz1836/go-pre-commit/cmd/production-validation/main.go:93.74,95.4 1 1
github.com/mrz1836/go-pre-commit/cmd/production-validation/main.go:97.3,97.15 1 2
github.com/mrz1836/go-pre-commit/cmd/production-validation/main.go:97.15,99.4 1 1
github.com/mrz1836/go-pre-commit/cmd/production-validation/main.go:100.8,101.58 1 5
github.com/mrz1836/go-pre-commit/cmd/production-validation/main.go:101.58,103.4 1 0
github.com/mrz1836/go-pre-commit/cmd/production-validation/main.go:107.2,107.29 1 7
github.com/mrz1836/go-pre-commit/cmd/production-validation/main.go:107.29,108.15 1 2
github.com/mrz1836/go-pre-commit/cmd/production-validation/main.go:108.15,110.4 1 1
github.com/mrz1836/go-pre-commit/cmd/production-validation/main.go:111.3,111.17 1 2
github.com/mrz1836/go-pre-commit/cmd/production-validation/main.go:114.2,114.14 1 5
github.com/mrz1836/go-pre-commit/cmd/production-validation/main.go:114.14,116.3 1 1
github.com/mrz1836/go-pre-commit/examples/go-plugin/main.go:36.13,40.45 3 4
github.com/mrz1836/go-pre-commit/examples/go-plugin/main.go:40.45,43.3 2 1
github.com/mrz1836/go-pre-commit/examples/go-plugin/main.go:46.2,46.21 1 3
github.com/mrz1836/go-pre-commit/examples/go-plugin/main.go:47.15,48.33 1 2
github.com/mrz1836/go-pre-commit/examples/go-plugin/main.go:49.10,51.13 2 1
github.com/mrz1836/go-pre-commit/examples/go-plugin/main.go:55.42,58.23 2 9
github.com/mrz1836/go-pre-commit/examples/go-plugin/main.go:58.23,60.3 1 8
github.com/mrz1836/go-pre-commit/examples/go-plugin/main.go:62.2,66.25 3 9
github.com/mrz1836/go-pre-commit/examples/go-plugin/main.go:66.25,68.17 2 3
github.com/mrz1836/go-pre-commit/examples/go-plugin/main.go:68.17,72.4 2 1
github.com/mrz1836/go-pre-commit/examples/go-plugin/main.go:73.3,73.25 1 2
github.com/mrz1836/go-pre-commit/examples/go-plugin/main.go:77.2,80.29 3 8
github.com/mrz1836/go-pre-commit/examples/go-plugin/main.go:80.29,81.45 1 7
github.com/mrz1836/go-pre-commit/examples/go-plugin/main.go:81.45,82.12 1 1
github.com/mrz1836/go-pre-commit/examples/go-plugin/main.go:85.3,86.17 2 6
github.com/mrz1836/go-pre-commit/examples/go-plugin/main.go:86.17,88.12 2 1
github.com/mrz1836/go-pre-commit/examples/go-plugin/main.go:91.3,91.17 1 5
github.com/mrz1836/go-pre-commit/examples/go-plugin/main.go:91.17,94.4 2 1
github.com/mrz1836/go-pre-commit/examples/go-plugin/main.go:98.2,98.29 1 8
github.com/mrz1836/go-pre-commit/examples/go-plugin/main.go:98.29,105.3 2 1
github.com/mrz1836/go-pre-commit/examples/go-plugin/main.go:107.2,108.73 1 7
github.com/mrz1836/go-pre-commit/examples/go-plugin/main.go:111.60,119.29 2 8
github.com/mrz1836/go-pre-commit/examples/go-plugin/main.go:119.29,121.17 2 13
github.com/mrz1836/go-pre-commit/examples/go-plugin/main.go:121.17,125.31 3 6
github.com/mrz1836/go-pre-commit/examples/go-plugin/main.go:125.31,126.57 1 12
github.com/mrz1836/go-pre-commit/examples/go-plugin/main.go:126.57,127.11 1 2
github.com/mrz1836/go-pre-commit/examples/go-plugin/main.go:129.5,129.38 1 10
github.com/mrz1836/go-pre-commit/examples/go-plugin/main.go:129.38,131.6 1 10
github.com/mrz1836/go-pre-commit/examples/go-plugin/main.go:133.4,133.23 1 6
github.com/mrz1836/go-pre-commit/examples/go-plugin/main.go:133.23,135.5 1 6
github.com/mrz1836/go-pre-commit/examples/go-plugin/main.go:139.2,139.35 1 2
github.com/mrz1836/go-pre-commit/examples/go-plugin/main.go:142.44,145.16 2 12
github.com/mrz1836/go-pre-commit/examples/go-plugin/main.go:145.16,147.3 1 1
github.com/mrz1836/go-pre-commit/examples/go-plugin/main.go:148.2,148.15 1 11
github.com/mrz1836/go-pre-commit/examples/go-plugin/main.go:148.15,150.3 1 11
github.com/mrz1836/go-pre-commit/examples/go-plugin/main.go:152.2,154.39 3 11
github.com/mrz1836/go-pre-commit/examples/go-plugin/main.go:154.39,158.44 2 25
github.com/mrz1836/go-pre-commit/examples/go-plugin/main.go:158.44,160.4 1 4
github.com/mrz1836/go-pre-commit/examples/go-plugin/main.go:161.3,161.14 1 21
github.com/mrz1836/go-pre-commit/examples/go-plugin/main.go:164.2,164.14 1 7
github.com/mrz1836/go-pre-commit/examples/go-plugin/main.go:167.74,169.16 2 14
github.com/mrz1836/go-pre-commit/examples/go-plugin/main.go:169.16,171.3 1 1
github.com/mrz1836/go-pre-commit/examples/go-plugin/main.go:172.2,172.15 1 13
github.com/mrz1836/go-pre-commit/examples/go-plugin/main.go:172.15,174.3 1 13
github.com/mrz1836/go-pre-commit/examples/go-plugin/main.go:177.2,179.43 3 13
github.com/mrz1836/go-pre-commit/examples/go-plugin/main.go:179.43,181.3 1 2
github.com/mrz1836/go-pre-commit/examples/go-plugin/main.go:183.2,187.35 3 11
github.com/mrz1836/go-pre-commit/examples/go-plugin/main.go:187.35,188.72 1 16
github.com/mrz1836/go-pre-commit/examples/go-plugin/main.go:188.72,190.4 1 5
github.com/mrz1836/go-pre-commit/examples/go-plugin/main.go:193.2,193.18 1 6
github.com/mrz1836/go-pre-commit/examples/go-plugin/main.go:196.96,206.45 3 14
github.com/mrz1836/go-pre-commit/examples/go-plugin/main.go:206.45,210.3 1 0
github.com/mrz1836/go-pre-commit/internal/checks/registry.go:27.30,43.2 7 2
github.com/mrz1836/go-pre-commit/internal/checks/registry.go:46.58,47.16 1 3
github.com/mrz1836/go-pre-commit/internal/checks/registry.go:47.16,53.3 1 1
github.com/mrz1836/go-pre-commit/internal/checks/registry.go:54.2,69.10 8 2
github.com/mrz1836/go-pre-commit/internal/checks/registry.go:73.42,77.2 3 151
github.com/mrz1836/go-pre-commit/internal/checks/registry.go:80.51,85.2 4 116
github.com/mrz1836/go-pre-commit/internal/checks/registry.go:88.40,93.33 4 107
github.com/mrz1836/go-pre-commit/internal/checks/registry.go:93.33,95.3 1 1247
github.com/mrz1836/go-pre-commit/internal/checks/registry.go:96.2,96.15 1 107
github.com/mrz1836/go-pre-commit/internal/checks/registry.go:100.37,105.29 4 3
github.com/mrz1836/go-pre-commit/internal/checks/registry.go:105.29,107.3 1 9
github.com/mrz1836/go-pre-commit/internal/checks/registry.go:108.2,108.14 1 3
github.com/mrz1836/go-pre-commit/internal/checks/registry.go:112.67,114.9 2 6
github.com/mrz1836/go-pre-commit/internal/checks/registry.go:114.9,116.3 1 1
github.com/mrz1836/go-pre-commit/internal/checks/registry.go:117.2,117.50 1 5
github.com/mrz1836/go-pre-commit/internal/checks/registry.go:121.53,126.33 4 102
github.com/mrz1836/go-pre-commit/internal/checks/registry.go:126.33,128.3 1 1114
github.com/mrz1836/go-pre-commit/internal/checks/registry.go:129.2,129.17 1 102
github.com/mrz1836/go-pre-commit/internal/checks/registry.go:133.65,138.33 4 4
github.com/mrz1836/go-pre-commit/internal/checks/registry.go:138.33,140.36 2 16
github.com/mrz1836/go-pre-commit/internal/checks/registry.go:140.36,142.4 1 4
github.com/mrz1836/go-pre-commit/internal/checks/registry.go:144.2,144.15 1 4
github.com/mrz1836/go-pre-commit/internal/checks/registry.go:148.73,154.41 4 1
github.com/mrz1836/go-pre-commit/internal/checks/registry.go:154.41,157.22 2 4
github.com/mrz1836/go-pre-commit/internal/checks/registry.go:157.22,158.12 1 0
github.com/mrz1836/go-pre-commit/internal/checks/registry.go:162.3,163.34 2 4
github.com/mrz1836/go-pre-commit/internal/checks/registry.go:163.34,165.4 1 0
github.com/mrz1836/go-pre-commit/internal/checks/registry.go:166.3,166.33 1 4
github.com/mrz1836/go-pre-commit/internal/checks/registry.go:166.33,167.12 1 0
github.com/mrz1836/go-pre-commit/internal/checks/registry.go:171.3,172.64 2 4
github.com/mrz1836/go-pre-commit/internal/checks/registry.go:172.64,173.12 1 0
github.com/mrz1836/go-pre-commit/internal/checks/registry.go:177.3,177.40 1 4
github.com/mrz1836/go-pre-commit/internal/checks/registry.go:177.40,179.36 2 4
github.com/mrz1836/go-pre-commit/internal/checks/registry.go:179.36,180.13 1 0
github.com/mrz1836/go-pre-commit/internal/checks/registry.go:183.4,184.21 2 4
github.com/mrz1836/go-pre-commit/internal/checks/registry.go:184.21,185.13 1 0
github.com/mrz1836/go-pre-commit/internal/checks/registry.go:189.4,189.35 1 4
github.com/mrz1836/go-pre-commit/internal/checks/registry.go:189.35,195.5 1 4
github.com/mrz1836/go-pre-commit/internal/checks/registry.go:199.2,199.13 1 1
github.com/mrz1836/go-pre-commit/internal/checks/registry.go:210.47,213.2 1 5
github.com/mrz1836/go-pre-commit/internal/checks/registry.go:216.57,221.33 4 2
github.com/mrz1836/go-pre-commit/internal/checks/registry.go:221.33,224.3 2 3
github.com/mrz1836/go-pre-commit/internal/checks/registry.go:225.2,225.14 1 2
github.com/mrz1836/go-pre-commit/internal/checks/registry.go:230.77,232.42 1 1138
github.com/mrz1836/go-pre-commit/internal/checks/registry.go:233.21,234.18 1 619
github.com/mrz1836/go-pre-commit/internal/checks/registry.go:235.10,237.47 1 519
github.com/mrz1836/go-pre-commit/internal/checks/registry.go:242.87,244.35 2 519
github.com/mrz1836/go-pre-commit/internal/checks/registry.go:244.35,246.3 1 3
github.com/mrz1836/go-pre-commit/internal/checks/registry.go:248.2,248.34 1 519
github.com/mrz1836/go-pre-commit/internal/checks/registry.go:248.34,259.3 1 1
github.com/mrz1836/go-pre-commit/internal/checks/registry.go:261.2,264.89 2 518
github.com/mrz1836/go-pre-commit/internal/checks/registry.go:264.89,266.3 1 518
github.com/mrz1836/go-pre-commit/internal/checks/registry.go:268.2,268.96 1 518
github.com/mrz1836/go-pre-commit/internal/checks/registry.go:268.96,270.3 1 518
github.com/mrz1836/go-pre-commit/internal/checks/registry.go:272.2,272.96 1 518
github.com/mrz1836/go-pre-commit/internal/checks/registry.go:272.96,274.36 2 518
github.com/mrz1836/go-pre-commit/internal/checks/registry.go:274.36,275.67 1 1918
github.com/mrz1836/go-pre-commit/internal/checks/registry.go:275.67,277.5 1 1918
github.com/mrz1836/go-pre-commit/internal/checks/registry.go:279.3,279.33 1 518
github.com/mrz1836/go-pre-commit/internal/checks/registry.go:282.2,282.68 1 518
github.com/mrz1836/go-pre-commit/internal/checks/registry.go:282.68,283.60 1 518
github.com/mrz1836/go-pre-commit/internal/checks/registry.go:283.60,285.4 1 518
github.com/mrz1836/go-pre-commit/internal/checks/registry.go:288.2,288.96 1 518
github.com/mrz1836/go-pre-commit/internal/checks/registry.go:288.96,290.36 2 518
github.com/mrz1836/go-pre-commit/internal/checks/registry.go:290.36,291.59 1 301
github.com/mrz1836/go-pre-commit/internal/checks/registry.go:291.59,293.5 1 301
github.com/mrz1836/go-pre-commit/internal/checks/registry.go:295.3,295.29 1 518
github.com/mrz1836/go-pre-commit/internal/checks/registry.go:298.2,298.65 1 518
github.com/mrz1836/go-pre-commit/internal/checks/registry.go:298.65,299.60 1 518
github.com/mrz1836/go-pre-commit/internal/checks/registry.go:299.60,301.4 1 518
github.com/mrz1836/go-pre-commit/internal/checks/registry.go:304.2,304.93 1 518
github.com/mrz1836/go-pre-commit/internal/checks/registry.go:304.93,306.3 1 518
github.com/mrz1836/go-pre-commit/internal/checks/registry.go:308.2,308.96 1 518
github.com/mrz1836/go-pre-commit/internal/checks/registry.go:308.96,310.3 1 518
github.com/mrz1836/go-pre-commit/internal/checks/registry.go:312.2,312.15 1 518
github.com/mrz1836/go-pre-commit/internal/checks/registry.go:316.40,317.29 1 3
github.com/mrz1836/go-pre-commit/internal/checks/registry.go:317.29,319.3 1 1
github.com/mrz1836/go-pre-commit/internal/checks/registry.go:322.2,322.55 1 2
github.com/mrz1836/go-pre-commit/internal/checks/registry.go:322.55,324.3 1 1
github.com/mrz1836/go-pre-commit/internal/checks/registry.go:327.2,327.51 1 1
github.com/mrz1836/go-pre-commit/internal/checks/registry.go:327.51,329.3 1 1
github.com/mrz1836/go-pre-commit/internal/checks/registry.go:331.2,331.12 1 1
github.com/mrz1836/go-pre-commit/cmd/go-pre-commit/main.go:14.13,16.2 1 3
github.com/mrz1836/go-pre-commit/cmd/go-pre-commit/main.go:20.16,26.69 3 12
github.com/mrz1836/go-pre-commit/cmd/go-pre-commit/main.go:26.69,28.3 1 0
github.com/mrz1836/go-pre-commit/cmd/go-pre-commit/main.go:32.2,41.42 6 12
github.com/mrz1836/go-pre-commit/cmd/go-pre-commit/main.go:41.42,44.3 2 2
github.com/mrz1836/go-pre-commit/cmd/go-pre-commit/main.go:45.2,45.10 1 10
github.com/mrz1836/go-pre-commit/cmd/go-pre-commit/version.go:29.32,35.2 1 31
github.com/mrz1836/go-pre-commit/cmd/go-pre-commit/version.go:38.38,40.2 1 37
github.com/mrz1836/go-pre-commit/cmd/go-pre-commit/version.go:43.37,45.2 1 37
github.com/mrz1836/go-pre-commit/cmd/go-pre-commit/version.go:48.40,50.2 1 37
github.com/mrz1836/go-pre-commit/cmd/go-pre-commit/version.go:53.39,54.43 1 37
github.com/mrz1836/go-pre-commit/cmd/go-pre-commit/version.go:54.43,55.41 1 37
github.com/mrz1836/go-pre-commit/cmd/go-pre-commit/version.go:55.41,56.37 1 444
github.com/mrz1836/go-pre-commit/cmd/go-pre-commit/version.go:56.37,58.5 1 0
github.com/mrz1836/go-pre-commit/cmd/go-pre-commit/version.go:61.2,61.14 1 37
github.com/mrz1836/go-pre-commit/cmd/go-pre-commit/version.go:65.38,67.69 1 60
github.com/mrz1836/go-pre-commit/cmd/go-pre-commit/version.go:67.69,69.3 1 6
github.com/mrz1836/go-pre-commit/cmd/go-pre-commit/version.go:72.2,72.43 1 54
github.com/mrz1836/go-pre-commit/cmd/go-pre-commit/version.go:72.43,74.64 1 54
github.com/mrz1836/go-pre-commit/cmd/go-pre-commit/version.go:74.64,77.4 1 0
github.com/mrz1836/go-pre-commit/cmd/go-pre-commit/version.go:80.3,80.41 1 54
github.com/mrz1836/go-pre-commit/cmd/go-pre-commit/version.go:80.41,81.60 1 648
github.com/mrz1836/go-pre-commit/cmd/go-pre-commit/version.go:81.60,83.31 1 0
github.com/mrz1836/go-pre-commit/cmd/go-pre-commit/version.go:83.31,85.6 1 0
github.com/mrz1836/go-pre-commit/cmd/go-pre-commit/version.go:86.5,86.25 1 0
github.com/mrz1836/go-pre-commit/cmd/go-pre-commit/version.go:92.2,92.14 1 54
github.com/mrz1836/go-pre-commit/cmd/go-pre-commit/version.go:96.37,98.67 1 58
github.com/mrz1836/go-pre-commit/cmd/go-pre-commit/version.go:98.67,100.3 1 5
github.com/mrz1836/go-pre-commit/cmd/go-pre-commit/version.go:103.2,103.43 1 53
github.com/mrz1836/go-pre-commit/cmd/go-pre-commit/version.go:103.43,104.41 1 53
github.com/mrz1836/go-pre-commit/cmd/go-pre-commit/version.go:104.41,105.60 1 636
github.com/mrz1836/go-pre-commit/cmd/go-pre-commit/version.go:105.60,107.31 1 0
github.com/mrz1836/go-pre-commit/cmd/go-pre-commit/version.go:107.31,109.6 1 0
github.com/mrz1836/go-pre-commit/cmd/go-pre-commit/version.go:110.5,110.25 1 0
github.com/mrz1836/go-pre-commit/cmd/go-pre-commit/version.go:115.3,115.26 1 53
github.com/mrz1836/go-pre-commit/cmd/go-pre-commit/version.go:115.26,117.89 1 0
github.com/mrz1836/go-pre-commit/cmd/go-pre-commit/version.go:117.89,119.5 1 0
github.com/mrz1836/go-pre-commit/cmd/go-pre-commit/version.go:123.2,123.15 1 53
github.com/mrz1836/go-pre-commit/cmd/go-pre-commit/version.go:127.40,129.79 1 60
github.com/mrz1836/go-pre-commit/cmd/go-pre-commit/version.go:129.79,131.3 1 7
github.com/mrz1836/go-pre-commit/cmd/go-pre-commit/version.go:134.2,134.43 1 53
github.com/mrz1836/go-pre-commit/cmd/go-pre-commit/version.go:134.43,135.41 1 53
github.com/mrz1836/go-pre-commit/cmd/go-pre-commit/version.go:135.41,136.56 1 636
github.com/mrz1836/go-pre-commit/cmd/go-pre-commit/version.go:136.56,138.55 1 0
github.com/mrz1836/go-pre-commit/cmd/go-pre-commit/version.go:138.55,140.6 1 0
github.com/mrz1836/go-pre-commit/cmd/go-pre-commit/version.go:141.5,141.25 1 0
github.com/mrz1836/go-pre-commit/cmd/go-pre-commit/version.go:146.3,146.64 1 53
github.com/mrz1836/go-pre-commit/cmd/go-pre-commit/version.go:146.64,148.4 1 0
github.com/mrz1836/go-pre-commit/cmd/go-pre-commit/version.go:151.2,151.18 1 53
github.com/mrz1836/go-pre-commit/cmd/go-pre-commit/version.go:158.51,160.61 1 31
github.com/mrz1836/go-pre-commit/cmd/go-pre-commit/version.go:160.61,162.3 1 13
github.com/mrz1836/go-pre-commit/cmd/go-pre-commit/version.go:165.2,171.33 2 18
github.com/mrz1836/go-pre-commit/cmd/go-pre-commit/version.go:171.33,172.56 1 54
github.com/mrz1836/go-pre-commit/cmd/go-pre-commit/version.go:172.56,174.4 1 2
github.com/mrz1836/go-pre-commit/cmd/go-pre-commit/version.go:177.2,177.42 1 16
github.com/mrz1836/go-pre-commit/cmd/go-pre-commit/version.go:184.26,186.2 1 7
github.com/mrz1836/go-pre-commit/cmd/go-pre-commit/version.go:189.25,191.2 1 7
github.com/mrz1836/go-pre-commit/cmd/go-pre-commit/version.go:194.28,196.2 1 7
github.com/mrz1836/go-pre-commit/cmd/go-pre-commit/version.go:199.24,202.2 2 9
github.com/mrz1836/go-pre-commit/cmd/go-pre-commit/version.go:205.38,207.2 1 94
github.com/mrz1836/go-pre-commit/internal/checks/builtin/eof.go:23.30,27.2 1 45
github.com/mrz1836/go-pre-commit/internal/checks/builtin/eof.go:30.62,34.2 1 24
github.com/mrz1836/go-pre-commit/internal/checks/builtin/eof.go:37.34,39.2 1 5
github.com/mrz1836/go-pre-commit/internal/checks/builtin/eof.go:42.41,44.2 1 5
github.com/mrz1836/go-pre-commit/internal/checks/builtin/eof.go:47.43,58.2 1 7
github.com/mrz1836/go-pre-commit/internal/checks/builtin/eof.go:61.67,69.29 5 52
github.com/mrz1836/go-pre-commit/internal/checks/builtin/eof.go:69.29,70.10 1 67
github.com/mrz1836/go-pre-commit/internal/checks/builtin/eof.go:71.21,72.20 1 2
github.com/mrz1836/go-pre-commit/internal/checks/builtin/eof.go:73.11,75.18 2 65
github.com/mrz1836/go-pre-commit/internal/checks/builtin/eof.go:75.18,77.5 1 6
github.com/mrz1836/go-pre-commit/internal/checks/builtin/eof.go:77.10,77.23 1 59
github.com/mrz1836/go-pre-commit/internal/checks/builtin/eof.go:77.23,79.5 1 38
github.com/mrz1836/go-pre-commit/internal/checks/builtin/eof.go:83.2,83.21 1 50
github.com/mrz1836/go-pre-commit/internal/checks/builtin/eof.go:83.21,85.3 1 5
github.com/mrz1836/go-pre-commit/internal/checks/builtin/eof.go:87.2,87.17 1 45
github.com/mrz1836/go-pre-commit/internal/checks/builtin/eof.go:87.17,89.3 1 26
github.com/mrz1836/go-pre-commit/internal/checks/builtin/eof.go:91.2,91.12 1 19
github.com/mrz1836/go-pre-commit/internal/checks/builtin/eof.go:95.57,97.29 2 8
github.com/mrz1836/go-pre-commit/internal/checks/builtin/eof.go:97.29,98.23 1 29
github.com/mrz1836/go-pre-commit/internal/checks/builtin/eof.go:98.23,100.4 1 16
github.com/mrz1836/go-pre-commit/internal/checks/builtin/eof.go:102.2,102.17 1 8
github.com/mrz1836/go-pre-commit/internal/checks/builtin/eof.go:106.63,109.16 2 70
github.com/mrz1836/go-pre-commit/internal/checks/builtin/eof.go:109.16,111.3 1 5
github.com/mrz1836/go-pre-commit/internal/checks/builtin/eof.go:114.2,114.23 1 65
github.com/mrz1836/go-pre-commit/internal/checks/builtin/eof.go:114.23,116.3 1 8
github.com/mrz1836/go-pre-commit/internal/checks/builtin/eof.go:119.2,119.37 1 57
github.com/mrz1836/go-pre-commit/internal/checks/builtin/eof.go:119.37,123.64 2 41
github.com/mrz1836/go-pre-commit/internal/checks/builtin/eof.go:123.64,125.4 1 1
github.com/mrz1836/go-pre-commit/internal/checks/builtin/eof.go:126.3,126.19 1 40
github.com/mrz1836/go-pre-commit/internal/checks/builtin/eof.go:129.2,129.19 1 16
github.com/mrz1836/go-pre-commit/internal/checks/builtin/whitespace.go:26.44,32.2 1 77
github.com/mrz1836/go-pre-commit/internal/checks/builtin/whitespace.go:35.76,41.2 1 26
github.com/mrz1836/go-pre-commit/internal/checks/builtin/whitespace.go:44.72,48.16 3 7
github.com/mrz1836/go-pre-commit/internal/checks/builtin/whitespace.go:48.16,51.3 2 6
github.com/mrz1836/go-pre-commit/internal/checks/builtin/whitespace.go:53.2,57.3 1 7
github.com/mrz1836/go-pre-commit/internal/checks/builtin/whitespace.go:61.41,63.2 1 8
github.com/mrz1836/go-pre-commit/internal/checks/builtin/whitespace.go:66.48,68.2 1 5
github.com/mrz1836/go-pre-commit/internal/checks/builtin/whitespace.go:71.50,82.2 1 7
github.com/mrz1836/go-pre-commit/internal/checks/builtin/whitespace.go:85.74,94.29 6 79
github.com/mrz1836/go-pre-commit/internal/checks/builtin/whitespace.go:94.29,95.10 1 103
github.com/mrz1836/go-pre-commit/internal/checks/builtin/whitespace.go:96.21,97.20 1 2
github.com/mrz1836/go-pre-commit/internal/checks/builtin/whitespace.go:98.11,100.18 2 101
github.com/mrz1836/go-pre-commit/internal/checks/builtin/whitespace.go:100.18,102.5 1 7
github.com/mrz1836/go-pre-commit/internal/checks/builtin/whitespace.go:102.10,102.23 1 94
github.com/mrz1836/go-pre-commit/internal/checks/builtin/whitespace.go:102.23,105.5 2 71
github.com/mrz1836/go-pre-commit/internal/checks/builtin/whitespace.go:110.2,110.43 1 77
github.com/mrz1836/go-pre-commit/internal/checks/builtin/whitespace.go:110.43,111.58 1 2
github.com/mrz1836/go-pre-commit/internal/checks/builtin/whitespace.go:111.58,114.4 1 1
github.com/mrz1836/go-pre-commit/internal/checks/builtin/whitespace.go:117.2,117.21 1 77
github.com/mrz1836/go-pre-commit/internal/checks/builtin/whitespace.go:117.21,119.3 1 7
github.com/mrz1836/go-pre-commit/internal/checks/builtin/whitespace.go:121.2,121.17 1 70
github.com/mrz1836/go-pre-commit/internal/checks/builtin/whitespace.go:121.17,123.3 1 48
github.com/mrz1836/go-pre-commit/internal/checks/builtin/whitespace.go:125.2,125.12 1 22
github.com/mrz1836/go-pre-commit/internal/checks/builtin/whitespace.go:129.64,131.29 2 10
github.com/mrz1836/go-pre-commit/internal/checks/builtin/whitespace.go:131.29,132.23 1 47
github.com/mrz1836/go-pre-commit/internal/checks/builtin/whitespace.go:132.23,134.4 1 31
github.com/mrz1836/go-pre-commit/internal/checks/builtin/whitespace.go:136.2,136.17 1 10
github.com/mrz1836/go-pre-commit/internal/checks/builtin/whitespace.go:140.70,143.16 2 109
github.com/mrz1836/go-pre-commit/internal/checks/builtin/whitespace.go:143.16,145.3 1 6
github.com/mrz1836/go-pre-commit/internal/checks/builtin/whitespace.go:149.2,156.34 5 103
github.com/mrz1836/go-pre-commit/internal/checks/builtin/whitespace.go:156.34,162.22 4 10232
github.com/mrz1836/go-pre-commit/internal/checks/builtin/whitespace.go:162.22,164.4 1 5101
github.com/mrz1836/go-pre-commit/internal/checks/builtin/whitespace.go:166.3,166.20 1 10232
github.com/mrz1836/go-pre-commit/internal/checks/builtin/whitespace.go:166.20,168.4 1 10121
github.com/mrz1836/go-pre-commit/internal/checks/builtin/whitespace.go:170.3,172.23 2 10232
github.com/mrz1836/go-pre-commit/internal/checks/builtin/whitespace.go:172.23,174.4 1 10129
github.com/mrz1836/go-pre-commit/internal/checks/builtin/whitespace.go:178.2,178.14 1 103
github.com/mrz1836/go-pre-commit/internal/checks/builtin/whitespace.go:178.14,182.44 2 77
github.com/mrz1836/go-pre-commit/internal/checks/builtin/whitespace.go:182.44,184.47 1 10
github.com/mrz1836/go-pre-commit/internal/checks/builtin/whitespace.go:184.47,186.5 1 0
github.com/mrz1836/go-pre-commit/internal/checks/builtin/whitespace.go:186.10,190.25 1 10
github.com/mrz1836/go-pre-commit/internal/checks/builtin/whitespace.go:190.25,192.6 1 6
github.com/mrz1836/go-pre-commit/internal/checks/builtin/whitespace.go:192.11,192.47 1 4
github.com/mrz1836/go-pre-commit/internal/checks/builtin/whitespace.go:192.47,194.6 1 2
github.com/mrz1836/go-pre-commit/internal/checks/builtin/whitespace.go:194.11,196.6 1 2
github.com/mrz1836/go-pre-commit/internal/checks/builtin/whitespace.go:198.9,200.56 1 67
github.com/mrz1836/go-pre-commit/internal/checks/builtin/whitespace.go:200.56,202.5 1 59
github.com/mrz1836/go-pre-commit/internal/checks/builtin/whitespace.go:205.4,205.59 1 67
github.com/mrz1836/go-pre-commit/internal/checks/builtin/whitespace.go:205.59,207.5 1 58
github.com/mrz1836/go-pre-commit/internal/checks/builtin/whitespace.go:210.3,210.63 1 77
github.com/mrz1836/go-pre-commit/internal/checks/builtin/whitespace.go:210.63,212.4 1 1
github.com/mrz1836/go-pre-commit/internal/checks/builtin/whitespace.go:215.2,215.22 1 102
github.com/mrz1836/go-pre-commit/internal/checks/builtin/whitespace.go:219.81,220.21 1 3
github.com/mrz1836/go-pre-commit/internal/checks/builtin/whitespace.go:220.21,222.3 1 0
github.com/mrz1836/go-pre-commit/internal/checks/builtin/whitespace.go:225.2,229.49 3 3
github.com/mrz1836/go-pre-commit/internal/checks/builtin/whitespace.go:229.49,233.3 2 3
github.com/mrz1836/go-pre-commit/internal/checks/builtin/whitespace.go:236.2,236.53 1 3
github.com/mrz1836/go-pre-commit/internal/checks/builtin/whitespace.go:236.53,238.3 1 1
github.com/mrz1836/go-pre-commit/internal/checks/builtin/whitespace.go:240.2,240.12 1 2
github.com/mrz1836/go-pre-commit/internal/checks/builtin/whitespace.go:244.39,298.25 3 121
github.com/mrz1836/go-pre-commit/internal/checks/builtin/whitespace.go:298.25,300.3 1 57
github.com/mrz1836/go-pre-commit/internal/checks/builtin/whitespace.go:303.2,322.24 3 64
github.com/mrz1836/go-pre-commit/internal/envfile/envfile.go:24.34,26.2 1 4
github.com/mrz1836/go-pre-commit/internal/envfile/envfile.go:30.38,32.2 1 19
github.com/mrz1836/go-pre-commit/internal/envfile/envfile.go:37.52,39.16 2 11
github.com/mrz1836/go-pre-commit/internal/envfile/envfile.go:39.16,41.3 1 1
github.com/mrz1836/go-pre-commit/internal/envfile/envfile.go:42.2,42.19 1 10
github.com/mrz1836/go-pre-commit/internal/envfile/envfile.go:42.19,44.3 1 0
github.com/mrz1836/go-pre-commit/internal/envfile/envfile.go:46.2,47.16 2 10
github.com/mrz1836/go-pre-commit/internal/envfile/envfile.go:47.16,49.3 1 0
github.com/mrz1836/go-pre-commit/internal/envfile/envfile.go:51.2,54.34 3 10
github.com/mrz1836/go-pre-commit/internal/envfile/envfile.go:54.34,55.60 1 19
github.com/mrz1836/go-pre-commit/internal/envfile/envfile.go:55.60,56.12 1 2
github.com/mrz1836/go-pre-commit/internal/envfile/envfile.go:58.3,58.43 1 17
github.com/mrz1836/go-pre-commit/internal/envfile/envfile.go:58.43,60.4 1 0
github.com/mrz1836/go-pre-commit/internal/envfile/envfile.go:61.3,61.11 1 17
github.com/mrz1836/go-pre-commit/internal/envfile/envfile.go:64.2,64.17 1 10
github.com/mrz1836/go-pre-commit/internal/envfile/envfile.go:64.17,66.3 1 1
github.com/mrz1836/go-pre-commit/internal/envfile/envfile.go:68.2,68.12 1 9
github.com/mrz1836/go-pre-commit/internal/envfile/envfile.go:73.53,76.16 2 23
github.com/mrz1836/go-pre-commit/internal/envfile/envfile.go:76.16,78.3 1 1
github.com/mrz1836/go-pre-commit/internal/envfile/envfile.go:81.2,84.33 2 22
github.com/mrz1836/go-pre-commit/internal/envfile/envfile.go:84.33,86.40 1 31
github.com/mrz1836/go-pre-commit/internal/envfile/envfile.go:86.40,87.12 1 1
github.com/mrz1836/go-pre-commit/internal/envfile/envfile.go:89.3,89.47 1 30
github.com/mrz1836/go-pre-commit/internal/envfile/envfile.go:89.47,91.4 1 0
github.com/mrz1836/go-pre-commit/internal/envfile/envfile.go:94.2,94.12 1 22
github.com/mrz1836/go-pre-commit/internal/envfile/envfile.go:105.46,111.35 3 61
github.com/mrz1836/go-pre-commit/internal/envfile/envfile.go:111.35,116.17 2 168
github.com/mrz1836/go-pre-commit/internal/envfile/envfile.go:116.17,117.12 1 54
github.com/mrz1836/go-pre-commit/internal/envfile/envfile.go:121.3,121.35 1 114
github.com/mrz1836/go-pre-commit/internal/envfile/envfile.go:121.35,122.12 1 15
github.com/mrz1836/go-pre-commit/internal/envfile/envfile.go:126.3,127.20 2 99
github.com/mrz1836/go-pre-commit/internal/envfile/envfile.go:127.20,129.12 1 4
github.com/mrz1836/go-pre-commit/internal/envfile/envfile.go:133.3,134.16 2 95
github.com/mrz1836/go-pre-commit/internal/envfile/envfile.go:134.16,136.12 1 6
github.com/mrz1836/go-pre-commit/internal/envfile/envfile.go:140.3,141.28 2 89
github.com/mrz1836/go-pre-commit/internal/envfile/envfile.go:141.28,143.4 1 86
github.com/mrz1836/go-pre-commit/internal/envfile/envfile.go:146.3,152.14 3 89
github.com/mrz1836/go-pre-commit/internal/envfile/envfile.go:155.2,155.15 1 61
github.com/mrz1836/go-pre-commit/internal/envfile/envfile.go:162.40,167.21 2 116
github.com/mrz1836/go-pre-commit/internal/envfile/envfile.go:167.21,169.71 1 109
github.com/mrz1836/go-pre-commit/internal/envfile/envfile.go:169.71,172.4 1 11
github.com/mrz1836/go-pre-commit/internal/envfile/envfile.go:174.3,174.69 1 98
github.com/mrz1836/go-pre-commit/internal/envfile/envfile.go:174.69,177.4 1 6
github.com/mrz1836/go-pre-commit/internal/envfile/envfile.go:182.2,182.50 1 99
github.com/mrz1836/go-pre-commit/internal/envfile/envfile.go:182.50,184.3 1 12
github.com/mrz1836/go-pre-commit/internal/envfile/envfile.go:184.8,184.58 1 87
github.com/mrz1836/go-pre-commit/internal/envfile/envfile.go:184.58,186.3 1 0
github.com/mrz1836/go-pre-commit/internal/envfile/envfile.go:189.2,191.14 2 99
github.com/mrz1836/go-pre-commit/internal/envfile/envfile.go:196.32,198.79 1 234
github.com/mrz1836/go-pre-commit/internal/envfile/envfile.go:198.79,200.3 1 33
github.com/mrz1836/go-pre-commit/internal/envfile/envfile.go:203.2,205.44 1 201
github.com/mrz1836/go-pre-commit/internal/config/config.go:118.30,120.42 1 27
github.com/mrz1836/go-pre-commit/internal/config/config.go:120.42,121.57 1 6
github.com/mrz1836/go-pre-commit/internal/config/config.go:121.57,123.4 1 0
github.com/mrz1836/go-pre-commit/internal/config/config.go:124.8,127.17 2 21
github.com/mrz1836/go-pre-commit/internal/config/config.go:127.17,129.4 1 2
github.com/mrz1836/go-pre-commit/internal/config/config.go:130.3,130.56 1 19
github.com/mrz1836/go-pre-commit/internal/config/config.go:130.56,132.4 1 1
github.com/mrz1836/go-pre-commit/internal/config/config.go:133.3,134.23 2 18
github.com/mrz1836/go-pre-commit/internal/config/config.go:134.23,135.71 1 1
github.com/mrz1836/go-pre-commit/internal/config/config.go:135.71,137.5 1 0
github.com/mrz1836/go-pre-commit/internal/config/config.go:141.2,196.20 40 24
github.com/mrz1836/go-pre-commit/internal/config/config.go:196.20,198.42 2 24
github.com/mrz1836/go-pre-commit/internal/config/config.go:198.42,200.4 1 72
github.com/mrz1836/go-pre-commit/internal/config/config.go:204.2,217.62 6 24
github.com/mrz1836/go-pre-commit/internal/config/config.go:217.62,219.3 1 3
github.com/mrz1836/go-pre-commit/internal/config/config.go:222.2,227.39 4 24
github.com/mrz1836/go-pre-commit/internal/config/config.go:227.39,229.3 1 0
github.com/mrz1836/go-pre-commit/internal/config/config.go:231.2,231.17 1 24
github.com/mrz1836/go-pre-commit/internal/config/config.go:235.35,239.20 2 37
github.com/mrz1836/go-pre-commit/internal/config/config.go:239.20,241.3 1 1
github.com/mrz1836/go-pre-commit/internal/config/config.go:243.2,243.37 1 37
github.com/mrz1836/go-pre-commit/internal/config/config.go:243.37,245.3 1 9
github.com/mrz1836/go-pre-commit/internal/config/config.go:247.2,247.30 1 37
github.com/mrz1836/go-pre-commit/internal/config/config.go:247.30,249.3 1 9
github.com/mrz1836/go-pre-commit/internal/config/config.go:251.2,251.32 1 37
github.com/mrz1836/go-pre-commit/internal/config/config.go:251.32,253.3 1 9
github.com/mrz1836/go-pre-commit/internal/config/config.go:255.2,255.31 1 37
github.com/mrz1836/go-pre-commit/internal/config/config.go:255.31,257.3 1 8
github.com/mrz1836/go-pre-commit/internal/config/config.go:259.2,259.34 1 37
github.com/mrz1836/go-pre-commit/internal/config/config.go:259.34,261.3 1 8
github.com/mrz1836/go-pre-commit/internal/config/config.go:263.2,263.37 1 37
github.com/mrz1836/go-pre-commit/internal/config/config.go:263.37,265.3 1 8
github.com/mrz1836/go-pre-commit/internal/config/config.go:267.2,267.30 1 37
github.com/mrz1836/go-pre-commit/internal/config/config.go:267.30,269.3 1 8
github.com/mrz1836/go-pre-commit/internal/config/config.go:271.2,271.38 1 37
github.com/mrz1836/go-pre-commit/internal/config/config.go:271.38,273.3 1 8
github.com/mrz1836/go-pre-commit/internal/config/config.go:275.2,275.35 1 37
github.com/mrz1836/go-pre-commit/internal/config/config.go:275.35,277.3 1 12
github.com/mrz1836/go-pre-commit/internal/config/config.go:280.2,280.24 1 37
github.com/mrz1836/go-pre-commit/internal/config/config.go:280.24,282.3 1 1
github.com/mrz1836/go-pre-commit/internal/config/config.go:284.2,284.25 1 37
github.com/mrz1836/go-pre-commit/internal/config/config.go:284.25,286.3 1 1
github.com/mrz1836/go-pre-commit/internal/config/config.go:289.2,289.39 1 37
github.com/mrz1836/go-pre-commit/internal/config/config.go:289.39,291.3 1 1
github.com/mrz1836/go-pre-commit/internal/config/config.go:294.2,301.50 2 37
github.com/mrz1836/go-pre-commit/internal/config/config.go:301.50,303.3 1 4
github.com/mrz1836/go-pre-commit/internal/config/config.go:308.2,308.68 1 37
github.com/mrz1836/go-pre-commit/internal/config/config.go:308.68,309.44 1 7
github.com/mrz1836/go-pre-commit/internal/config/config.go:309.44,311.4 1 1
github.com/mrz1836/go-pre-commit/internal/config/config.go:314.2,314.82 1 37
github.com/mrz1836/go-pre-commit/internal/config/config.go:314.82,315.51 1 7
github.com/mrz1836/go-pre-commit/internal/config/config.go:315.51,317.4 1 1
github.com/mrz1836/go-pre-commit/internal/config/config.go:321.2,321.48 1 37
github.com/mrz1836/go-pre-commit/internal/config/config.go:321.48,322.39 1 76
github.com/mrz1836/go-pre-commit/internal/config/config.go:322.39,324.4 1 2
github.com/mrz1836/go-pre-commit/internal/config/config.go:327.2,327.21 1 37
github.com/mrz1836/go-pre-commit/internal/config/config.go:327.21,331.3 1 12
github.com/mrz1836/go-pre-commit/internal/config/config.go:333.2,333.12 1 25
github.com/mrz1836/go-pre-commit/internal/config/config.go:339.40,340.64 1 6
github.com/mrz1836/go-pre-commit/internal/config/config.go:340.64,342.3 1 3
github.com/mrz1836/go-pre-commit/internal/config/config.go:343.2,343.41 1 3
github.com/mrz1836/go-pre-commit/internal/config/config.go:352.42,354.2 1 1
github.com/mrz1836/go-pre-commit/internal/config/config.go:357.42,359.57 1 37
github.com/mrz1836/go-pre-commit/internal/config/config.go:359.57,363.22 3 28
github.com/mrz1836/go-pre-commit/internal/config/config.go:363.22,365.4 1 26
github.com/mrz1836/go-pre-commit/internal/config/config.go:367.2,367.14 1 11
github.com/mrz1836/go-pre-commit/internal/config/config.go:371.29,462.2 1 1
github.com/mrz1836/go-pre-commit/internal/config/config.go:465.40,467.86 1 23
github.com/mrz1836/go-pre-commit/internal/config/config.go:467.86,469.45 2 0
github.com/mrz1836/go-pre-commit/internal/config/config.go:469.45,471.4 1 0
github.com/mrz1836/go-pre-commit/internal/config/config.go:473.3,473.41 1 0
github.com/mrz1836/go-pre-commit/internal/config/config.go:477.2,477.56 1 23
github.com/mrz1836/go-pre-commit/internal/config/config.go:477.56,479.3 1 16
github.com/mrz1836/go-pre-commit/internal/config/config.go:482.2,483.16 2 7
github.com/mrz1836/go-pre-commit/internal/config/config.go:483.16,485.3 1 0
github.com/mrz1836/go-pre-commit/internal/config/config.go:487.2,487.6 1 7
github.com/mrz1836/go-pre-commit/internal/config/config.go:487.6,489.45 2 24
github.com/mrz1836/go-pre-commit/internal/config/config.go:489.45,491.4 1 4
github.com/mrz1836/go-pre-commit/internal/config/config.go:493.3,494.20 2 20
github.com/mrz1836/go-pre-commit/internal/config/config.go:494.20,496.9 1 3
github.com/mrz1836/go-pre-commit/internal/config/config.go:498.3,498.15 1 17
github.com/mrz1836/go-pre-commit/internal/config/config.go:501.2,501.40 1 3
github.com/mrz1836/go-pre-commit/internal/config/config.go:505.48,508.47 3 18
github.com/mrz1836/go-pre-commit/internal/config/config.go:508.47,510.3 1 1
github.com/mrz1836/go-pre-commit/internal/config/config.go:511.2,511.11 1 17
github.com/mrz1836/go-pre-commit/internal/config/config.go:517.26,519.86 1 27
github.com/mrz1836/go-pre-commit/internal/config/config.go:519.86,521.26 2 0
github.com/mrz1836/go-pre-commit/internal/config/config.go:521.26,523.4 1 0
github.com/mrz1836/go-pre-commit/internal/config/config.go:524.3,524.12 1 0
github.com/mrz1836/go-pre-commit/internal/config/config.go:528.2,528.32 1 27
github.com/mrz1836/go-pre-commit/internal/config/config.go:528.32,530.3 1 5
github.com/mrz1836/go-pre-commit/internal/config/config.go:533.2,534.16 2 22
github.com/mrz1836/go-pre-commit/internal/config/config.go:534.16,536.3 1 0
github.com/mrz1836/go-pre-commit/internal/config/config.go:538.2,538.6 1 22
github.com/mrz1836/go-pre-commit/internal/config/config.go:538.6,540.26 2 89
github.com/mrz1836/go-pre-commit/internal/config/config.go:540.26,542.4 1 1
github.com/mrz1836/go-pre-commit/internal/config/config.go:544.3,545.20 2 88
github.com/mrz1836/go-pre-commit/internal/config/config.go:545.20,546.9 1 21
github.com/mrz1836/go-pre-commit/internal/config/config.go:548.3,548.15 1 67
github.com/mrz1836/go-pre-commit/internal/config/config.go:551.2,551.11 1 21
github.com/mrz1836/go-pre-commit/internal/config/config.go:555.39,557.33 2 116
github.com/mrz1836/go-pre-commit/internal/config/config.go:557.33,559.3 1 110
github.com/mrz1836/go-pre-commit/internal/config/config.go:560.2,561.16 2 6
github.com/mrz1836/go-pre-commit/internal/config/config.go:561.16,563.3 1 0
github.com/mrz1836/go-pre-commit/internal/config/config.go:564.2,564.25 1 6
github.com/mrz1836/go-pre-commit/internal/config/config.go:568.18,570.2 1 6
github.com/mrz1836/go-pre-commit/internal/config/config.go:573.53,575.15 2 539
github.com/mrz1836/go-pre-commit/internal/config/config.go:575.15,577.3 1 123
github.com/mrz1836/go-pre-commit/internal/config/config.go:578.2,579.16 2 416
github.com/mrz1836/go-pre-commit/internal/config/config.go:579.16,581.3 1 11
github.com/mrz1836/go-pre-commit/internal/config/config.go:582.2,582.10 1 405
github.com/mrz1836/go-pre-commit/internal/config/config.go:586.43,603.39 2 44
github.com/mrz1836/go-pre-commit/internal/config/config.go:603.39,604.30 1 451
github.com/mrz1836/go-pre-commit/internal/config/config.go:604.30,606.4 1 16
github.com/mrz1836/go-pre-commit/internal/config/config.go:610.2,610.27 1 28
github.com/mrz1836/go-pre-commit/internal/config/config.go:610.27,612.3 1 6
github.com/mrz1836/go-pre-commit/internal/config/config.go:614.2,614.18 1 22
github.com/mrz1836/go-pre-commit/internal/config/config.go:618.45,620.41 1 5
github.com/mrz1836/go-pre-commit/internal/config/config.go:620.41,622.3 1 4
github.com/mrz1836/go-pre-commit/internal/config/config.go:625.2,625.24 1 5
github.com/mrz1836/go-pre-commit/internal/config/config.go:625.24,627.3 1 4
github.com/mrz1836/go-pre-commit/internal/config/config.go:630.2,630.35 1 5
github.com/mrz1836/go-pre-commit/internal/config/config.go:630.35,632.3 1 4
github.com/mrz1836/go-pre-commit/internal/config/config.go:635.2,635.62 1 5
github.com/mrz1836/go-pre-commit/internal/config/config.go:635.62,636.29 1 35
github.com/mrz1836/go-pre-commit/internal/config/config.go:636.29,638.4 1 33
github.com/mrz1836/go-pre-commit/internal/config/config.go:641.2,647.55 7 5
github.com/mrz1836/go-pre-commit/internal/config/config.go:650.50,652.15 2 391
github.com/mrz1836/go-pre-commit/internal/config/config.go:652.15,654.3 1 194
[...]
github.com/mrz1836/go-pre-commit/internal/checks/gotools/gitleaks.go:256.29,258.17 2 13
github.com/mrz1836/go-pre-commit/internal/checks/gotools/gitleaks.go:258.17,259.12 1 2
github.com/mrz1836/go-pre-commit/internal/checks/gotools/gitleaks.go:264.3,265.71 1 11
github.com/mrz1836/go-pre-commit/internal/checks/gotools/gitleaks.go:265.71,266.62 1 10
github.com/mrz1836/go-pre-commit/internal/checks/gotools/gitleaks.go:266.62,268.5 1 1
github.com/mrz1836/go-pre-commit/internal/checks/gotools/gitleaks.go:269.4,271.42 3 10
github.com/mrz1836/go-pre-commit/internal/checks/gotools/gitleaks.go:271.42,273.5 1 3
github.com/mrz1836/go-pre-commit/internal/checks/gotools/gitleaks.go:278.2,278.22 1 4
github.com/mrz1836/go-pre-commit/internal/checks/gotools/gitleaks.go:278.22,281.3 2 2
github.com/mrz1836/go-pre-commit/internal/checks/gotools/gitleaks.go:284.2,284.15 1 2
github.com/mrz1836/go-pre-commit/internal/checks/gotools/gitleaks.go:289.97,293.40 3 3
github.com/mrz1836/go-pre-commit/internal/checks/gotools/gitleaks.go:293.40,295.3 1 2
github.com/mrz1836/go-pre-commit/internal/checks/gotools/gitleaks.go:298.2,301.16 4 1
github.com/mrz1836/go-pre-commit/internal/checks/gotools/gitleaks.go:301.16,303.3 1 0
github.com/mrz1836/go-pre-commit/internal/checks/gotools/gitleaks.go:304.2,311.43 4 1
github.com/mrz1836/go-pre-commit/internal/checks/gotools/gitleaks.go:311.43,315.17 4 3
github.com/mrz1836/go-pre-commit/internal/checks/gotools/gitleaks.go:315.17,317.9 2 0
github.com/mrz1836/go-pre-commit/internal/checks/gotools/gitleaks.go:321.2,321.22 1 1
github.com/mrz1836/go-pre-commit/internal/checks/gotools/gitleaks.go:321.22,323.3 1 1
github.com/mrz1836/go-pre-commit/internal/checks/gotools/gitleaks.go:327.2,328.21 2 0
github.com/mrz1836/go-pre-commit/internal/checks/gotools/lint.go:30.32,36.2 1 11
github.com/mrz1836/go-pre-commit/internal/checks/gotools/lint.go:39.74,45.2 1 32
github.com/mrz1836/go-pre-commit/internal/checks/gotools/lint.go:48.110,54.2 1 7
github.com/mrz1836/go-pre-commit/internal/checks/gotools/lint.go:57.35,59.2 1 1
github.com/mrz1836/go-pre-commit/internal/checks/gotools/lint.go:62.42,64.2 1 1
github.com/mrz1836/go-pre-commit/internal/checks/gotools/lint.go:67.44,78.2 1 8
github.com/mrz1836/go-pre-commit/internal/checks/gotools/lint.go:81.68,83.21 1 25
github.com/mrz1836/go-pre-commit/internal/checks/gotools/lint.go:83.21,85.3 1 2
github.com/mrz1836/go-pre-commit/internal/checks/gotools/lint.go:88.2,88.69 1 23
github.com/mrz1836/go-pre-commit/internal/checks/gotools/lint.go:88.69,90.35 2 0
github.com/mrz1836/go-pre-commit/internal/checks/gotools/lint.go:90.35,92.4 1 0
github.com/mrz1836/go-pre-commit/internal/checks/gotools/lint.go:97.2,97.36 1 23
github.com/mrz1836/go-pre-commit/internal/checks/gotools/lint.go:101.58,103.29 2 2
github.com/mrz1836/go-pre-commit/internal/checks/gotools/lint.go:103.29,104.37 1 9
github.com/mrz1836/go-pre-commit/internal/checks/gotools/lint.go:104.37,106.4 1 4
github.com/mrz1836/go-pre-commit/internal/checks/gotools/lint.go:108.2,108.17 1 2
github.com/mrz1836/go-pre-commit/internal/checks/gotools/lint.go:112.78,116.16 2 37
github.com/mrz1836/go-pre-commit/internal/checks/gotools/lint.go:116.16,118.3 1 4
github.com/mrz1836/go-pre-commit/internal/checks/gotools/lint.go:121.2,122.29 2 33
github.com/mrz1836/go-pre-commit/internal/checks/gotools/lint.go:122.29,125.3 2 85
github.com/mrz1836/go-pre-commit/internal/checks/gotools/lint.go:128.2,128.26 1 33
github.com/mrz1836/go-pre-commit/internal/checks/gotools/lint.go:128.26,130.3 1 12
github.com/mrz1836/go-pre-commit/internal/checks/gotools/lint.go:134.2,138.30 4 21
github.com/mrz1836/go-pre-commit/internal/checks/gotools/lint.go:138.30,141.17 2 69
github.com/mrz1836/go-pre-commit/internal/checks/gotools/lint.go:141.17,144.87 2 16
github.com/mrz1836/go-pre-commit/internal/checks/gotools/lint.go:144.87,147.5 2 0
github.com/mrz1836/go-pre-commit/internal/checks/gotools/lint.go:147.10,150.5 2 16
github.com/mrz1836/go-pre-commit/internal/checks/gotools/lint.go:155.2,155.24 1 21
github.com/mrz1836/go-pre-commit/internal/checks/gotools/lint.go:155.24,158.42 2 9
github.com/mrz1836/go-pre-commit/internal/checks/gotools/lint.go:158.42,167.4 1 0
github.com/mrz1836/go-pre-commit/internal/checks/gotools/lint.go:170.3,174.4 1 9
github.com/mrz1836/go-pre-commit/internal/checks/gotools/lint.go:177.2,177.12 1 12
github.com/mrz1836/go-pre-commit/internal/checks/gotools/lint.go:182.96,187.2 2 13
github.com/mrz1836/go-pre-commit/internal/checks/gotools/lint.go:190.89,195.26 2 83
github.com/mrz1836/go-pre-commit/internal/checks/gotools/lint.go:195.26,197.3 1 0
github.com/mrz1836/go-pre-commit/internal/checks/gotools/lint.go:200.2,205.27 4 83
github.com/mrz1836/go-pre-commit/internal/checks/gotools/lint.go:205.27,210.3 2 7
github.com/mrz1836/go-pre-commit/internal/checks/gotools/lint.go:210.8,213.49 2 76
github.com/mrz1836/go-pre-commit/internal/checks/gotools/lint.go:213.49,216.18 2 14
github.com/mrz1836/go-pre-commit/internal/checks/gotools/lint.go:216.18,219.5 2 14
github.com/mrz1836/go-pre-commit/internal/checks/gotools/lint.go:220.9,220.30 1 62
github.com/mrz1836/go-pre-commit/internal/checks/gotools/lint.go:220.30,222.23 1 61
github.com/mrz1836/go-pre-commit/internal/checks/gotools/lint.go:222.23,225.34 3 0
github.com/mrz1836/go-pre-commit/internal/checks/gotools/lint.go:225.34,227.6 1 0
github.com/mrz1836/go-pre-commit/internal/checks/gotools/lint.go:227.11,229.6 1 0
github.com/mrz1836/go-pre-commit/internal/checks/gotools/lint.go:232.5,232.36 1 0
github.com/mrz1836/go-pre-commit/internal/checks/gotools/lint.go:232.36,235.57 3 0
github.com/mrz1836/go-pre-commit/internal/checks/gotools/lint.go:235.57,238.7 1 0
github.com/mrz1836/go-pre-commit/internal/checks/gotools/lint.go:238.12,241.7 1 0
github.com/mrz1836/go-pre-commit/internal/checks/gotools/lint.go:242.11,245.6 1 0
github.com/mrz1836/go-pre-commit/internal/checks/gotools/lint.go:246.10,250.5 1 61
github.com/mrz1836/go-pre-commit/internal/checks/gotools/lint.go:256.2,256.68 1 22
github.com/mrz1836/go-pre-commit/internal/checks/gotools/lint.go:256.68,261.3 1 22
github.com/mrz1836/go-pre-commit/internal/checks/gotools/lint.go:264.2,276.34 9 0
github.com/mrz1836/go-pre-commit/internal/checks/gotools/lint.go:276.34,280.53 2 0
github.com/mrz1836/go-pre-commit/internal/checks/gotools/lint.go:280.53,286.4 1 0
github.com/mrz1836/go-pre-commit/internal/checks/gotools/lint.go:289.3,289.73 1 0
github.com/mrz1836/go-pre-commit/internal/checks/gotools/lint.go:289.73,291.4 1 0
github.com/mrz1836/go-pre-commit/internal/checks/gotools/lint.go:294.3,294.118 1 0
github.com/mrz1836/go-pre-commit/internal/checks/gotools/lint.go:294.118,300.4 1 0
github.com/mrz1836/go-pre-commit/internal/checks/gotools/lint.go:303.3,303.72 1 0
github.com/mrz1836/go-pre-commit/internal/checks/gotools/lint.go:303.72,315.4 2 0
github.com/mrz1836/go-pre-commit/internal/checks/gotools/lint.go:318.3,322.4 1 0
github.com/mrz1836/go-pre-commit/internal/checks/gotools/lint.go:325.2,325.12 1 0
github.com/mrz1836/go-pre-commit/internal/checks/gotools/lint.go:329.114,333.16 3 0
github.com/mrz1836/go-pre-commit/internal/checks/gotools/lint.go:333.16,339.3 1 0
github.com/mrz1836/go-pre-commit/internal/checks/gotools/lint.go:342.2,343.25 2 0
github.com/mrz1836/go-pre-commit/internal/checks/gotools/lint.go:343.25,349.3 1 0
github.com/mrz1836/go-pre-commit/internal/checks/gotools/lint.go:352.2,363.39 9 0
github.com/mrz1836/go-pre-commit/internal/checks/gotools/lint.go:363.39,366.3 1 0
github.com/mrz1836/go-pre-commit/internal/checks/gotools/lint.go:369.2,372.81 2 0
github.com/mrz1836/go-pre-commit/internal/checks/gotools/lint.go:372.81,381.3 2 0
github.com/mrz1836/go-pre-commit/internal/checks/gotools/lint.go:383.2,388.3 1 0
github.com/mrz1836/go-pre-commit/internal/checks/gotools/lint.go:393.45,401.29 5 6
github.com/mrz1836/go-pre-commit/internal/checks/gotools/lint.go:401.29,403.17 2 17
github.com/mrz1836/go-pre-commit/internal/checks/gotools/lint.go:403.17,404.12 1 2
github.com/mrz1836/go-pre-commit/internal/checks/gotools/lint.go:409.3,409.68 1 15
github.com/mrz1836/go-pre-commit/internal/checks/gotools/lint.go:409.68,414.30 2 9
github.com/mrz1836/go-pre-commit/internal/checks/gotools/lint.go:414.30,416.23 2 7
github.com/mrz1836/go-pre-commit/internal/checks/gotools/lint.go:416.23,418.6 1 3
github.com/mrz1836/go-pre-commit/internal/checks/gotools/lint.go:419.5,420.17 2 7
github.com/mrz1836/go-pre-commit/internal/checks/gotools/lint.go:426.2,426.20 1 6
github.com/mrz1836/go-pre-commit/internal/checks/gotools/lint.go:426.20,429.3 2 4
github.com/mrz1836/go-pre-commit/internal/checks/gotools/lint.go:432.2,432.15 1 2
github.com/mrz1836/go-pre-commit/internal/checks/gotools/lint.go:437.39,441.2 2 14
github.com/mrz1836/go-pre-commit/internal/checks/gotools/lint.go:444.47,447.29 2 1
github.com/mrz1836/go-pre-commit/internal/checks/gotools/lint.go:447.29,449.17 2 3
github.com/mrz1836/go-pre-commit/internal/checks/gotools/lint.go:449.17,450.12 1 0
github.com/mrz1836/go-pre-commit/internal/checks/gotools/lint.go:453.3,456.20 3 3
github.com/mrz1836/go-pre-commit/internal/checks/gotools/lint.go:456.20,458.4 1 0
github.com/mrz1836/go-pre-commit/internal/checks/gotools/lint.go:460.3,460.33 1 3
github.com/mrz1836/go-pre-commit/internal/checks/gotools/lint.go:460.33,464.46 2 30
github.com/mrz1836/go-pre-commit/internal/checks/gotools/lint.go:464.46,466.30 2 2
github.com/mrz1836/go-pre-commit/internal/checks/gotools/lint.go:466.30,468.6 1 2
github.com/mrz1836/go-pre-commit/internal/checks/gotools/lint.go:471.4,471.45 1 30
github.com/mrz1836/go-pre-commit/internal/checks/gotools/lint.go:471.45,473.30 2 1
github.com/mrz1836/go-pre-commit/internal/checks/gotools/lint.go:473.30,475.6 1 1
github.com/mrz1836/go-pre-commit/internal/checks/gotools/lint.go:481.2,482.26 2 1
github.com/mrz1836/go-pre-commit/internal/checks/gotools/lint.go:482.26,484.88 1 3
github.com/mrz1836/go-pre-commit/internal/checks/gotools/lint.go:484.88,486.4 1 3
github.com/mrz1836/go-pre-commit/internal/checks/gotools/lint.go:488.2,488.13 1 1
github.com/mrz1836/go-pre-commit/internal/checks/gotools/lint.go:492.54,498.60 3 2
github.com/mrz1836/go-pre-commit/internal/checks/gotools/lint.go:498.60,500.3 1 15
github.com/mrz1836/go-pre-commit/internal/checks/gotools/lint.go:502.2,502.29 1 2
github.com/mrz1836/go-pre-commit/internal/checks/gotools/lint.go:502.29,504.49 2 2
github.com/mrz1836/go-pre-commit/internal/checks/gotools/lint.go:504.49,506.4 1 2
github.com/mrz1836/go-pre-commit/internal/checks/gotools/lint.go:509.2,509.13 1 2
github.com/mrz1836/go-pre-commit/internal/checks/gotools/lint.go:513.60,519.60 3 1
github.com/mrz1836/go-pre-commit/internal/checks/gotools/lint.go:519.60,521.3 1 5
github.com/mrz1836/go-pre-commit/internal/checks/gotools/lint.go:523.2,523.29 1 1
github.com/mrz1836/go-pre-commit/internal/checks/gotools/lint.go:523.29,527.17 3 1
github.com/mrz1836/go-pre-commit/internal/checks/gotools/lint.go:527.17,529.4 1 1
github.com/mrz1836/go-pre-commit/internal/checks/gotools/lint.go:532.2,532.13 1 1
github.com/mrz1836/go-pre-commit/internal/checks/gotools/lint.go:536.34,540.2 3 342
github.com/mrz1836/go-pre-commit/internal/checks/gotools/lint.go:544.58,547.6 2 107
github.com/mrz1836/go-pre-commit/internal/checks/gotools/lint.go:547.6,549.26 1 251
github.com/mrz1836/go-pre-commit/internal/checks/gotools/lint.go:549.26,551.4 1 40
github.com/mrz1836/go-pre-commit/internal/checks/gotools/lint.go:554.3,557.64 2 211
github.com/mrz1836/go-pre-commit/internal/checks/gotools/lint.go:557.64,558.9 1 67
github.com/mrz1836/go-pre-commit/internal/checks/gotools/lint.go:561.3,561.19 1 144
github.com/mrz1836/go-pre-commit/internal/checks/gotools/lint.go:564.2,564.11 1 67
github.com/mrz1836/go-pre-commit/internal/checks/gotools/mod_tidy.go:35.38,41.2 1 18
github.com/mrz1836/go-pre-commit/internal/checks/gotools/mod_tidy.go:44.80,50.2 1 3
github.com/mrz1836/go-pre-commit/internal/checks/gotools/mod_tidy.go:53.116,59.2 1 8
github.com/mrz1836/go-pre-commit/internal/checks/gotools/mod_tidy.go:62.38,64.2 1 1
github.com/mrz1836/go-pre-commit/internal/checks/gotools/mod_tidy.go:67.45,69.2 1 1
github.com/mrz1836/go-pre-commit/internal/checks/gotools/mod_tidy.go:72.47,83.2 1 8
github.com/mrz1836/go-pre-commit/internal/checks/gotools/mod_tidy.go:86.71,88.21 1 21
github.com/mrz1836/go-pre-commit/internal/checks/gotools/mod_tidy.go:88.21,90.3 1 2
github.com/mrz1836/go-pre-commit/internal/checks/gotools/mod_tidy.go:93.2,93.39 1 19
github.com/mrz1836/go-pre-commit/internal/checks/gotools/mod_tidy.go:97.61,101.29 3 4
github.com/mrz1836/go-pre-commit/internal/checks/gotools/mod_tidy.go:101.29,103.124 1 18
github.com/mrz1836/go-pre-commit/internal/checks/gotools/mod_tidy.go:103.124,106.4 2 4
github.com/mrz1836/go-pre-commit/internal/checks/gotools/mod_tidy.go:108.3,108.37 1 18
github.com/mrz1836/go-pre-commit/internal/checks/gotools/mod_tidy.go:108.37,110.4 1 5
github.com/mrz1836/go-pre-commit/internal/checks/gotools/mod_tidy.go:114.2,114.14 1 4
github.com/mrz1836/go-pre-commit/internal/checks/gotools/mod_tidy.go:114.14,116.3 1 2
github.com/mrz1836/go-pre-commit/internal/checks/gotools/mod_tidy.go:121.2,121.16 1 2
github.com/mrz1836/go-pre-commit/internal/checks/gotools/mod_tidy.go:121.16,123.30 2 1
github.com/mrz1836/go-pre-commit/internal/checks/gotools/mod_tidy.go:123.30,124.38 1 4
github.com/mrz1836/go-pre-commit/internal/checks/gotools/mod_tidy.go:124.38,126.5 1 2
github.com/mrz1836/go-pre-commit/internal/checks/gotools/mod_tidy.go:128.3,128.17 1 1
github.com/mrz1836/go-pre-commit/internal/checks/gotools/mod_tidy.go:132.2,132.19 1 1
github.com/mrz1836/go-pre-commit/internal/checks/gotools/mod_tidy.go:136.84,138.16 2 19
github.com/mrz1836/go-pre-commit/internal/checks/gotools/mod_tidy.go:138.16,140.3 1 5
github.com/mrz1836/go-pre-commit/internal/checks/gotools/mod_tidy.go:143.2,144.29 2 14
github.com/mrz1836/go-pre-commit/internal/checks/gotools/mod_tidy.go:144.29,148.23 3 20
github.com/mrz1836/go-pre-commit/internal/checks/gotools/mod_tidy.go:148.23,150.79 1 1
github.com/mrz1836/go-pre-commit/internal/checks/gotools/mod_tidy.go:150.79,152.5 1 1
github.com/mrz1836/go-pre-commit/internal/checks/gotools/mod_tidy.go:154.3,154.23 1 20
github.com/mrz1836/go-pre-commit/internal/checks/gotools/mod_tidy.go:154.23,156.4 1 20
github.com/mrz1836/go-pre-commit/internal/checks/gotools/mod_tidy.go:160.2,160.28 1 14
github.com/mrz1836/go-pre-commit/internal/checks/gotools/mod_tidy.go:160.28,163.22 2 0
github.com/mrz1836/go-pre-commit/internal/checks/gotools/mod_tidy.go:163.22,165.33 2 0
github.com/mrz1836/go-pre-commit/internal/checks/gotools/mod_tidy.go:165.33,167.5 1 0
github.com/mrz1836/go-pre-commit/internal/checks/gotools/mod_tidy.go:167.10,169.5 1 0
github.com/mrz1836/go-pre-commit/internal/checks/gotools/mod_tidy.go:170.9,173.4 1 0
github.com/mrz1836/go-pre-commit/internal/checks/gotools/mod_tidy.go:176.3,176.28 1 0
github.com/mrz1836/go-pre-commit/internal/checks/gotools/mod_tidy.go:176.28,178.4 1 0
github.com/mrz1836/go-pre-commit/internal/checks/gotools/mod_tidy.go:181.3,181.13 1 0
github.com/mrz1836/go-pre-commit/internal/checks/gotools/mod_tidy.go:185.2,186.38 2 14
github.com/mrz1836/go-pre-commit/internal/checks/gotools/mod_tidy.go:186.38,188.17 2 20
github.com/mrz1836/go-pre-commit/internal/checks/gotools/mod_tidy.go:188.17,190.21 2 5
github.com/mrz1836/go-pre-commit/internal/checks/gotools/mod_tidy.go:190.21,192.5 1 0
github.com/mrz1836/go-pre-commit/internal/checks/gotools/mod_tidy.go:195.4,196.58 2 5
github.com/mrz1836/go-pre-commit/internal/checks/gotools/mod_tidy.go:196.58,200.5 2 4
github.com/mrz1836/go-pre-commit/internal/checks/gotools/mod_tidy.go:200.10,203.5 1 1
github.com/mrz1836/go-pre-commit/internal/checks/gotools/mod_tidy.go:208.2,208.24 1 14
github.com/mrz1836/go-pre-commit/internal/checks/gotools/mod_tidy.go:208.24,215.3 2 5
github.com/mrz1836/go-pre-commit/internal/checks/gotools/mod_tidy.go:217.2,217.12 1 9
github.com/mrz1836/go-pre-commit/internal/checks/gotools/mod_tidy.go:221.98,224.19 2 20
github.com/mrz1836/go-pre-commit/internal/checks/gotools/mod_tidy.go:224.19,226.3 1 0
github.com/mrz1836/go-pre-commit/internal/checks/gotools/mod_tidy.go:229.2,230.20 2 20
github.com/mrz1836/go-pre-commit/internal/checks/gotools/mod_tidy.go:230.20,232.58 1 5
github.com/mrz1836/go-pre-commit/internal/checks/gotools/mod_tidy.go:232.58,235.4 1 5
github.com/mrz1836/go-pre-commit/internal/checks/gotools/mod_tidy.go:237.8,240.3 1 15
github.com/mrz1836/go-pre-commit/internal/checks/gotools/mod_tidy.go:244.2,254.34 8 0
github.com/mrz1836/go-pre-commit/internal/checks/gotools/mod_tidy.go:254.34,258.53 2 0
github.com/mrz1836/go-pre-commit/internal/checks/gotools/mod_tidy.go:258.53,264.4 1 0
github.com/mrz1836/go-pre-commit/internal/checks/gotools/mod_tidy.go:266.3,266.49 1 0
github.com/mrz1836/go-pre-commit/internal/checks/gotools/mod_tidy.go:266.49,272.4 1 0
github.com/mrz1836/go-pre-commit/internal/checks/gotools/mod_tidy.go:274.3,274.81 1 0
github.com/mrz1836/go-pre-commit/internal/checks/gotools/mod_tidy.go:274.81,280.4 1 0
github.com/mrz1836/go-pre-commit/internal/checks/gotools/mod_tidy.go:282.3,282.52 1 0
github.com/mrz1836/go-pre-commit/internal/checks/gotools/mod_tidy.go:282.52,288.4 1 0
github.com/mrz1836/go-pre-commit/internal/checks/gotools/mod_tidy.go:290.3,290.44 1 0
github.com/mrz1836/go-pre-commit/internal/checks/gotools/mod_tidy.go:290.44,296.4 1 0
github.com/mrz1836/go-pre-commit/internal/checks/gotools/mod_tidy.go:299.3,303.4 1 0
github.com/mrz1836/go-pre-commit/internal/checks/gotools/mod_tidy.go:307.2,307.60 1 0
github.com/mrz1836/go-pre-commit/internal/checks/gotools/mod_tidy.go:311.96,314.19 2 20
github.com/mrz1836/go-pre-commit/internal/checks/gotools/mod_tidy.go:314.19,316.3 1 0
github.com/mrz1836/go-pre-commit/internal/checks/gotools/mod_tidy.go:319.2,329.34 8 20
github.com/mrz1836/go-pre-commit/internal/checks/gotools/mod_tidy.go:329.34,333.108 2 5
github.com/mrz1836/go-pre-commit/internal/checks/gotools/mod_tidy.go:333.108,336.4 1 0
github.com/mrz1836/go-pre-commit/internal/checks/gotools/mod_tidy.go:339.3,339.53 1 5
github.com/mrz1836/go-pre-commit/internal/checks/gotools/mod_tidy.go:339.53,345.4 1 1
github.com/mrz1836/go-pre-commit/internal/checks/gotools/mod_tidy.go:348.3,348.49 1 4
github.com/mrz1836/go-pre-commit/internal/checks/gotools/mod_tidy.go:348.49,354.4 1 0
github.com/mrz1836/go-pre-commit/internal/checks/gotools/mod_tidy.go:356.3,356.81 1 4
github.com/mrz1836/go-pre-commit/internal/checks/gotools/mod_tidy.go:356.81,362.4 1 0
github.com/mrz1836/go-pre-commit/internal/checks/gotools/mod_tidy.go:366.3,367.23 2 4
github.com/mrz1836/go-pre-commit/internal/checks/gotools/mod_tidy.go:367.23,374.4 1 1
github.com/mrz1836/go-pre-commit/internal/checks/gotools/mod_tidy.go:380.2,380.53 1 18
github.com/mrz1836/go-pre-commit/internal/checks/gotools/mod_tidy.go:380.53,384.30 3 3
github.com/mrz1836/go-pre-commit/internal/checks/gotools/mod_tidy.go:384.30,387.61 2 66
github.com/mrz1836/go-pre-commit/internal/checks/gotools/mod_tidy.go:387.61,388.13 1 12
github.com/mrz1836/go-pre-commit/internal/checks/gotools/mod_tidy.go:390.4,390.43 1 54
github.com/mrz1836/go-pre-commit/internal/checks/gotools/mod_tidy.go:394.3,394.27 1 3
github.com/mrz1836/go-pre-commit/internal/checks/gotools/mod_tidy.go:394.27,401.4 2 3
github.com/mrz1836/go-pre-commit/internal/checks/gotools/mod_tidy.go:404.2,404.12 1 15
github.com/mrz1836/go-pre-commit/internal/checks/gotools/mod_tidy.go:409.103,412.19 2 0
github.com/mrz1836/go-pre-commit/internal/checks/gotools/mod_tidy.go:412.19,414.3 1 0
github.com/mrz1836/go-pre-commit/internal/checks/gotools/mod_tidy.go:417.2,432.40 10 0
github.com/mrz1836/go-pre-commit/internal/checks/gotools/mod_tidy.go:432.40,434.3 1 0
github.com/mrz1836/go-pre-commit/internal/checks/gotools/mod_tidy.go:437.2,437.28 1 0
github.com/mrz1836/go-pre-commit/internal/checks/gotools/mod_tidy.go:437.28,443.3 1 0
github.com/mrz1836/go-pre-commit/internal/checks/gotools/mod_tidy.go:445.2,445.12 1 0
